ARM GAS  C:\Users\dph5ah\AppData\Local\Temp\ccBQV0tk.s 			page 1


   1              		.syntax unified
   2              		.cpu cortex-m3
   3              		.fpu softvfp
   4              		.eabi_attribute 20, 1
   5              		.eabi_attribute 21, 1
   6              		.eabi_attribute 23, 3
   7              		.eabi_attribute 24, 1
   8              		.eabi_attribute 25, 1
   9              		.eabi_attribute 26, 1
  10              		.eabi_attribute 30, 1
  11              		.eabi_attribute 34, 1
  12              		.eabi_attribute 18, 4
  13              		.thumb
  14              		.file	"cymetadata.c"
  15              		.text
  16              	.Ltext0:
  17              		.cfi_sections	.debug_frame
  18              		.global	cy_metadata
  19              		.global	cy_meta_flashprotect
  20              		.global	cy_meta_wonvl
  21              		.global	cy_meta_custnvl
  22              		.global	cy_meta_configecc
  23              		.section	.cyconfigecc,"a",%progbits
  24              		.align	2
  25              		.type	cy_meta_configecc, %object
  26              		.size	cy_meta_configecc, 1936
  27              	cy_meta_configecc:
  28 0000 02       		.byte	2
  29 0001 52       		.byte	82
  30 0002 00       		.byte	0
  31 0003 40       		.byte	64
  32 0004 01       		.byte	1
  33 0005 64       		.byte	100
  34 0006 00       		.byte	0
  35 0007 40       		.byte	64
  36 0008 02       		.byte	2
  37 0009 65       		.byte	101
  38 000a 00       		.byte	0
  39 000b 40       		.byte	64
  40 000c 21       		.byte	33
  41 000d 00       		.byte	0
  42 000e 01       		.byte	1
  43 000f 40       		.byte	64
  44 0010 1B       		.byte	27
  45 0011 01       		.byte	1
  46 0012 01       		.byte	1
  47 0013 40       		.byte	64
  48 0014 20       		.byte	32
  49 0015 02       		.byte	2
  50 0016 01       		.byte	1
  51 0017 40       		.byte	64
  52 0018 2B       		.byte	43
  53 0019 03       		.byte	3
  54 001a 01       		.byte	1
  55 001b 40       		.byte	64
  56 001c 10       		.byte	16
  57 001d 04       		.byte	4
ARM GAS  C:\Users\dph5ah\AppData\Local\Temp\ccBQV0tk.s 			page 2


  58 001e 01       		.byte	1
  59 001f 40       		.byte	64
  60 0020 10       		.byte	16
  61 0021 05       		.byte	5
  62 0022 01       		.byte	1
  63 0023 40       		.byte	64
  64 0024 04       		.byte	4
  65 0025 07       		.byte	7
  66 0026 01       		.byte	1
  67 0027 40       		.byte	64
  68 0028 59       		.byte	89
  69 0029 08       		.byte	8
  70 002a 01       		.byte	1
  71 002b 40       		.byte	64
  72 002c 37       		.byte	55
  73 002d 09       		.byte	9
  74 002e 01       		.byte	1
  75 002f 40       		.byte	64
  76 0030 0C       		.byte	12
  77 0031 0B       		.byte	11
  78 0032 01       		.byte	1
  79 0033 40       		.byte	64
  80 0034 38       		.byte	56
  81 0035 0C       		.byte	12
  82 0036 01       		.byte	1
  83 0037 40       		.byte	64
  84 0038 25       		.byte	37
  85 0039 0D       		.byte	13
  86 003a 01       		.byte	1
  87 003b 40       		.byte	64
  88 003c 03       		.byte	3
  89 003d 0F       		.byte	15
  90 003e 01       		.byte	1
  91 003f 40       		.byte	64
  92 0040 01       		.byte	1
  93 0041 15       		.byte	21
  94 0042 01       		.byte	1
  95 0043 40       		.byte	64
  96 0044 01       		.byte	1
  97 0045 17       		.byte	23
  98 0046 01       		.byte	1
  99 0047 40       		.byte	64
 100 0048 5D       		.byte	93
 101 0049 18       		.byte	24
 102 004a 01       		.byte	1
 103 004b 40       		.byte	64
 104 004c 4F       		.byte	79
 105 004d 19       		.byte	25
 106 004e 01       		.byte	1
 107 004f 40       		.byte	64
 108 0050 6B       		.byte	107
 109 0051 1A       		.byte	26
 110 0052 01       		.byte	1
 111 0053 40       		.byte	64
 112 0054 4B       		.byte	75
 113 0055 1B       		.byte	27
 114 0056 01       		.byte	1
ARM GAS  C:\Users\dph5ah\AppData\Local\Temp\ccBQV0tk.s 			page 3


 115 0057 40       		.byte	64
 116 0058 0B       		.byte	11
 117 0059 40       		.byte	64
 118 005a 01       		.byte	1
 119 005b 40       		.byte	64
 120 005c 23       		.byte	35
 121 005d 41       		.byte	65
 122 005e 01       		.byte	1
 123 005f 40       		.byte	64
 124 0060 0A       		.byte	10
 125 0061 42       		.byte	66
 126 0062 01       		.byte	1
 127 0063 40       		.byte	64
 128 0064 06       		.byte	6
 129 0065 43       		.byte	67
 130 0066 01       		.byte	1
 131 0067 40       		.byte	64
 132 0068 07       		.byte	7
 133 0069 45       		.byte	69
 134 006a 01       		.byte	1
 135 006b 40       		.byte	64
 136 006c 05       		.byte	5
 137 006d 46       		.byte	70
 138 006e 01       		.byte	1
 139 006f 40       		.byte	64
 140 0070 03       		.byte	3
 141 0071 48       		.byte	72
 142 0072 01       		.byte	1
 143 0073 40       		.byte	64
 144 0074 03       		.byte	3
 145 0075 49       		.byte	73
 146 0076 01       		.byte	1
 147 0077 40       		.byte	64
 148 0078 08       		.byte	8
 149 0079 4D       		.byte	77
 150 007a 01       		.byte	1
 151 007b 40       		.byte	64
 152 007c 07       		.byte	7
 153 007d 50       		.byte	80
 154 007e 01       		.byte	1
 155 007f 40       		.byte	64
 156 0080 60       		.byte	96
 157 0081 80       		.byte	-128
 158 0082 61       		.byte	97
 159 0083 80       		.byte	-128
 160 0084 88       		.byte	-120
 161 0085 0F       		.byte	15
 162 0086 89       		.byte	-119
 163 0087 72       		.byte	114
 164 0088 8A       		.byte	-118
 165 0089 3C       		.byte	60
 166 008a 00       		.byte	0
 167 008b 02       		.byte	2
 168 008c 05       		.byte	5
 169 008d 01       		.byte	1
 170 008e 0A       		.byte	10
 171 008f 02       		.byte	2
ARM GAS  C:\Users\dph5ah\AppData\Local\Temp\ccBQV0tk.s 			page 4


 172 0090 0B       		.byte	11
 173 0091 04       		.byte	4
 174 0092 0F       		.byte	15
 175 0093 02       		.byte	2
 176 0094 17       		.byte	23
 177 0095 01       		.byte	1
 178 0096 2A       		.byte	42
 179 0097 01       		.byte	1
 180 0098 31       		.byte	49
 181 0099 01       		.byte	1
 182 009a 32       		.byte	50
 183 009b 02       		.byte	2
 184 009c 33       		.byte	51
 185 009d 02       		.byte	2
 186 009e 34       		.byte	52
 187 009f 01       		.byte	1
 188 00a0 37       		.byte	55
 189 00a1 04       		.byte	4
 190 00a2 58       		.byte	88
 191 00a3 04       		.byte	4
 192 00a4 59       		.byte	89
 193 00a5 04       		.byte	4
 194 00a6 5C       		.byte	92
 195 00a7 11       		.byte	17
 196 00a8 5F       		.byte	95
 197 00a9 01       		.byte	1
 198 00aa 82       		.byte	-126
 199 00ab 08       		.byte	8
 200 00ac 86       		.byte	-122
 201 00ad 03       		.byte	3
 202 00ae 88       		.byte	-120
 203 00af 08       		.byte	8
 204 00b0 8C       		.byte	-116
 205 00b1 01       		.byte	1
 206 00b2 9F       		.byte	-97
 207 00b3 01       		.byte	1
 208 00b4 A2       		.byte	-94
 209 00b5 04       		.byte	4
 210 00b6 AB       		.byte	-85
 211 00b7 02       		.byte	2
 212 00b8 B0       		.byte	-80
 213 00b9 02       		.byte	2
 214 00ba B1       		.byte	-79
 215 00bb 02       		.byte	2
 216 00bc B2       		.byte	-78
 217 00bd 04       		.byte	4
 218 00be B4       		.byte	-76
 219 00bf 01       		.byte	1
 220 00c0 B5       		.byte	-75
 221 00c1 01       		.byte	1
 222 00c2 B6       		.byte	-74
 223 00c3 08       		.byte	8
 224 00c4 D8       		.byte	-40
 225 00c5 04       		.byte	4
 226 00c6 D9       		.byte	-39
 227 00c7 04       		.byte	4
 228 00c8 DC       		.byte	-36
ARM GAS  C:\Users\dph5ah\AppData\Local\Temp\ccBQV0tk.s 			page 5


 229 00c9 11       		.byte	17
 230 00ca DF       		.byte	-33
 231 00cb 01       		.byte	1
 232 00cc 00       		.byte	0
 233 00cd 11       		.byte	17
 234 00ce 04       		.byte	4
 235 00cf 40       		.byte	64
 236 00d0 05       		.byte	5
 237 00d1 04       		.byte	4
 238 00d2 07       		.byte	7
 239 00d3 44       		.byte	68
 240 00d4 12       		.byte	18
 241 00d5 08       		.byte	8
 242 00d6 14       		.byte	20
 243 00d7 40       		.byte	64
 244 00d8 18       		.byte	24
 245 00d9 08       		.byte	8
 246 00da 19       		.byte	25
 247 00db 08       		.byte	8
 248 00dc 1C       		.byte	28
 249 00dd 40       		.byte	64
 250 00de 1D       		.byte	29
 251 00df 04       		.byte	4
 252 00e0 1F       		.byte	31
 253 00e1 50       		.byte	80
 254 00e2 20       		.byte	32
 255 00e3 01       		.byte	1
 256 00e4 22       		.byte	34
 257 00e5 08       		.byte	8
 258 00e6 23       		.byte	35
 259 00e7 40       		.byte	64
 260 00e8 27       		.byte	39
 261 00e9 44       		.byte	68
 262 00ea 2F       		.byte	47
 263 00eb 08       		.byte	8
 264 00ec 32       		.byte	50
 265 00ed 08       		.byte	8
 266 00ee 37       		.byte	55
 267 00ef 40       		.byte	64
 268 00f0 38       		.byte	56
 269 00f1 18       		.byte	24
 270 00f2 39       		.byte	57
 271 00f3 80       		.byte	-128
 272 00f4 84       		.byte	-124
 273 00f5 40       		.byte	64
 274 00f6 C0       		.byte	-64
 275 00f7 FA       		.byte	-6
 276 00f8 C4       		.byte	-60
 277 00f9 12       		.byte	18
 278 00fa CA       		.byte	-54
 279 00fb 20       		.byte	32
 280 00fc CC       		.byte	-52
 281 00fd 12       		.byte	18
 282 00fe CE       		.byte	-50
 283 00ff 0E       		.byte	14
 284 0100 E2       		.byte	-30
 285 0101 82       		.byte	-126
ARM GAS  C:\Users\dph5ah\AppData\Local\Temp\ccBQV0tk.s 			page 6


 286 0102 10       		.byte	16
 287 0103 04       		.byte	4
 288 0104 13       		.byte	19
 289 0105 01       		.byte	1
 290 0106 16       		.byte	22
 291 0107 02       		.byte	2
 292 0108 2A       		.byte	42
 293 0109 05       		.byte	5
 294 010a 30       		.byte	48
 295 010b 01       		.byte	1
 296 010c 32       		.byte	50
 297 010d 04       		.byte	4
 298 010e 33       		.byte	51
 299 010f 01       		.byte	1
 300 0110 36       		.byte	54
 301 0111 02       		.byte	2
 302 0112 58       		.byte	88
 303 0113 04       		.byte	4
 304 0114 59       		.byte	89
 305 0115 04       		.byte	4
 306 0116 5C       		.byte	92
 307 0117 11       		.byte	17
 308 0118 5F       		.byte	95
 309 0119 01       		.byte	1
 310 011a 82       		.byte	-126
 311 011b 01       		.byte	1
 312 011c 84       		.byte	-124
 313 011d 02       		.byte	2
 314 011e 87       		.byte	-121
 315 011f 02       		.byte	2
 316 0120 8E       		.byte	-114
 317 0121 04       		.byte	4
 318 0122 8F       		.byte	-113
 319 0123 04       		.byte	4
 320 0124 90       		.byte	-112
 321 0125 04       		.byte	4
 322 0126 93       		.byte	-109
 323 0127 01       		.byte	1
 324 0128 9E       		.byte	-98
 325 0129 02       		.byte	2
 326 012a 9F       		.byte	-97
 327 012b 08       		.byte	8
 328 012c B0       		.byte	-80
 329 012d 04       		.byte	4
 330 012e B1       		.byte	-79
 331 012f 04       		.byte	4
 332 0130 B2       		.byte	-78
 333 0131 01       		.byte	1
 334 0132 B3       		.byte	-77
 335 0133 02       		.byte	2
 336 0134 B4       		.byte	-76
 337 0135 02       		.byte	2
 338 0136 B5       		.byte	-75
 339 0137 08       		.byte	8
 340 0138 B7       		.byte	-73
 341 0139 01       		.byte	1
 342 013a D8       		.byte	-40
ARM GAS  C:\Users\dph5ah\AppData\Local\Temp\ccBQV0tk.s 			page 7


 343 013b 04       		.byte	4
 344 013c D9       		.byte	-39
 345 013d 04       		.byte	4
 346 013e DC       		.byte	-36
 347 013f 11       		.byte	17
 348 0140 DF       		.byte	-33
 349 0141 01       		.byte	1
 350 0142 00       		.byte	0
 351 0143 02       		.byte	2
 352 0144 02       		.byte	2
 353 0145 22       		.byte	34
 354 0146 09       		.byte	9
 355 0147 80       		.byte	-128
 356 0148 0A       		.byte	10
 357 0149 80       		.byte	-128
 358 014a 0C       		.byte	12
 359 014b 04       		.byte	4
 360 014c 0E       		.byte	14
 361 014d 80       		.byte	-128
 362 014e 17       		.byte	23
 363 014f 20       		.byte	32
 364 0150 18       		.byte	24
 365 0151 10       		.byte	16
 366 0152 1A       		.byte	26
 367 0153 04       		.byte	4
 368 0154 1B       		.byte	27
 369 0155 01       		.byte	1
 370 0156 1D       		.byte	29
 371 0157 C0       		.byte	-64
 372 0158 1E       		.byte	30
 373 0159 A0       		.byte	-96
 374 015a 20       		.byte	32
 375 015b 20       		.byte	32
 376 015c 22       		.byte	34
 377 015d 62       		.byte	98
 378 015e 27       		.byte	39
 379 015f 20       		.byte	32
 380 0160 31       		.byte	49
 381 0161 40       		.byte	64
 382 0162 32       		.byte	50
 383 0163 02       		.byte	2
 384 0164 37       		.byte	55
 385 0165 02       		.byte	2
 386 0166 38       		.byte	56
 387 0167 80       		.byte	-128
 388 0168 3B       		.byte	59
 389 0169 04       		.byte	4
 390 016a 80       		.byte	-128
 391 016b 40       		.byte	64
 392 016c 86       		.byte	-122
 393 016d 04       		.byte	4
 394 016e 87       		.byte	-121
 395 016f 02       		.byte	2
 396 0170 88       		.byte	-120
 397 0171 04       		.byte	4
 398 0172 8B       		.byte	-117
 399 0173 04       		.byte	4
ARM GAS  C:\Users\dph5ah\AppData\Local\Temp\ccBQV0tk.s 			page 8


 400 0174 8D       		.byte	-115
 401 0175 40       		.byte	64
 402 0176 8F       		.byte	-113
 403 0177 08       		.byte	8
 404 0178 94       		.byte	-108
 405 0179 10       		.byte	16
 406 017a 95       		.byte	-107
 407 017b 80       		.byte	-128
 408 017c A7       		.byte	-89
 409 017d 09       		.byte	9
 410 017e AD       		.byte	-83
 411 017f 08       		.byte	8
 412 0180 AF       		.byte	-81
 413 0181 50       		.byte	80
 414 0182 B3       		.byte	-77
 415 0183 41       		.byte	65
 416 0184 C0       		.byte	-64
 417 0185 0D       		.byte	13
 418 0186 C2       		.byte	-62
 419 0187 39       		.byte	57
 420 0188 C4       		.byte	-60
 421 0189 40       		.byte	64
 422 018a CC       		.byte	-52
 423 018b 89       		.byte	-119
 424 018c CE       		.byte	-50
 425 018d 0A       		.byte	10
 426 018e E0       		.byte	-32
 427 018f 10       		.byte	16
 428 0190 E2       		.byte	-30
 429 0191 05       		.byte	5
 430 0192 E4       		.byte	-28
 431 0193 B0       		.byte	-80
 432 0194 E6       		.byte	-26
 433 0195 01       		.byte	1
 434 0196 EA       		.byte	-22
 435 0197 A0       		.byte	-96
 436 0198 26       		.byte	38
 437 0199 01       		.byte	1
 438 019a 32       		.byte	50
 439 019b 01       		.byte	1
 440 019c 58       		.byte	88
 441 019d 04       		.byte	4
 442 019e 5C       		.byte	92
 443 019f 01       		.byte	1
 444 01a0 5F       		.byte	95
 445 01a1 01       		.byte	1
 446 01a2 86       		.byte	-122
 447 01a3 01       		.byte	1
 448 01a4 92       		.byte	-110
 449 01a5 02       		.byte	2
 450 01a6 A5       		.byte	-91
 451 01a7 01       		.byte	1
 452 01a8 AF       		.byte	-81
 453 01a9 01       		.byte	1
 454 01aa B0       		.byte	-80
 455 01ab 01       		.byte	1
 456 01ac B4       		.byte	-76
ARM GAS  C:\Users\dph5ah\AppData\Local\Temp\ccBQV0tk.s 			page 9


 457 01ad 02       		.byte	2
 458 01ae B5       		.byte	-75
 459 01af 01       		.byte	1
 460 01b0 D8       		.byte	-40
 461 01b1 04       		.byte	4
 462 01b2 D9       		.byte	-39
 463 01b3 04       		.byte	4
 464 01b4 DC       		.byte	-36
 465 01b5 11       		.byte	17
 466 01b6 DF       		.byte	-33
 467 01b7 01       		.byte	1
 468 01b8 04       		.byte	4
 469 01b9 04       		.byte	4
 470 01ba 0D       		.byte	13
 471 01bb 02       		.byte	2
 472 01bc 10       		.byte	16
 473 01bd 20       		.byte	32
 474 01be 18       		.byte	24
 475 01bf 10       		.byte	16
 476 01c0 1D       		.byte	29
 477 01c1 02       		.byte	2
 478 01c2 1F       		.byte	31
 479 01c3 22       		.byte	34
 480 01c4 27       		.byte	39
 481 01c5 08       		.byte	8
 482 01c6 2F       		.byte	47
 483 01c7 22       		.byte	34
 484 01c8 A0       		.byte	-96
 485 01c9 20       		.byte	32
 486 01ca A2       		.byte	-94
 487 01cb 10       		.byte	16
 488 01cc A8       		.byte	-88
 489 01cd 20       		.byte	32
 490 01ce B0       		.byte	-80
 491 01cf 11       		.byte	17
 492 01d0 C0       		.byte	-64
 493 01d1 20       		.byte	32
 494 01d2 C2       		.byte	-62
 495 01d3 10       		.byte	16
 496 01d4 C4       		.byte	-60
 497 01d5 04       		.byte	4
 498 01d6 CA       		.byte	-54
 499 01d7 50       		.byte	80
 500 01d8 AE       		.byte	-82
 501 01d9 10       		.byte	16
 502 01da AF       		.byte	-81
 503 01db 08       		.byte	8
 504 01dc B4       		.byte	-76
 505 01dd 14       		.byte	20
 506 01de EC       		.byte	-20
 507 01df 40       		.byte	64
 508 01e0 06       		.byte	6
 509 01e1 09       		.byte	9
 510 01e2 08       		.byte	8
 511 01e3 09       		.byte	9
 512 01e4 0B       		.byte	11
 513 01e5 03       		.byte	3
ARM GAS  C:\Users\dph5ah\AppData\Local\Temp\ccBQV0tk.s 			page 10


 514 01e6 11       		.byte	17
 515 01e7 01       		.byte	1
 516 01e8 16       		.byte	22
 517 01e9 04       		.byte	4
 518 01ea 1A       		.byte	26
 519 01eb 08       		.byte	8
 520 01ec 1E       		.byte	30
 521 01ed 04       		.byte	4
 522 01ee 24       		.byte	36
 523 01ef 09       		.byte	9
 524 01f0 29       		.byte	41
 525 01f1 04       		.byte	4
 526 01f2 2C       		.byte	44
 527 01f3 02       		.byte	2
 528 01f4 2E       		.byte	46
 529 01f5 08       		.byte	8
 530 01f6 30       		.byte	48
 531 01f7 08       		.byte	8
 532 01f8 31       		.byte	49
 533 01f9 02       		.byte	2
 534 01fa 32       		.byte	50
 535 01fb 03       		.byte	3
 536 01fc 33       		.byte	51
 537 01fd 01       		.byte	1
 538 01fe 35       		.byte	53
 539 01ff 04       		.byte	4
 540 0200 36       		.byte	54
 541 0201 04       		.byte	4
 542 0202 38       		.byte	56
 543 0203 08       		.byte	8
 544 0204 3E       		.byte	62
 545 0205 41       		.byte	65
 546 0206 3F       		.byte	63
 547 0207 10       		.byte	16
 548 0208 40       		.byte	64
 549 0209 31       		.byte	49
 550 020a 41       		.byte	65
 551 020b 02       		.byte	2
 552 020c 45       		.byte	69
 553 020d 0C       		.byte	12
 554 020e 46       		.byte	70
 555 020f 0B       		.byte	11
 556 0210 47       		.byte	71
 557 0211 0E       		.byte	14
 558 0212 48       		.byte	72
 559 0213 15       		.byte	21
 560 0214 49       		.byte	73
 561 0215 FF       		.byte	-1
 562 0216 4A       		.byte	74
 563 0217 FF       		.byte	-1
 564 0218 4B       		.byte	75
 565 0219 FF       		.byte	-1
 566 021a 4E       		.byte	78
 567 021b F0       		.byte	-16
 568 021c 4F       		.byte	79
 569 021d 44       		.byte	68
 570 021e 50       		.byte	80
ARM GAS  C:\Users\dph5ah\AppData\Local\Temp\ccBQV0tk.s 			page 11


 571 021f 0C       		.byte	12
 572 0220 54       		.byte	84
 573 0221 01       		.byte	1
 574 0222 58       		.byte	88
 575 0223 04       		.byte	4
 576 0224 59       		.byte	89
 577 0225 04       		.byte	4
 578 0226 5A       		.byte	90
 579 0227 04       		.byte	4
 580 0228 5B       		.byte	91
 581 0229 04       		.byte	4
 582 022a 5C       		.byte	92
 583 022b 10       		.byte	16
 584 022c 5F       		.byte	95
 585 022d 01       		.byte	1
 586 022e 66       		.byte	102
 587 022f C0       		.byte	-64
 588 0230 6A       		.byte	106
 589 0231 40       		.byte	64
 590 0232 6B       		.byte	107
 591 0233 02       		.byte	2
 592 0234 80       		.byte	-128
 593 0235 17       		.byte	23
 594 0236 81       		.byte	-127
 595 0237 05       		.byte	5
 596 0238 83       		.byte	-125
 597 0239 0A       		.byte	10
 598 023a 84       		.byte	-124
 599 023b 01       		.byte	1
 600 023c 85       		.byte	-123
 601 023d 0F       		.byte	15
 602 023e 86       		.byte	-122
 603 023f 16       		.byte	22
 604 0240 88       		.byte	-120
 605 0241 04       		.byte	4
 606 0242 89       		.byte	-119
 607 0243 04       		.byte	4
 608 0244 8A       		.byte	-118
 609 0245 03       		.byte	3
 610 0246 8B       		.byte	-117
 611 0247 01       		.byte	1
 612 0248 8D       		.byte	-115
 613 0249 0C       		.byte	12
 614 024a 8E       		.byte	-114
 615 024b 07       		.byte	7
 616 024c 8F       		.byte	-113
 617 024d 03       		.byte	3
 618 024e 90       		.byte	-112
 619 024f 03       		.byte	3
 620 0250 92       		.byte	-110
 621 0251 04       		.byte	4
 622 0252 93       		.byte	-109
 623 0253 10       		.byte	16
 624 0254 94       		.byte	-108
 625 0255 06       		.byte	6
 626 0256 95       		.byte	-107
 627 0257 05       		.byte	5
ARM GAS  C:\Users\dph5ah\AppData\Local\Temp\ccBQV0tk.s 			page 12


 628 0258 96       		.byte	-106
 629 0259 11       		.byte	17
 630 025a 97       		.byte	-105
 631 025b 0A       		.byte	10
 632 025c 98       		.byte	-104
 633 025d 17       		.byte	23
 634 025e 99       		.byte	-103
 635 025f 0A       		.byte	10
 636 0260 9B       		.byte	-101
 637 0261 05       		.byte	5
 638 0262 9D       		.byte	-99
 639 0263 03       		.byte	3
 640 0264 9E       		.byte	-98
 641 0265 07       		.byte	7
 642 0266 9F       		.byte	-97
 643 0267 0C       		.byte	12
 644 0268 A2       		.byte	-94
 645 0269 07       		.byte	7
 646 026a A3       		.byte	-93
 647 026b 0F       		.byte	15
 648 026c A4       		.byte	-92
 649 026d 08       		.byte	8
 650 026e A5       		.byte	-91
 651 026f 0F       		.byte	15
 652 0270 A8       		.byte	-88
 653 0271 08       		.byte	8
 654 0272 AB       		.byte	-85
 655 0273 10       		.byte	16
 656 0274 AC       		.byte	-84
 657 0275 08       		.byte	8
 658 0276 AF       		.byte	-81
 659 0277 20       		.byte	32
 660 0278 B0       		.byte	-80
 661 0279 10       		.byte	16
 662 027a B1       		.byte	-79
 663 027b 20       		.byte	32
 664 027c B3       		.byte	-77
 665 027d 0F       		.byte	15
 666 027e B4       		.byte	-76
 667 027f 07       		.byte	7
 668 0280 B5       		.byte	-75
 669 0281 10       		.byte	16
 670 0282 B6       		.byte	-74
 671 0283 08       		.byte	8
 672 0284 B8       		.byte	-72
 673 0285 02       		.byte	2
 674 0286 BA       		.byte	-70
 675 0287 20       		.byte	32
 676 0288 BB       		.byte	-69
 677 0289 08       		.byte	8
 678 028a BF       		.byte	-65
 679 028b 10       		.byte	16
 680 028c D8       		.byte	-40
 681 028d 04       		.byte	4
 682 028e D9       		.byte	-39
 683 028f 04       		.byte	4
 684 0290 DF       		.byte	-33
ARM GAS  C:\Users\dph5ah\AppData\Local\Temp\ccBQV0tk.s 			page 13


 685 0291 01       		.byte	1
 686 0292 00       		.byte	0
 687 0293 04       		.byte	4
 688 0294 01       		.byte	1
 689 0295 21       		.byte	33
 690 0296 03       		.byte	3
 691 0297 01       		.byte	1
 692 0298 04       		.byte	4
 693 0299 10       		.byte	16
 694 029a 05       		.byte	5
 695 029b 04       		.byte	4
 696 029c 0A       		.byte	10
 697 029d A9       		.byte	-87
 698 029e 0C       		.byte	12
 699 029f 08       		.byte	8
 700 02a0 0F       		.byte	15
 701 02a1 0A       		.byte	10
 702 02a2 11       		.byte	17
 703 02a3 56       		.byte	86
 704 02a4 16       		.byte	22
 705 02a5 01       		.byte	1
 706 02a6 17       		.byte	23
 707 02a7 04       		.byte	4
 708 02a8 19       		.byte	25
 709 02a9 60       		.byte	96
 710 02aa 1A       		.byte	26
 711 02ab 01       		.byte	1
 712 02ac 1B       		.byte	27
 713 02ad 82       		.byte	-126
 714 02ae 1D       		.byte	29
 715 02af 80       		.byte	-128
 716 02b0 1E       		.byte	30
 717 02b1 90       		.byte	-112
 718 02b2 22       		.byte	34
 719 02b3 22       		.byte	34
 720 02b4 23       		.byte	35
 721 02b5 10       		.byte	16
 722 02b6 24       		.byte	36
 723 02b7 20       		.byte	32
 724 02b8 26       		.byte	38
 725 02b9 01       		.byte	1
 726 02ba 27       		.byte	39
 727 02bb 08       		.byte	8
 728 02bc 2A       		.byte	42
 729 02bd 50       		.byte	80
 730 02be 2B       		.byte	43
 731 02bf A0       		.byte	-96
 732 02c0 2F       		.byte	47
 733 02c1 08       		.byte	8
 734 02c2 30       		.byte	48
 735 02c3 80       		.byte	-128
 736 02c4 32       		.byte	50
 737 02c5 18       		.byte	24
 738 02c6 33       		.byte	51
 739 02c7 02       		.byte	2
 740 02c8 36       		.byte	54
 741 02c9 01       		.byte	1
ARM GAS  C:\Users\dph5ah\AppData\Local\Temp\ccBQV0tk.s 			page 14


 742 02ca 38       		.byte	56
 743 02cb 85       		.byte	-123
 744 02cc 3B       		.byte	59
 745 02cd 10       		.byte	16
 746 02ce 3F       		.byte	63
 747 02cf 20       		.byte	32
 748 02d0 46       		.byte	70
 749 02d1 01       		.byte	1
 750 02d2 47       		.byte	71
 751 02d3 24       		.byte	36
 752 02d4 4F       		.byte	79
 753 02d5 08       		.byte	8
 754 02d6 57       		.byte	87
 755 02d7 48       		.byte	72
 756 02d8 5C       		.byte	92
 757 02d9 22       		.byte	34
 758 02da 5E       		.byte	94
 759 02db 80       		.byte	-128
 760 02dc 5F       		.byte	95
 761 02dd 08       		.byte	8
 762 02de 94       		.byte	-108
 763 02df 41       		.byte	65
 764 02e0 95       		.byte	-107
 765 02e1 08       		.byte	8
 766 02e2 9A       		.byte	-102
 767 02e3 10       		.byte	16
 768 02e4 9D       		.byte	-99
 769 02e5 40       		.byte	64
 770 02e6 A0       		.byte	-96
 771 02e7 08       		.byte	8
 772 02e8 A3       		.byte	-93
 773 02e9 10       		.byte	16
 774 02ea A7       		.byte	-89
 775 02eb 20       		.byte	32
 776 02ec B7       		.byte	-73
 777 02ed 10       		.byte	16
 778 02ee C0       		.byte	-64
 779 02ef 6F       		.byte	111
 780 02f0 C2       		.byte	-62
 781 02f1 EF       		.byte	-17
 782 02f2 C4       		.byte	-60
 783 02f3 AF       		.byte	-81
 784 02f4 CA       		.byte	-54
 785 02f5 2F       		.byte	47
 786 02f6 CC       		.byte	-52
 787 02f7 8F       		.byte	-113
 788 02f8 CE       		.byte	-50
 789 02f9 2F       		.byte	47
 790 02fa D0       		.byte	-48
 791 02fb 70       		.byte	112
 792 02fc D6       		.byte	-42
 793 02fd F0       		.byte	-16
 794 02fe E8       		.byte	-24
 795 02ff 10       		.byte	16
 796 0300 94       		.byte	-108
 797 0301 41       		.byte	65
 798 0302 95       		.byte	-107
ARM GAS  C:\Users\dph5ah\AppData\Local\Temp\ccBQV0tk.s 			page 15


 799 0303 08       		.byte	8
 800 0304 9A       		.byte	-102
 801 0305 10       		.byte	16
 802 0306 9D       		.byte	-99
 803 0307 40       		.byte	64
 804 0308 A0       		.byte	-96
 805 0309 08       		.byte	8
 806 030a A7       		.byte	-89
 807 030b 20       		.byte	32
 808 030c AB       		.byte	-85
 809 030d 01       		.byte	1
 810 030e B3       		.byte	-77
 811 030f 10       		.byte	16
 812 0310 B4       		.byte	-76
 813 0311 02       		.byte	2
 814 0312 B7       		.byte	-73
 815 0313 02       		.byte	2
 816 0314 EA       		.byte	-22
 817 0315 81       		.byte	-127
 818 0316 EC       		.byte	-20
 819 0317 80       		.byte	-128
 820 0318 08       		.byte	8
 821 0319 01       		.byte	1
 822 031a 0C       		.byte	12
 823 031b 04       		.byte	4
 824 031c 16       		.byte	22
 825 031d 03       		.byte	3
 826 031e 1B       		.byte	27
 827 031f 01       		.byte	1
 828 0320 2A       		.byte	42
 829 0321 04       		.byte	4
 830 0322 2F       		.byte	47
 831 0323 02       		.byte	2
 832 0324 30       		.byte	48
 833 0325 01       		.byte	1
 834 0326 32       		.byte	50
 835 0327 04       		.byte	4
 836 0328 33       		.byte	51
 837 0329 02       		.byte	2
 838 032a 34       		.byte	52
 839 032b 02       		.byte	2
 840 032c 37       		.byte	55
 841 032d 01       		.byte	1
 842 032e 58       		.byte	88
 843 032f 04       		.byte	4
 844 0330 59       		.byte	89
 845 0331 04       		.byte	4
 846 0332 5C       		.byte	92
 847 0333 11       		.byte	17
 848 0334 5F       		.byte	95
 849 0335 01       		.byte	1
 850 0336 84       		.byte	-124
 851 0337 01       		.byte	1
 852 0338 8E       		.byte	-114
 853 0339 03       		.byte	3
 854 033a 96       		.byte	-106
 855 033b 08       		.byte	8
ARM GAS  C:\Users\dph5ah\AppData\Local\Temp\ccBQV0tk.s 			page 16


 856 033c 97       		.byte	-105
 857 033d 01       		.byte	1
 858 033e 9C       		.byte	-100
 859 033f 08       		.byte	8
 860 0340 A2       		.byte	-94
 861 0341 04       		.byte	4
 862 0342 AF       		.byte	-81
 863 0343 02       		.byte	2
 864 0344 B0       		.byte	-80
 865 0345 08       		.byte	8
 866 0346 B2       		.byte	-78
 867 0347 02       		.byte	2
 868 0348 B3       		.byte	-77
 869 0349 02       		.byte	2
 870 034a B4       		.byte	-76
 871 034b 01       		.byte	1
 872 034c B6       		.byte	-74
 873 034d 04       		.byte	4
 874 034e B7       		.byte	-73
 875 034f 01       		.byte	1
 876 0350 C0       		.byte	-64
 877 0351 35       		.byte	53
 878 0352 C1       		.byte	-63
 879 0353 02       		.byte	2
 880 0354 C2       		.byte	-62
 881 0355 04       		.byte	4
 882 0356 C4       		.byte	-60
 883 0357 01       		.byte	1
 884 0358 C6       		.byte	-58
 885 0359 E0       		.byte	-32
 886 035a C7       		.byte	-57
 887 035b 0C       		.byte	12
 888 035c C8       		.byte	-56
 889 035d 18       		.byte	24
 890 035e C9       		.byte	-55
 891 035f FF       		.byte	-1
 892 0360 CA       		.byte	-54
 893 0361 FF       		.byte	-1
 894 0362 CB       		.byte	-53
 895 0363 FF       		.byte	-1
 896 0364 CC       		.byte	-52
 897 0365 62       		.byte	98
 898 0366 CD       		.byte	-51
 899 0367 A0       		.byte	-96
 900 0368 CE       		.byte	-50
 901 0369 F0       		.byte	-16
 902 036a CF       		.byte	-49
 903 036b 41       		.byte	65
 904 036c D0       		.byte	-48
 905 036d 0C       		.byte	12
 906 036e D8       		.byte	-40
 907 036f 04       		.byte	4
 908 0370 D9       		.byte	-39
 909 0371 04       		.byte	4
 910 0372 DA       		.byte	-38
 911 0373 04       		.byte	4
 912 0374 DC       		.byte	-36
ARM GAS  C:\Users\dph5ah\AppData\Local\Temp\ccBQV0tk.s 			page 17


 913 0375 11       		.byte	17
 914 0376 DF       		.byte	-33
 915 0377 01       		.byte	1
 916 0378 E6       		.byte	-26
 917 0379 40       		.byte	64
 918 037a E7       		.byte	-25
 919 037b 02       		.byte	2
 920 037c E9       		.byte	-23
 921 037d 10       		.byte	16
 922 037e EA       		.byte	-22
 923 037f 30       		.byte	48
 924 0380 EB       		.byte	-21
 925 0381 10       		.byte	16
 926 0382 ED       		.byte	-19
 927 0383 10       		.byte	16
 928 0384 EE       		.byte	-18
 929 0385 10       		.byte	16
 930 0386 EF       		.byte	-17
 931 0387 12       		.byte	18
 932 0388 01       		.byte	1
 933 0389 88       		.byte	-120
 934 038a 05       		.byte	5
 935 038b 10       		.byte	16
 936 038c 07       		.byte	7
 937 038d 01       		.byte	1
 938 038e 09       		.byte	9
 939 038f 88       		.byte	-120
 940 0390 0F       		.byte	15
 941 0391 10       		.byte	16
 942 0392 13       		.byte	19
 943 0393 01       		.byte	1
 944 0394 17       		.byte	23
 945 0395 20       		.byte	32
 946 0396 19       		.byte	25
 947 0397 88       		.byte	-120
 948 0398 1A       		.byte	26
 949 0399 04       		.byte	4
 950 039a 1B       		.byte	27
 951 039b 01       		.byte	1
 952 039c 1D       		.byte	29
 953 039d 10       		.byte	16
 954 039e 1E       		.byte	30
 955 039f 40       		.byte	64
 956 03a0 1F       		.byte	31
 957 03a1 08       		.byte	8
 958 03a2 21       		.byte	33
 959 03a3 88       		.byte	-120
 960 03a4 27       		.byte	39
 961 03a5 21       		.byte	33
 962 03a6 28       		.byte	40
 963 03a7 02       		.byte	2
 964 03a8 2F       		.byte	47
 965 03a9 02       		.byte	2
 966 03aa 31       		.byte	49
 967 03ab 08       		.byte	8
 968 03ac 37       		.byte	55
 969 03ad 20       		.byte	32
ARM GAS  C:\Users\dph5ah\AppData\Local\Temp\ccBQV0tk.s 			page 18


 970 03ae 40       		.byte	64
 971 03af 41       		.byte	65
 972 03b0 41       		.byte	65
 973 03b1 04       		.byte	4
 974 03b2 43       		.byte	67
 975 03b3 20       		.byte	32
 976 03b4 49       		.byte	73
 977 03b5 40       		.byte	64
 978 03b6 50       		.byte	80
 979 03b7 08       		.byte	8
 980 03b8 52       		.byte	82
 981 03b9 10       		.byte	16
 982 03ba 82       		.byte	-126
 983 03bb 40       		.byte	64
 984 03bc 83       		.byte	-125
 985 03bd 08       		.byte	8
 986 03be 96       		.byte	-106
 987 03bf 04       		.byte	4
 988 03c0 A7       		.byte	-89
 989 03c1 01       		.byte	1
 990 03c2 C0       		.byte	-64
 991 03c3 C5       		.byte	-59
 992 03c4 C2       		.byte	-62
 993 03c5 25       		.byte	37
 994 03c6 C4       		.byte	-60
 995 03c7 48       		.byte	72
 996 03c8 CA       		.byte	-54
 997 03c9 18       		.byte	24
 998 03ca CC       		.byte	-52
 999 03cb 22       		.byte	34
 1000 03cc D0       		.byte	-48
 1001 03cd 0F       		.byte	15
 1002 03ce D2       		.byte	-46
 1003 03cf 08       		.byte	8
 1004 03d0 E2       		.byte	-30
 1005 03d1 01       		.byte	1
 1006 03d2 86       		.byte	-122
 1007 03d3 04       		.byte	4
 1008 03d4 8B       		.byte	-117
 1009 03d5 01       		.byte	1
 1010 03d6 E2       		.byte	-30
 1011 03d7 80       		.byte	-128
 1012 03d8 E2       		.byte	-30
 1013 03d9 01       		.byte	1
 1014 03da EA       		.byte	-22
 1015 03db 04       		.byte	4
 1016 03dc 00       		.byte	0
 1017 03dd 0C       		.byte	12
 1018 03de 01       		.byte	1
 1019 03df 0C       		.byte	12
 1020 03e0 02       		.byte	2
 1021 03e1 03       		.byte	3
 1022 03e2 03       		.byte	3
 1023 03e3 13       		.byte	19
 1024 03e4 04       		.byte	4
 1025 03e5 10       		.byte	16
 1026 03e6 05       		.byte	5
ARM GAS  C:\Users\dph5ah\AppData\Local\Temp\ccBQV0tk.s 			page 19


 1027 03e7 05       		.byte	5
 1028 03e8 06       		.byte	6
 1029 03e9 0F       		.byte	15
 1030 03ea 07       		.byte	7
 1031 03eb 0A       		.byte	10
 1032 03ec 08       		.byte	8
 1033 03ed 05       		.byte	5
 1034 03ee 09       		.byte	9
 1035 03ef 40       		.byte	64
 1036 03f0 0A       		.byte	10
 1037 03f1 0A       		.byte	10
 1038 03f2 0B       		.byte	11
 1039 03f3 95       		.byte	-107
 1040 03f4 0D       		.byte	13
 1041 03f5 A0       		.byte	-96
 1042 03f6 11       		.byte	17
 1043 03f7 03       		.byte	3
 1044 03f8 13       		.byte	19
 1045 03f9 1C       		.byte	28
 1046 03fa 14       		.byte	20
 1047 03fb 08       		.byte	8
 1048 03fc 15       		.byte	21
 1049 03fd 9F       		.byte	-97
 1050 03fe 16       		.byte	22
 1051 03ff 02       		.byte	2
 1052 0400 17       		.byte	23
 1053 0401 60       		.byte	96
 1054 0402 18       		.byte	24
 1055 0403 05       		.byte	5
 1056 0404 19       		.byte	25
 1057 0405 60       		.byte	96
 1058 0406 1A       		.byte	26
 1059 0407 30       		.byte	48
 1060 0408 1B       		.byte	27
 1061 0409 9F       		.byte	-97
 1062 040a 1C       		.byte	28
 1063 040b 0F       		.byte	15
 1064 040c 1E       		.byte	30
 1065 040d 20       		.byte	32
 1066 040e 20       		.byte	32
 1067 040f 03       		.byte	3
 1068 0410 21       		.byte	33
 1069 0411 F5       		.byte	-11
 1070 0412 22       		.byte	34
 1071 0413 0C       		.byte	12
 1072 0414 25       		.byte	37
 1073 0415 80       		.byte	-128
 1074 0416 27       		.byte	39
 1075 0417 1F       		.byte	31
 1076 0418 28       		.byte	40
 1077 0419 0A       		.byte	10
 1078 041a 29       		.byte	41
 1079 041b 0A       		.byte	10
 1080 041c 2A       		.byte	42
 1081 041d 15       		.byte	21
 1082 041e 2B       		.byte	43
 1083 041f 05       		.byte	5
ARM GAS  C:\Users\dph5ah\AppData\Local\Temp\ccBQV0tk.s 			page 20


 1084 0420 2D       		.byte	45
 1085 0421 10       		.byte	16
 1086 0422 2E       		.byte	46
 1087 0423 40       		.byte	64
 1088 0424 31       		.byte	49
 1089 0425 FF       		.byte	-1
 1090 0426 32       		.byte	50
 1091 0427 0F       		.byte	15
 1092 0428 34       		.byte	52
 1093 0429 70       		.byte	112
 1094 042a 3A       		.byte	58
 1095 042b 08       		.byte	8
 1096 042c 3F       		.byte	63
 1097 042d 01       		.byte	1
 1098 042e 52       		.byte	82
 1099 042f 1C       		.byte	28
 1100 0430 58       		.byte	88
 1101 0431 04       		.byte	4
 1102 0432 59       		.byte	89
 1103 0433 04       		.byte	4
 1104 0434 5B       		.byte	91
 1105 0435 04       		.byte	4
 1106 0436 5F       		.byte	95
 1107 0437 01       		.byte	1
 1108 0438 80       		.byte	-128
 1109 0439 01       		.byte	1
 1110 043a 83       		.byte	-125
 1111 043b 20       		.byte	32
 1112 043c 84       		.byte	-124
 1113 043d 7F       		.byte	127
 1114 043e 85       		.byte	-123
 1115 043f 49       		.byte	73
 1116 0440 87       		.byte	-121
 1117 0441 06       		.byte	6
 1118 0442 88       		.byte	-120
 1119 0443 79       		.byte	121
 1120 0444 89       		.byte	-119
 1121 0445 02       		.byte	2
 1122 0446 8A       		.byte	-118
 1123 0447 06       		.byte	6
 1124 0448 8C       		.byte	-116
 1125 0449 06       		.byte	6
 1126 044a 8F       		.byte	-113
 1127 044b 10       		.byte	16
 1128 044c 90       		.byte	-112
 1129 044d 06       		.byte	6
 1130 044e 91       		.byte	-111
 1131 044f 0E       		.byte	14
 1132 0450 93       		.byte	-109
 1133 0451 41       		.byte	65
 1134 0452 94       		.byte	-108
 1135 0453 67       		.byte	103
 1136 0454 95       		.byte	-107
 1137 0455 06       		.byte	6
 1138 0456 96       		.byte	-106
 1139 0457 10       		.byte	16
 1140 0458 98       		.byte	-104
ARM GAS  C:\Users\dph5ah\AppData\Local\Temp\ccBQV0tk.s 			page 21


 1141 0459 27       		.byte	39
 1142 045a 99       		.byte	-103
 1143 045b 06       		.byte	6
 1144 045c 9A       		.byte	-102
 1145 045d 48       		.byte	72
 1146 045e 9B       		.byte	-101
 1147 045f 49       		.byte	73
 1148 0460 9D       		.byte	-99
 1149 0461 48       		.byte	72
 1150 0462 9E       		.byte	-98
 1151 0463 58       		.byte	88
 1152 0464 A0       		.byte	-96
 1153 0465 04       		.byte	4
 1154 0466 A1       		.byte	-95
 1155 0467 04       		.byte	4
 1156 0468 A4       		.byte	-92
 1157 0469 02       		.byte	2
 1158 046a A5       		.byte	-91
 1159 046b 4F       		.byte	79
 1160 046c A8       		.byte	-88
 1161 046d 06       		.byte	6
 1162 046e AB       		.byte	-85
 1163 046f 10       		.byte	16
 1164 0470 AE       		.byte	-82
 1165 0471 01       		.byte	1
 1166 0472 AF       		.byte	-81
 1167 0473 49       		.byte	73
 1168 0474 B0       		.byte	-80
 1169 0475 46       		.byte	70
 1170 0476 B1       		.byte	-79
 1171 0477 40       		.byte	64
 1172 0478 B2       		.byte	-78
 1173 0479 1F       		.byte	31
 1174 047a B3       		.byte	-77
 1175 047b 0E       		.byte	14
 1176 047c B5       		.byte	-75
 1177 047d 07       		.byte	7
 1178 047e B6       		.byte	-74
 1179 047f 20       		.byte	32
 1180 0480 B7       		.byte	-73
 1181 0481 30       		.byte	48
 1182 0482 BA       		.byte	-70
 1183 0483 28       		.byte	40
 1184 0484 BB       		.byte	-69
 1185 0485 28       		.byte	40
 1186 0486 BE       		.byte	-66
 1187 0487 40       		.byte	64
 1188 0488 BF       		.byte	-65
 1189 0489 40       		.byte	64
 1190 048a D6       		.byte	-42
 1191 048b 02       		.byte	2
 1192 048c D7       		.byte	-41
 1193 048d 10       		.byte	16
 1194 048e D8       		.byte	-40
 1195 048f 04       		.byte	4
 1196 0490 D9       		.byte	-39
 1197 0491 04       		.byte	4
ARM GAS  C:\Users\dph5ah\AppData\Local\Temp\ccBQV0tk.s 			page 22


 1198 0492 DB       		.byte	-37
 1199 0493 04       		.byte	4
 1200 0494 DF       		.byte	-33
 1201 0495 01       		.byte	1
 1202 0496 00       		.byte	0
 1203 0497 20       		.byte	32
 1204 0498 02       		.byte	2
 1205 0499 40       		.byte	64
 1206 049a 03       		.byte	3
 1207 049b 21       		.byte	33
 1208 049c 06       		.byte	6
 1209 049d 20       		.byte	32
 1210 049e 07       		.byte	7
 1211 049f 48       		.byte	72
 1212 04a0 09       		.byte	9
 1213 04a1 21       		.byte	33
 1214 04a2 0A       		.byte	10
 1215 04a3 21       		.byte	33
 1216 04a4 0E       		.byte	14
 1217 04a5 26       		.byte	38
 1218 04a6 10       		.byte	16
 1219 04a7 08       		.byte	8
 1220 04a8 12       		.byte	18
 1221 04a9 02       		.byte	2
 1222 04aa 13       		.byte	19
 1223 04ab 06       		.byte	6
 1224 04ac 17       		.byte	23
 1225 04ad A1       		.byte	-95
 1226 04ae 18       		.byte	24
 1227 04af 40       		.byte	64
 1228 04b0 19       		.byte	25
 1229 04b1 80       		.byte	-128
 1230 04b2 1A       		.byte	26
 1231 04b3 28       		.byte	40
 1232 04b4 1B       		.byte	27
 1233 04b5 21       		.byte	33
 1234 04b6 1E       		.byte	30
 1235 04b7 24       		.byte	36
 1236 04b8 1F       		.byte	31
 1237 04b9 18       		.byte	24
 1238 04ba 20       		.byte	32
 1239 04bb 25       		.byte	37
 1240 04bc 21       		.byte	33
 1241 04bd 24       		.byte	36
 1242 04be 22       		.byte	34
 1243 04bf 49       		.byte	73
 1244 04c0 27       		.byte	39
 1245 04c1 80       		.byte	-128
 1246 04c2 29       		.byte	41
 1247 04c3 60       		.byte	96
 1248 04c4 2A       		.byte	42
 1249 04c5 02       		.byte	2
 1250 04c6 2B       		.byte	43
 1251 04c7 20       		.byte	32
 1252 04c8 2E       		.byte	46
 1253 04c9 08       		.byte	8
 1254 04ca 2F       		.byte	47
ARM GAS  C:\Users\dph5ah\AppData\Local\Temp\ccBQV0tk.s 			page 23


 1255 04cb 8A       		.byte	-118
 1256 04cc 30       		.byte	48
 1257 04cd 08       		.byte	8
 1258 04ce 31       		.byte	49
 1259 04cf 01       		.byte	1
 1260 04d0 32       		.byte	50
 1261 04d1 50       		.byte	80
 1262 04d2 37       		.byte	55
 1263 04d3 29       		.byte	41
 1264 04d4 38       		.byte	56
 1265 04d5 22       		.byte	34
 1266 04d6 39       		.byte	57
 1267 04d7 08       		.byte	8
 1268 04d8 3A       		.byte	58
 1269 04d9 40       		.byte	64
 1270 04da 3B       		.byte	59
 1271 04db 80       		.byte	-128
 1272 04dc 3D       		.byte	61
 1273 04dd 02       		.byte	2
 1274 04de 3E       		.byte	62
 1275 04df 34       		.byte	52
 1276 04e0 3F       		.byte	63
 1277 04e1 80       		.byte	-128
 1278 04e2 59       		.byte	89
 1279 04e3 80       		.byte	-128
 1280 04e4 69       		.byte	105
 1281 04e5 54       		.byte	84
 1282 04e6 6C       		.byte	108
 1283 04e7 40       		.byte	64
 1284 04e8 6D       		.byte	109
 1285 04e9 0A       		.byte	10
 1286 04ea 6F       		.byte	111
 1287 04eb 50       		.byte	80
 1288 04ec 70       		.byte	112
 1289 04ed 18       		.byte	24
 1290 04ee 72       		.byte	114
 1291 04ef 02       		.byte	2
 1292 04f0 73       		.byte	115
 1293 04f1 06       		.byte	6
 1294 04f2 74       		.byte	116
 1295 04f3 80       		.byte	-128
 1296 04f4 77       		.byte	119
 1297 04f5 01       		.byte	1
 1298 04f6 89       		.byte	-119
 1299 04f7 01       		.byte	1
 1300 04f8 8A       		.byte	-118
 1301 04f9 08       		.byte	8
 1302 04fa 8C       		.byte	-116
 1303 04fb 04       		.byte	4
 1304 04fc 8D       		.byte	-115
 1305 04fd 01       		.byte	1
 1306 04fe 92       		.byte	-110
 1307 04ff 11       		.byte	17
 1308 0500 93       		.byte	-109
 1309 0501 10       		.byte	16
 1310 0502 94       		.byte	-108
 1311 0503 D5       		.byte	-43
ARM GAS  C:\Users\dph5ah\AppData\Local\Temp\ccBQV0tk.s 			page 24


 1312 0504 95       		.byte	-107
 1313 0505 5D       		.byte	93
 1314 0506 96       		.byte	-106
 1315 0507 A8       		.byte	-88
 1316 0508 99       		.byte	-103
 1317 0509 40       		.byte	64
 1318 050a 9D       		.byte	-99
 1319 050b 04       		.byte	4
 1320 050c 9E       		.byte	-98
 1321 050d 41       		.byte	65
 1322 050e 9F       		.byte	-97
 1323 050f 25       		.byte	37
 1324 0510 A1       		.byte	-95
 1325 0511 80       		.byte	-128
 1326 0512 A2       		.byte	-94
 1327 0513 22       		.byte	34
 1328 0514 A3       		.byte	-93
 1329 0515 44       		.byte	68
 1330 0516 A4       		.byte	-92
 1331 0517 80       		.byte	-128
 1332 0518 A5       		.byte	-91
 1333 0519 01       		.byte	1
 1334 051a A6       		.byte	-90
 1335 051b 08       		.byte	8
 1336 051c A7       		.byte	-89
 1337 051d 21       		.byte	33
 1338 051e A8       		.byte	-88
 1339 051f 30       		.byte	48
 1340 0520 AB       		.byte	-85
 1341 0521 04       		.byte	4
 1342 0522 B0       		.byte	-80
 1343 0523 02       		.byte	2
 1344 0524 B3       		.byte	-77
 1345 0525 08       		.byte	8
 1346 0526 C0       		.byte	-64
 1347 0527 7F       		.byte	127
 1348 0528 C2       		.byte	-62
 1349 0529 EF       		.byte	-17
 1350 052a C4       		.byte	-60
 1351 052b DF       		.byte	-33
 1352 052c CA       		.byte	-54
 1353 052d FF       		.byte	-1
 1354 052e CC       		.byte	-52
 1355 052f EF       		.byte	-17
 1356 0530 CE       		.byte	-50
 1357 0531 FF       		.byte	-1
 1358 0532 D6       		.byte	-42
 1359 0533 08       		.byte	8
 1360 0534 00       		.byte	0
 1361 0535 10       		.byte	16
 1362 0536 02       		.byte	2
 1363 0537 08       		.byte	8
 1364 0538 04       		.byte	4
 1365 0539 67       		.byte	103
 1366 053a 05       		.byte	5
 1367 053b 09       		.byte	9
 1368 053c 07       		.byte	7
ARM GAS  C:\Users\dph5ah\AppData\Local\Temp\ccBQV0tk.s 			page 25


 1369 053d F6       		.byte	-10
 1370 053e 09       		.byte	9
 1371 053f 24       		.byte	36
 1372 0540 0B       		.byte	11
 1373 0541 12       		.byte	18
 1374 0542 0D       		.byte	13
 1375 0543 36       		.byte	54
 1376 0544 0E       		.byte	14
 1377 0545 18       		.byte	24
 1378 0546 0F       		.byte	15
 1379 0547 C9       		.byte	-55
 1380 0548 10       		.byte	16
 1381 0549 21       		.byte	33
 1382 054a 11       		.byte	17
 1383 054b 47       		.byte	71
 1384 054c 12       		.byte	18
 1385 054d 42       		.byte	66
 1386 054e 13       		.byte	19
 1387 054f B8       		.byte	-72
 1388 0550 14       		.byte	20
 1389 0551 80       		.byte	-128
 1390 0552 15       		.byte	21
 1391 0553 FF       		.byte	-1
 1392 0554 18       		.byte	24
 1393 0555 44       		.byte	68
 1394 0556 19       		.byte	25
 1395 0557 36       		.byte	54
 1396 0558 1A       		.byte	26
 1397 0559 22       		.byte	34
 1398 055a 1B       		.byte	27
 1399 055b C9       		.byte	-55
 1400 055c 1C       		.byte	28
 1401 055d 02       		.byte	2
 1402 055e 1D       		.byte	29
 1403 055f 1B       		.byte	27
 1404 0560 1E       		.byte	30
 1405 0561 05       		.byte	5
 1406 0562 1F       		.byte	31
 1407 0563 24       		.byte	36
 1408 0564 21       		.byte	33
 1409 0565 B8       		.byte	-72
 1410 0566 22       		.byte	34
 1411 0567 18       		.byte	24
 1412 0568 23       		.byte	35
 1413 0569 47       		.byte	71
 1414 056a 24       		.byte	36
 1415 056b 08       		.byte	8
 1416 056c 25       		.byte	37
 1417 056d FF       		.byte	-1
 1418 056e 26       		.byte	38
 1419 056f 10       		.byte	16
 1420 0570 28       		.byte	40
 1421 0571 67       		.byte	103
 1422 0572 2F       		.byte	47
 1423 0573 FF       		.byte	-1
 1424 0574 30       		.byte	48
 1425 0575 18       		.byte	24
ARM GAS  C:\Users\dph5ah\AppData\Local\Temp\ccBQV0tk.s 			page 26


 1426 0576 32       		.byte	50
 1427 0577 80       		.byte	-128
 1428 0578 33       		.byte	51
 1429 0579 C0       		.byte	-64
 1430 057a 34       		.byte	52
 1431 057b 60       		.byte	96
 1432 057c 36       		.byte	54
 1433 057d 07       		.byte	7
 1434 057e 37       		.byte	55
 1435 057f 3F       		.byte	63
 1436 0580 3A       		.byte	58
 1437 0581 02       		.byte	2
 1438 0582 3B       		.byte	59
 1439 0583 80       		.byte	-128
 1440 0584 3E       		.byte	62
 1441 0585 04       		.byte	4
 1442 0586 54       		.byte	84
 1443 0587 1C       		.byte	28
 1444 0588 56       		.byte	86
 1445 0589 04       		.byte	4
 1446 058a 58       		.byte	88
 1447 058b 04       		.byte	4
 1448 058c 59       		.byte	89
 1449 058d 04       		.byte	4
 1450 058e 5B       		.byte	91
 1451 058f 04       		.byte	4
 1452 0590 5F       		.byte	95
 1453 0591 01       		.byte	1
 1454 0592 80       		.byte	-128
 1455 0593 04       		.byte	4
 1456 0594 81       		.byte	-127
 1457 0595 40       		.byte	64
 1458 0596 82       		.byte	-126
 1459 0597 03       		.byte	3
 1460 0598 83       		.byte	-125
 1461 0599 02       		.byte	2
 1462 059a 84       		.byte	-124
 1463 059b A6       		.byte	-90
 1464 059c 85       		.byte	-123
 1465 059d 0C       		.byte	12
 1466 059e 86       		.byte	-122
 1467 059f 18       		.byte	24
 1468 05a0 87       		.byte	-121
 1469 05a1 10       		.byte	16
 1470 05a2 8A       		.byte	-118
 1471 05a3 06       		.byte	6
 1472 05a4 8B       		.byte	-117
 1473 05a5 63       		.byte	99
 1474 05a6 8C       		.byte	-116
 1475 05a7 01       		.byte	1
 1476 05a8 8E       		.byte	-114
 1477 05a9 02       		.byte	2
 1478 05aa 91       		.byte	-111
 1479 05ab 40       		.byte	64
 1480 05ac 93       		.byte	-109
 1481 05ad 01       		.byte	1
 1482 05ae 94       		.byte	-108
ARM GAS  C:\Users\dph5ah\AppData\Local\Temp\ccBQV0tk.s 			page 27


 1483 05af CA       		.byte	-54
 1484 05b0 95       		.byte	-107
 1485 05b1 0C       		.byte	12
 1486 05b2 96       		.byte	-106
 1487 05b3 30       		.byte	48
 1488 05b4 97       		.byte	-105
 1489 05b5 B0       		.byte	-80
 1490 05b6 98       		.byte	-104
 1491 05b7 C8       		.byte	-56
 1492 05b8 99       		.byte	-103
 1493 05b9 0C       		.byte	12
 1494 05ba 9A       		.byte	-102
 1495 05bb 36       		.byte	54
 1496 05bc 9B       		.byte	-101
 1497 05bd D3       		.byte	-45
 1498 05be 9C       		.byte	-100
 1499 05bf 01       		.byte	1
 1500 05c0 A0       		.byte	-96
 1501 05c1 04       		.byte	4
 1502 05c2 A2       		.byte	-94
 1503 05c3 03       		.byte	3
 1504 05c4 A3       		.byte	-93
 1505 05c5 94       		.byte	-108
 1506 05c6 A6       		.byte	-90
 1507 05c7 26       		.byte	38
 1508 05c8 A7       		.byte	-89
 1509 05c9 43       		.byte	67
 1510 05ca A9       		.byte	-87
 1511 05cb 6B       		.byte	107
 1512 05cc AA       		.byte	-86
 1513 05cd 01       		.byte	1
 1514 05ce AB       		.byte	-85
 1515 05cf 90       		.byte	-112
 1516 05d0 AE       		.byte	-82
 1517 05d1 58       		.byte	88
 1518 05d2 B0       		.byte	-80
 1519 05d3 03       		.byte	3
 1520 05d4 B2       		.byte	-78
 1521 05d5 3C       		.byte	60
 1522 05d6 B3       		.byte	-77
 1523 05d7 E0       		.byte	-32
 1524 05d8 B4       		.byte	-76
 1525 05d9 C0       		.byte	-64
 1526 05da B5       		.byte	-75
 1527 05db 3F       		.byte	63
 1528 05dc B6       		.byte	-74
 1529 05dd 3C       		.byte	60
 1530 05de B8       		.byte	-72
 1531 05df 20       		.byte	32
 1532 05e0 BA       		.byte	-70
 1533 05e1 8A       		.byte	-118
 1534 05e2 BB       		.byte	-69
 1535 05e3 28       		.byte	40
 1536 05e4 BE       		.byte	-66
 1537 05e5 10       		.byte	16
 1538 05e6 C0       		.byte	-64
 1539 05e7 02       		.byte	2
ARM GAS  C:\Users\dph5ah\AppData\Local\Temp\ccBQV0tk.s 			page 28


 1540 05e8 C7       		.byte	-57
 1541 05e9 04       		.byte	4
 1542 05ea C9       		.byte	-55
 1543 05eb FF       		.byte	-1
 1544 05ec CA       		.byte	-54
 1545 05ed 07       		.byte	7
 1546 05ee CB       		.byte	-53
 1547 05ef FF       		.byte	-1
 1548 05f0 CC       		.byte	-52
 1549 05f1 40       		.byte	64
 1550 05f2 CD       		.byte	-51
 1551 05f3 20       		.byte	32
 1552 05f4 CE       		.byte	-50
 1553 05f5 F0       		.byte	-16
 1554 05f6 CF       		.byte	-49
 1555 05f7 05       		.byte	5
 1556 05f8 D0       		.byte	-48
 1557 05f9 08       		.byte	8
 1558 05fa D8       		.byte	-40
 1559 05fb 04       		.byte	4
 1560 05fc D9       		.byte	-39
 1561 05fd 04       		.byte	4
 1562 05fe DA       		.byte	-38
 1563 05ff 04       		.byte	4
 1564 0600 DF       		.byte	-33
 1565 0601 01       		.byte	1
 1566 0602 E0       		.byte	-32
 1567 0603 40       		.byte	64
 1568 0604 E1       		.byte	-31
 1569 0605 A8       		.byte	-88
 1570 0606 E2       		.byte	-30
 1571 0607 40       		.byte	64
 1572 0608 E3       		.byte	-29
 1573 0609 20       		.byte	32
 1574 060a 01       		.byte	1
 1575 060b 06       		.byte	6
 1576 060c 03       		.byte	3
 1577 060d 01       		.byte	1
 1578 060e 04       		.byte	4
 1579 060f 40       		.byte	64
 1580 0610 05       		.byte	5
 1581 0611 04       		.byte	4
 1582 0612 06       		.byte	6
 1583 0613 08       		.byte	8
 1584 0614 07       		.byte	7
 1585 0615 40       		.byte	64
 1586 0616 0A       		.byte	10
 1587 0617 05       		.byte	5
 1588 0618 0B       		.byte	11
 1589 0619 A0       		.byte	-96
 1590 061a 0E       		.byte	14
 1591 061b 28       		.byte	40
 1592 061c 0F       		.byte	15
 1593 061d 02       		.byte	2
 1594 061e 10       		.byte	16
 1595 061f 40       		.byte	64
 1596 0620 11       		.byte	17
ARM GAS  C:\Users\dph5ah\AppData\Local\Temp\ccBQV0tk.s 			page 29


 1597 0621 1A       		.byte	26
 1598 0622 16       		.byte	22
 1599 0623 22       		.byte	34
 1600 0624 17       		.byte	23
 1601 0625 11       		.byte	17
 1602 0626 18       		.byte	24
 1603 0627 22       		.byte	34
 1604 0628 19       		.byte	25
 1605 0629 22       		.byte	34
 1606 062a 1A       		.byte	26
 1607 062b 05       		.byte	5
 1608 062c 1B       		.byte	27
 1609 062d 01       		.byte	1
 1610 062e 1C       		.byte	28
 1611 062f 40       		.byte	64
 1612 0630 1D       		.byte	29
 1613 0631 24       		.byte	36
 1614 0632 1E       		.byte	30
 1615 0633 02       		.byte	2
 1616 0634 1F       		.byte	31
 1617 0635 86       		.byte	-122
 1618 0636 21       		.byte	33
 1619 0637 40       		.byte	64
 1620 0638 22       		.byte	34
 1621 0639 04       		.byte	4
 1622 063a 24       		.byte	36
 1623 063b 10       		.byte	16
 1624 063c 26       		.byte	38
 1625 063d 14       		.byte	20
 1626 063e 27       		.byte	39
 1627 063f 2C       		.byte	44
 1628 0640 28       		.byte	40
 1629 0641 40       		.byte	64
 1630 0642 29       		.byte	41
 1631 0643 40       		.byte	64
 1632 0644 2B       		.byte	43
 1633 0645 20       		.byte	32
 1634 0646 2E       		.byte	46
 1635 0647 0A       		.byte	10
 1636 0648 2F       		.byte	47
 1637 0649 04       		.byte	4
 1638 064a 32       		.byte	50
 1639 064b 58       		.byte	88
 1640 064c 33       		.byte	51
 1641 064d 01       		.byte	1
 1642 064e 37       		.byte	55
 1643 064f 29       		.byte	41
 1644 0650 38       		.byte	56
 1645 0651 04       		.byte	4
 1646 0652 39       		.byte	57
 1647 0653 80       		.byte	-128
 1648 0654 3B       		.byte	59
 1649 0655 10       		.byte	16
 1650 0656 3D       		.byte	61
 1651 0657 02       		.byte	2
 1652 0658 3E       		.byte	62
 1653 0659 10       		.byte	16
ARM GAS  C:\Users\dph5ah\AppData\Local\Temp\ccBQV0tk.s 			page 30


 1654 065a 3F       		.byte	63
 1655 065b 08       		.byte	8
 1656 065c 45       		.byte	69
 1657 065d 20       		.byte	32
 1658 065e 56       		.byte	86
 1659 065f 0B       		.byte	11
 1660 0660 5A       		.byte	90
 1661 0661 0A       		.byte	10
 1662 0662 61       		.byte	97
 1663 0663 80       		.byte	-128
 1664 0664 62       		.byte	98
 1665 0665 22       		.byte	34
 1666 0666 82       		.byte	-126
 1667 0667 02       		.byte	2
 1668 0668 8C       		.byte	-116
 1669 0669 10       		.byte	16
 1670 066a 90       		.byte	-112
 1671 066b 04       		.byte	4
 1672 066c 91       		.byte	-111
 1673 066d 14       		.byte	20
 1674 066e 92       		.byte	-110
 1675 066f B2       		.byte	-78
 1676 0670 93       		.byte	-109
 1677 0671 B0       		.byte	-80
 1678 0672 94       		.byte	-108
 1679 0673 12       		.byte	18
 1680 0674 99       		.byte	-103
 1681 0675 40       		.byte	64
 1682 0676 9A       		.byte	-102
 1683 0677 20       		.byte	32
 1684 0678 9B       		.byte	-101
 1685 0679 51       		.byte	81
 1686 067a 9D       		.byte	-99
 1687 067b 24       		.byte	36
 1688 067c 9E       		.byte	-98
 1689 067d 09       		.byte	9
 1690 067e 9F       		.byte	-97
 1691 067f 2C       		.byte	44
 1692 0680 A1       		.byte	-95
 1693 0681 85       		.byte	-123
 1694 0682 A2       		.byte	-94
 1695 0683 28       		.byte	40
 1696 0684 A3       		.byte	-93
 1697 0685 24       		.byte	36
 1698 0686 A6       		.byte	-90
 1699 0687 01       		.byte	1
 1700 0688 A7       		.byte	-89
 1701 0689 82       		.byte	-126
 1702 068a AE       		.byte	-82
 1703 068b 40       		.byte	64
 1704 068c C0       		.byte	-64
 1705 068d FD       		.byte	-3
 1706 068e C2       		.byte	-62
 1707 068f EF       		.byte	-17
 1708 0690 C4       		.byte	-60
 1709 0691 FE       		.byte	-2
 1710 0692 CA       		.byte	-54
ARM GAS  C:\Users\dph5ah\AppData\Local\Temp\ccBQV0tk.s 			page 31


 1711 0693 EB       		.byte	-21
 1712 0694 CC       		.byte	-52
 1713 0695 EF       		.byte	-17
 1714 0696 CE       		.byte	-50
 1715 0697 EE       		.byte	-18
 1716 0698 D0       		.byte	-48
 1717 0699 20       		.byte	32
 1718 069a D6       		.byte	-42
 1719 069b 03       		.byte	3
 1720 069c D8       		.byte	-40
 1721 069d 0D       		.byte	13
 1722 069e EA       		.byte	-22
 1723 069f 08       		.byte	8
 1724 06a0 31       		.byte	49
 1725 06a1 40       		.byte	64
 1726 06a2 33       		.byte	51
 1727 06a3 01       		.byte	1
 1728 06a4 36       		.byte	54
 1729 06a5 81       		.byte	-127
 1730 06a6 3B       		.byte	59
 1731 06a7 40       		.byte	64
 1732 06a8 85       		.byte	-123
 1733 06a9 08       		.byte	8
 1734 06aa 87       		.byte	-121
 1735 06ab 01       		.byte	1
 1736 06ac 8A       		.byte	-118
 1737 06ad 80       		.byte	-128
 1738 06ae CC       		.byte	-52
 1739 06af F0       		.byte	-16
 1740 06b0 CE       		.byte	-50
 1741 06b1 10       		.byte	16
 1742 06b2 E2       		.byte	-30
 1743 06b3 40       		.byte	64
 1744 06b4 E4       		.byte	-28
 1745 06b5 10       		.byte	16
 1746 06b6 01       		.byte	1
 1747 06b7 08       		.byte	8
 1748 06b8 02       		.byte	2
 1749 06b9 04       		.byte	4
 1750 06ba 06       		.byte	6
 1751 06bb 88       		.byte	-120
 1752 06bc 08       		.byte	8
 1753 06bd 10       		.byte	16
 1754 06be 0B       		.byte	11
 1755 06bf 80       		.byte	-128
 1756 06c0 0F       		.byte	15
 1757 06c1 81       		.byte	-127
 1758 06c2 33       		.byte	51
 1759 06c3 12       		.byte	18
 1760 06c4 34       		.byte	52
 1761 06c5 80       		.byte	-128
 1762 06c6 36       		.byte	54
 1763 06c7 02       		.byte	2
 1764 06c8 3B       		.byte	59
 1765 06c9 10       		.byte	16
 1766 06ca 82       		.byte	-126
 1767 06cb 01       		.byte	1
ARM GAS  C:\Users\dph5ah\AppData\Local\Temp\ccBQV0tk.s 			page 32


 1768 06cc 83       		.byte	-125
 1769 06cd 10       		.byte	16
 1770 06ce 84       		.byte	-124
 1771 06cf 10       		.byte	16
 1772 06d0 86       		.byte	-122
 1773 06d1 02       		.byte	2
 1774 06d2 8A       		.byte	-118
 1775 06d3 80       		.byte	-128
 1776 06d4 8B       		.byte	-117
 1777 06d5 40       		.byte	64
 1778 06d6 8E       		.byte	-114
 1779 06d7 0C       		.byte	12
 1780 06d8 92       		.byte	-110
 1781 06d9 08       		.byte	8
 1782 06da 98       		.byte	-104
 1783 06db 80       		.byte	-128
 1784 06dc 9D       		.byte	-99
 1785 06dd 08       		.byte	8
 1786 06de A3       		.byte	-93
 1787 06df 02       		.byte	2
 1788 06e0 A6       		.byte	-90
 1789 06e1 01       		.byte	1
 1790 06e2 AE       		.byte	-82
 1791 06e3 04       		.byte	4
 1792 06e4 AF       		.byte	-81
 1793 06e5 42       		.byte	66
 1794 06e6 B0       		.byte	-80
 1795 06e7 80       		.byte	-128
 1796 06e8 B1       		.byte	-79
 1797 06e9 40       		.byte	64
 1798 06ea C0       		.byte	-64
 1799 06eb F0       		.byte	-16
 1800 06ec C2       		.byte	-62
 1801 06ed F0       		.byte	-16
 1802 06ee CC       		.byte	-52
 1803 06ef F0       		.byte	-16
 1804 06f0 CE       		.byte	-50
 1805 06f1 10       		.byte	16
 1806 06f2 E2       		.byte	-30
 1807 06f3 60       		.byte	96
 1808 06f4 E4       		.byte	-28
 1809 06f5 40       		.byte	64
 1810 06f6 E6       		.byte	-26
 1811 06f7 80       		.byte	-128
 1812 06f8 EA       		.byte	-22
 1813 06f9 10       		.byte	16
 1814 06fa EE       		.byte	-18
 1815 06fb 50       		.byte	80
 1816 06fc 32       		.byte	50
 1817 06fd 04       		.byte	4
 1818 06fe 33       		.byte	51
 1819 06ff 20       		.byte	32
 1820 0700 35       		.byte	53
 1821 0701 80       		.byte	-128
 1822 0702 37       		.byte	55
 1823 0703 04       		.byte	4
 1824 0704 92       		.byte	-110
ARM GAS  C:\Users\dph5ah\AppData\Local\Temp\ccBQV0tk.s 			page 33


 1825 0705 08       		.byte	8
 1826 0706 97       		.byte	-105
 1827 0707 10       		.byte	16
 1828 0708 A3       		.byte	-93
 1829 0709 40       		.byte	64
 1830 070a AB       		.byte	-85
 1831 070b 01       		.byte	1
 1832 070c CC       		.byte	-52
 1833 070d F0       		.byte	-16
 1834 070e E8       		.byte	-24
 1835 070f 80       		.byte	-128
 1836 0710 9D       		.byte	-99
 1837 0711 80       		.byte	-128
 1838 0712 9F       		.byte	-97
 1839 0713 04       		.byte	4
 1840 0714 AF       		.byte	-81
 1841 0715 30       		.byte	48
 1842 0716 B7       		.byte	-73
 1843 0717 40       		.byte	64
 1844 0718 EA       		.byte	-22
 1845 0719 10       		.byte	16
 1846 071a EE       		.byte	-18
 1847 071b 10       		.byte	16
 1848 071c 00       		.byte	0
 1849 071d 02       		.byte	2
 1850 071e 01       		.byte	1
 1851 071f 20       		.byte	32
 1852 0720 07       		.byte	7
 1853 0721 24       		.byte	36
 1854 0722 09       		.byte	9
 1855 0723 04       		.byte	4
 1856 0724 83       		.byte	-125
 1857 0725 20       		.byte	32
 1858 0726 C0       		.byte	-64
 1859 0727 0F       		.byte	15
 1860 0728 C2       		.byte	-62
 1861 0729 08       		.byte	8
 1862 072a AB       		.byte	-85
 1863 072b 04       		.byte	4
 1864 072c B0       		.byte	-80
 1865 072d 01       		.byte	1
 1866 072e B5       		.byte	-75
 1867 072f 24       		.byte	36
 1868 0730 EA       		.byte	-22
 1869 0731 09       		.byte	9
 1870 0732 EE       		.byte	-18
 1871 0733 02       		.byte	2
 1872 0734 9F       		.byte	-97
 1873 0735 04       		.byte	4
 1874 0736 A9       		.byte	-87
 1875 0737 80       		.byte	-128
 1876 0738 EA       		.byte	-22
 1877 0739 20       		.byte	32
 1878 073a 83       		.byte	-125
 1879 073b 04       		.byte	4
 1880 073c 9F       		.byte	-97
 1881 073d 04       		.byte	4
ARM GAS  C:\Users\dph5ah\AppData\Local\Temp\ccBQV0tk.s 			page 34


 1882 073e E2       		.byte	-30
 1883 073f 80       		.byte	-128
 1884 0740 13       		.byte	19
 1885 0741 08       		.byte	8
 1886 0742 77       		.byte	119
 1887 0743 10       		.byte	16
 1888 0744 8F       		.byte	-113
 1889 0745 10       		.byte	16
 1890 0746 9F       		.byte	-97
 1891 0747 08       		.byte	8
 1892 0748 AF       		.byte	-81
 1893 0749 08       		.byte	8
 1894 074a C4       		.byte	-60
 1895 074b 08       		.byte	8
 1896 074c DE       		.byte	-34
 1897 074d 04       		.byte	4
 1898 074e E4       		.byte	-28
 1899 074f 02       		.byte	2
 1900 0750 00       		.byte	0
 1901 0751 03       		.byte	3
 1902 0752 08       		.byte	8
 1903 0753 02       		.byte	2
 1904 0754 0A       		.byte	10
 1905 0755 02       		.byte	2
 1906 0756 0C       		.byte	12
 1907 0757 03       		.byte	3
 1908 0758 0E       		.byte	14
 1909 0759 03       		.byte	3
 1910 075a 10       		.byte	16
 1911 075b 01       		.byte	1
 1912 075c 1C       		.byte	28
 1913 075d 01       		.byte	1
 1914 075e 00       		.byte	0
 1915 075f 00       		.byte	0
 1916 0760 FF       		.byte	-1
 1917 0761 FF       		.byte	-1
 1918 0762 FF       		.byte	-1
 1919 0763 0F       		.byte	15
 1920 0764 00       		.byte	0
 1921 0765 00       		.byte	0
 1922 0766 00       		.byte	0
 1923 0767 00       		.byte	0
 1924 0768 FF       		.byte	-1
 1925 0769 00       		.byte	0
 1926 076a 00       		.byte	0
 1927 076b FF       		.byte	-1
 1928 076c 00       		.byte	0
 1929 076d 00       		.byte	0
 1930 076e 00       		.byte	0
 1931 076f 00       		.byte	0
 1932 0770 00       		.byte	0
 1933 0771 00       		.byte	0
 1934 0772 00       		.byte	0
 1935 0773 00       		.byte	0
 1936 0774 40       		.byte	64
 1937 0775 80       		.byte	-128
 1938 0776 80       		.byte	-128
ARM GAS  C:\Users\dph5ah\AppData\Local\Temp\ccBQV0tk.s 			page 35


 1939 0777 00       		.byte	0
 1940 0778 80       		.byte	-128
 1941 0779 00       		.byte	0
 1942 077a 00       		.byte	0
 1943 077b 00       		.byte	0
 1944 077c 00       		.byte	0
 1945 077d 0B       		.byte	11
 1946 077e 0B       		.byte	11
 1947 077f 00       		.byte	0
 1948 0780 00       		.byte	0
 1949 0781 00       		.byte	0
 1950 0782 00       		.byte	0
 1951 0783 00       		.byte	0
 1952 0784 1F       		.byte	31
 1953 0785 00       		.byte	0
 1954 0786 00       		.byte	0
 1955 0787 1F       		.byte	31
 1956 0788 00       		.byte	0
 1957 0789 00       		.byte	0
 1958 078a 00       		.byte	0
 1959 078b 00       		.byte	0
 1960 078c 00       		.byte	0
 1961 078d 00       		.byte	0
 1962 078e 00       		.byte	0
 1963 078f 00       		.byte	0
 1964              		.section	.cywolatch,"a",%progbits
 1965              		.align	2
 1966              		.type	cy_meta_wonvl, %object
 1967              		.size	cy_meta_wonvl, 4
 1968              	cy_meta_wonvl:
 1969 0000 BC       		.byte	-68
 1970 0001 90       		.byte	-112
 1971 0002 AC       		.byte	-84
 1972 0003 AF       		.byte	-81
 1973              		.section	.cycustnvl,"a",%progbits
 1974              		.align	2
 1975              		.type	cy_meta_custnvl, %object
 1976              		.size	cy_meta_custnvl, 4
 1977              	cy_meta_custnvl:
 1978 0000 00       		.byte	0
 1979 0001 00       		.byte	0
 1980 0002 40       		.byte	64
 1981 0003 05       		.byte	5
 1982              		.section	.cymeta,"a",%progbits
 1983              		.align	2
 1984              		.type	cy_metadata, %object
 1985              		.size	cy_metadata, 12
 1986              	cy_metadata:
 1987 0000 00       		.byte	0
 1988 0001 01       		.byte	1
 1989 0002 2E       		.byte	46
 1990 0003 16       		.byte	22
 1991 0004 10       		.byte	16
 1992 0005 69       		.byte	105
 1993 0006 00       		.byte	0
 1994 0007 01       		.byte	1
 1995 0008 00       		.byte	0
ARM GAS  C:\Users\dph5ah\AppData\Local\Temp\ccBQV0tk.s 			page 36


 1996 0009 00       		.byte	0
 1997 000a 00       		.byte	0
 1998 000b 00       		.byte	0
 1999              		.section	.cyflashprotect,"a",%progbits
 2000              		.align	2
 2001              		.type	cy_meta_flashprotect, %object
 2002              		.size	cy_meta_flashprotect, 256
 2003              	cy_meta_flashprotect:
 2004 0000 00000000 		.space	256
 2004      00000000 
 2004      00000000 
 2004      00000000 
 2004      00000000 
 2005              		.text
 2006              	.Letext0:
 2007              		.file 1 "Generated_Source\\PSoC5\\cymetadata.c"
 2008              		.file 2 "Generated_Source\\PSoC5\\cytypes.h"
 2009              		.section	.debug_info,"",%progbits
 2010              	.Ldebug_info0:
 2011 0000 3B010000 		.4byte	0x13b
 2012 0004 0400     		.2byte	0x4
 2013 0006 00000000 		.4byte	.Ldebug_abbrev0
 2014 000a 04       		.byte	0x4
 2015 000b 01       		.uleb128 0x1
 2016 000c 6E000000 		.4byte	.LASF18
 2017 0010 01       		.byte	0x1
 2018 0011 CA010000 		.4byte	.LASF19
 2019 0015 35010000 		.4byte	.LASF20
 2020 0019 00000000 		.4byte	.Ldebug_line0
 2021 001d 02       		.uleb128 0x2
 2022 001e 01       		.byte	0x1
 2023 001f 06       		.byte	0x6
 2024 0020 BE010000 		.4byte	.LASF0
 2025 0024 02       		.uleb128 0x2
 2026 0025 01       		.byte	0x1
 2027 0026 08       		.byte	0x8
 2028 0027 12000000 		.4byte	.LASF1
 2029 002b 02       		.uleb128 0x2
 2030 002c 02       		.byte	0x2
 2031 002d 05       		.byte	0x5
 2032 002e A5010000 		.4byte	.LASF2
 2033 0032 02       		.uleb128 0x2
 2034 0033 02       		.byte	0x2
 2035 0034 07       		.byte	0x7
 2036 0035 32000000 		.4byte	.LASF3
 2037 0039 02       		.uleb128 0x2
 2038 003a 04       		.byte	0x4
 2039 003b 05       		.byte	0x5
 2040 003c B5010000 		.4byte	.LASF4
 2041 0040 02       		.uleb128 0x2
 2042 0041 04       		.byte	0x4
 2043 0042 07       		.byte	0x7
 2044 0043 20000000 		.4byte	.LASF5
 2045 0047 02       		.uleb128 0x2
 2046 0048 08       		.byte	0x8
 2047 0049 05       		.byte	0x5
 2048 004a 92010000 		.4byte	.LASF6
ARM GAS  C:\Users\dph5ah\AppData\Local\Temp\ccBQV0tk.s 			page 37


 2049 004e 02       		.uleb128 0x2
 2050 004f 08       		.byte	0x8
 2051 0050 07       		.byte	0x7
 2052 0051 09010000 		.4byte	.LASF7
 2053 0055 03       		.uleb128 0x3
 2054 0056 04       		.byte	0x4
 2055 0057 05       		.byte	0x5
 2056 0058 696E7400 		.ascii	"int\000"
 2057 005c 02       		.uleb128 0x2
 2058 005d 04       		.byte	0x4
 2059 005e 07       		.byte	0x7
 2060 005f FC000000 		.4byte	.LASF8
 2061 0063 04       		.uleb128 0x4
 2062 0064 AF010000 		.4byte	.LASF21
 2063 0068 02       		.byte	0x2
 2064 0069 9201     		.2byte	0x192
 2065 006b 24000000 		.4byte	0x24
 2066 006f 02       		.uleb128 0x2
 2067 0070 04       		.byte	0x4
 2068 0071 04       		.byte	0x4
 2069 0072 0C000000 		.4byte	.LASF9
 2070 0076 02       		.uleb128 0x2
 2071 0077 08       		.byte	0x8
 2072 0078 04       		.byte	0x4
 2073 0079 45000000 		.4byte	.LASF10
 2074 007d 02       		.uleb128 0x2
 2075 007e 01       		.byte	0x1
 2076 007f 08       		.byte	0x8
 2077 0080 A0010000 		.4byte	.LASF11
 2078 0084 05       		.uleb128 0x5
 2079 0085 63000000 		.4byte	0x63
 2080 0089 95000000 		.4byte	0x95
 2081 008d 06       		.uleb128 0x6
 2082 008e 95000000 		.4byte	0x95
 2083 0092 8F07     		.2byte	0x78f
 2084 0094 00       		.byte	0
 2085 0095 02       		.uleb128 0x2
 2086 0096 04       		.byte	0x4
 2087 0097 07       		.byte	0x7
 2088 0098 89010000 		.4byte	.LASF12
 2089 009c 07       		.uleb128 0x7
 2090 009d 5C000000 		.4byte	.LASF13
 2091 00a1 01       		.byte	0x1
 2092 00a2 1F       		.byte	0x1f
 2093 00a3 AD000000 		.4byte	0xad
 2094 00a7 05       		.uleb128 0x5
 2095 00a8 03       		.byte	0x3
 2096 00a9 00000000 		.4byte	cy_meta_configecc
 2097 00ad 08       		.uleb128 0x8
 2098 00ae 84000000 		.4byte	0x84
 2099 00b2 05       		.uleb128 0x5
 2100 00b3 63000000 		.4byte	0x63
 2101 00b7 C2000000 		.4byte	0xc2
 2102 00bb 09       		.uleb128 0x9
 2103 00bc 95000000 		.4byte	0x95
 2104 00c0 03       		.byte	0x3
 2105 00c1 00       		.byte	0
ARM GAS  C:\Users\dph5ah\AppData\Local\Temp\ccBQV0tk.s 			page 38


 2106 00c2 0A       		.uleb128 0xa
 2107 00c3 4C000000 		.4byte	.LASF14
 2108 00c7 01       		.byte	0x1
 2109 00c8 1E01     		.2byte	0x11e
 2110 00ca D4000000 		.4byte	0xd4
 2111 00ce 05       		.uleb128 0x5
 2112 00cf 03       		.byte	0x3
 2113 00d0 00000000 		.4byte	cy_meta_custnvl
 2114 00d4 08       		.uleb128 0x8
 2115 00d5 B2000000 		.4byte	0xb2
 2116 00d9 0A       		.uleb128 0xa
 2117 00da 7B010000 		.4byte	.LASF15
 2118 00de 01       		.byte	0x1
 2119 00df 2C01     		.2byte	0x12c
 2120 00e1 EB000000 		.4byte	0xeb
 2121 00e5 05       		.uleb128 0x5
 2122 00e6 03       		.byte	0x3
 2123 00e7 00000000 		.4byte	cy_meta_wonvl
 2124 00eb 08       		.uleb128 0x8
 2125 00ec B2000000 		.4byte	0xb2
 2126 00f0 05       		.uleb128 0x5
 2127 00f1 63000000 		.4byte	0x63
 2128 00f5 00010000 		.4byte	0x100
 2129 00f9 09       		.uleb128 0x9
 2130 00fa 95000000 		.4byte	0x95
 2131 00fe FF       		.byte	0xff
 2132 00ff 00       		.byte	0
 2133 0100 0A       		.uleb128 0xa
 2134 0101 20010000 		.4byte	.LASF16
 2135 0105 01       		.byte	0x1
 2136 0106 3A01     		.2byte	0x13a
 2137 0108 12010000 		.4byte	0x112
 2138 010c 05       		.uleb128 0x5
 2139 010d 03       		.byte	0x3
 2140 010e 00000000 		.4byte	cy_meta_flashprotect
 2141 0112 08       		.uleb128 0x8
 2142 0113 F0000000 		.4byte	0xf0
 2143 0117 05       		.uleb128 0x5
 2144 0118 63000000 		.4byte	0x63
 2145 011c 27010000 		.4byte	0x127
 2146 0120 09       		.uleb128 0x9
 2147 0121 95000000 		.4byte	0x95
 2148 0125 0B       		.byte	0xb
 2149 0126 00       		.byte	0
 2150 0127 0A       		.uleb128 0xa
 2151 0128 00000000 		.4byte	.LASF17
 2152 012c 01       		.byte	0x1
 2153 012d 6701     		.2byte	0x167
 2154 012f 39010000 		.4byte	0x139
 2155 0133 05       		.uleb128 0x5
 2156 0134 03       		.byte	0x3
 2157 0135 00000000 		.4byte	cy_metadata
 2158 0139 08       		.uleb128 0x8
 2159 013a 17010000 		.4byte	0x117
 2160 013e 00       		.byte	0
 2161              		.section	.debug_abbrev,"",%progbits
 2162              	.Ldebug_abbrev0:
ARM GAS  C:\Users\dph5ah\AppData\Local\Temp\ccBQV0tk.s 			page 39


 2163 0000 01       		.uleb128 0x1
 2164 0001 11       		.uleb128 0x11
 2165 0002 01       		.byte	0x1
 2166 0003 25       		.uleb128 0x25
 2167 0004 0E       		.uleb128 0xe
 2168 0005 13       		.uleb128 0x13
 2169 0006 0B       		.uleb128 0xb
 2170 0007 03       		.uleb128 0x3
 2171 0008 0E       		.uleb128 0xe
 2172 0009 1B       		.uleb128 0x1b
 2173 000a 0E       		.uleb128 0xe
 2174 000b 10       		.uleb128 0x10
 2175 000c 17       		.uleb128 0x17
 2176 000d 00       		.byte	0
 2177 000e 00       		.byte	0
 2178 000f 02       		.uleb128 0x2
 2179 0010 24       		.uleb128 0x24
 2180 0011 00       		.byte	0
 2181 0012 0B       		.uleb128 0xb
 2182 0013 0B       		.uleb128 0xb
 2183 0014 3E       		.uleb128 0x3e
 2184 0015 0B       		.uleb128 0xb
 2185 0016 03       		.uleb128 0x3
 2186 0017 0E       		.uleb128 0xe
 2187 0018 00       		.byte	0
 2188 0019 00       		.byte	0
 2189 001a 03       		.uleb128 0x3
 2190 001b 24       		.uleb128 0x24
 2191 001c 00       		.byte	0
 2192 001d 0B       		.uleb128 0xb
 2193 001e 0B       		.uleb128 0xb
 2194 001f 3E       		.uleb128 0x3e
 2195 0020 0B       		.uleb128 0xb
 2196 0021 03       		.uleb128 0x3
 2197 0022 08       		.uleb128 0x8
 2198 0023 00       		.byte	0
 2199 0024 00       		.byte	0
 2200 0025 04       		.uleb128 0x4
 2201 0026 16       		.uleb128 0x16
 2202 0027 00       		.byte	0
 2203 0028 03       		.uleb128 0x3
 2204 0029 0E       		.uleb128 0xe
 2205 002a 3A       		.uleb128 0x3a
 2206 002b 0B       		.uleb128 0xb
 2207 002c 3B       		.uleb128 0x3b
 2208 002d 05       		.uleb128 0x5
 2209 002e 49       		.uleb128 0x49
 2210 002f 13       		.uleb128 0x13
 2211 0030 00       		.byte	0
 2212 0031 00       		.byte	0
 2213 0032 05       		.uleb128 0x5
 2214 0033 01       		.uleb128 0x1
 2215 0034 01       		.byte	0x1
 2216 0035 49       		.uleb128 0x49
 2217 0036 13       		.uleb128 0x13
 2218 0037 01       		.uleb128 0x1
 2219 0038 13       		.uleb128 0x13
ARM GAS  C:\Users\dph5ah\AppData\Local\Temp\ccBQV0tk.s 			page 40


 2220 0039 00       		.byte	0
 2221 003a 00       		.byte	0
 2222 003b 06       		.uleb128 0x6
 2223 003c 21       		.uleb128 0x21
 2224 003d 00       		.byte	0
 2225 003e 49       		.uleb128 0x49
 2226 003f 13       		.uleb128 0x13
 2227 0040 2F       		.uleb128 0x2f
 2228 0041 05       		.uleb128 0x5
 2229 0042 00       		.byte	0
 2230 0043 00       		.byte	0
 2231 0044 07       		.uleb128 0x7
 2232 0045 34       		.uleb128 0x34
 2233 0046 00       		.byte	0
 2234 0047 03       		.uleb128 0x3
 2235 0048 0E       		.uleb128 0xe
 2236 0049 3A       		.uleb128 0x3a
 2237 004a 0B       		.uleb128 0xb
 2238 004b 3B       		.uleb128 0x3b
 2239 004c 0B       		.uleb128 0xb
 2240 004d 49       		.uleb128 0x49
 2241 004e 13       		.uleb128 0x13
 2242 004f 3F       		.uleb128 0x3f
 2243 0050 19       		.uleb128 0x19
 2244 0051 02       		.uleb128 0x2
 2245 0052 18       		.uleb128 0x18
 2246 0053 00       		.byte	0
 2247 0054 00       		.byte	0
 2248 0055 08       		.uleb128 0x8
 2249 0056 26       		.uleb128 0x26
 2250 0057 00       		.byte	0
 2251 0058 49       		.uleb128 0x49
 2252 0059 13       		.uleb128 0x13
 2253 005a 00       		.byte	0
 2254 005b 00       		.byte	0
 2255 005c 09       		.uleb128 0x9
 2256 005d 21       		.uleb128 0x21
 2257 005e 00       		.byte	0
 2258 005f 49       		.uleb128 0x49
 2259 0060 13       		.uleb128 0x13
 2260 0061 2F       		.uleb128 0x2f
 2261 0062 0B       		.uleb128 0xb
 2262 0063 00       		.byte	0
 2263 0064 00       		.byte	0
 2264 0065 0A       		.uleb128 0xa
 2265 0066 34       		.uleb128 0x34
 2266 0067 00       		.byte	0
 2267 0068 03       		.uleb128 0x3
 2268 0069 0E       		.uleb128 0xe
 2269 006a 3A       		.uleb128 0x3a
 2270 006b 0B       		.uleb128 0xb
 2271 006c 3B       		.uleb128 0x3b
 2272 006d 05       		.uleb128 0x5
 2273 006e 49       		.uleb128 0x49
 2274 006f 13       		.uleb128 0x13
 2275 0070 3F       		.uleb128 0x3f
 2276 0071 19       		.uleb128 0x19
ARM GAS  C:\Users\dph5ah\AppData\Local\Temp\ccBQV0tk.s 			page 41


 2277 0072 02       		.uleb128 0x2
 2278 0073 18       		.uleb128 0x18
 2279 0074 00       		.byte	0
 2280 0075 00       		.byte	0
 2281 0076 00       		.byte	0
 2282              		.section	.debug_aranges,"",%progbits
 2283 0000 14000000 		.4byte	0x14
 2284 0004 0200     		.2byte	0x2
 2285 0006 00000000 		.4byte	.Ldebug_info0
 2286 000a 04       		.byte	0x4
 2287 000b 00       		.byte	0
 2288 000c 0000     		.2byte	0
 2289 000e 0000     		.2byte	0
 2290 0010 00000000 		.4byte	0
 2291 0014 00000000 		.4byte	0
 2292              		.section	.debug_line,"",%progbits
 2293              	.Ldebug_line0:
 2294 0000 4D000000 		.section	.debug_str,"MS",%progbits,1
 2294      02004700 
 2294      00000201 
 2294      FB0E0D00 
 2294      01010101 
 2295              	.LASF17:
 2296 0000 63795F6D 		.ascii	"cy_metadata\000"
 2296      65746164 
 2296      61746100 
 2297              	.LASF9:
 2298 000c 666C6F61 		.ascii	"float\000"
 2298      7400
 2299              	.LASF1:
 2300 0012 756E7369 		.ascii	"unsigned char\000"
 2300      676E6564 
 2300      20636861 
 2300      7200
 2301              	.LASF5:
 2302 0020 6C6F6E67 		.ascii	"long unsigned int\000"
 2302      20756E73 
 2302      69676E65 
 2302      6420696E 
 2302      7400
 2303              	.LASF3:
 2304 0032 73686F72 		.ascii	"short unsigned int\000"
 2304      7420756E 
 2304      7369676E 
 2304      65642069 
 2304      6E7400
 2305              	.LASF10:
 2306 0045 646F7562 		.ascii	"double\000"
 2306      6C6500
 2307              	.LASF14:
 2308 004c 63795F6D 		.ascii	"cy_meta_custnvl\000"
 2308      6574615F 
 2308      63757374 
 2308      6E766C00 
 2309              	.LASF13:
 2310 005c 63795F6D 		.ascii	"cy_meta_configecc\000"
 2310      6574615F 
ARM GAS  C:\Users\dph5ah\AppData\Local\Temp\ccBQV0tk.s 			page 42


 2310      636F6E66 
 2310      69676563 
 2310      6300
 2311              	.LASF18:
 2312 006e 474E5520 		.ascii	"GNU C 4.9.3 20150303 (release) [ARM/embedded-4_9-br"
 2312      4320342E 
 2312      392E3320 
 2312      32303135 
 2312      30333033 
 2313 00a1 616E6368 		.ascii	"anch revision 221220] -mcpu=cortex-m3 -mthumb -g -O"
 2313      20726576 
 2313      6973696F 
 2313      6E203232 
 2313      31323230 
 2314 00d4 67202D66 		.ascii	"g -ffunction-sections -ffat-lto-objects\000"
 2314      66756E63 
 2314      74696F6E 
 2314      2D736563 
 2314      74696F6E 
 2315              	.LASF8:
 2316 00fc 756E7369 		.ascii	"unsigned int\000"
 2316      676E6564 
 2316      20696E74 
 2316      00
 2317              	.LASF7:
 2318 0109 6C6F6E67 		.ascii	"long long unsigned int\000"
 2318      206C6F6E 
 2318      6720756E 
 2318      7369676E 
 2318      65642069 
 2319              	.LASF16:
 2320 0120 63795F6D 		.ascii	"cy_meta_flashprotect\000"
 2320      6574615F 
 2320      666C6173 
 2320      6870726F 
 2320      74656374 
 2321              	.LASF20:
 2322 0135 433A5C55 		.ascii	"C:\\Users\\dph5ah\\Documents\\PSoC Creator\\Workspa"
 2322      73657273 
 2322      5C647068 
 2322      3561685C 
 2322      446F6375 
 2323 0163 63653031 		.ascii	"ce01\\galton board.cydsn\000"
 2323      5C67616C 
 2323      746F6E20 
 2323      626F6172 
 2323      642E6379 
 2324              	.LASF15:
 2325 017b 63795F6D 		.ascii	"cy_meta_wonvl\000"
 2325      6574615F 
 2325      776F6E76 
 2325      6C00
 2326              	.LASF12:
 2327 0189 73697A65 		.ascii	"sizetype\000"
 2327      74797065 
 2327      00
 2328              	.LASF6:
ARM GAS  C:\Users\dph5ah\AppData\Local\Temp\ccBQV0tk.s 			page 43


 2329 0192 6C6F6E67 		.ascii	"long long int\000"
 2329      206C6F6E 
 2329      6720696E 
 2329      7400
 2330              	.LASF11:
 2331 01a0 63686172 		.ascii	"char\000"
 2331      00
 2332              	.LASF2:
 2333 01a5 73686F72 		.ascii	"short int\000"
 2333      7420696E 
 2333      7400
 2334              	.LASF21:
 2335 01af 75696E74 		.ascii	"uint8\000"
 2335      3800
 2336              	.LASF4:
 2337 01b5 6C6F6E67 		.ascii	"long int\000"
 2337      20696E74 
 2337      00
 2338              	.LASF0:
 2339 01be 7369676E 		.ascii	"signed char\000"
 2339      65642063 
 2339      68617200 
 2340              	.LASF19:
 2341 01ca 47656E65 		.ascii	"Generated_Source\\PSoC5\\cymetadata.c\000"
 2341      72617465 
 2341      645F536F 
 2341      75726365 
 2341      5C50536F 
 2342              		.ident	"GCC: (GNU Tools for ARM Embedded Processors) 4.9.3 20150303 (release) [ARM/embedded-4_9-br
