ARM GAS  C:\Users\dph5ah\AppData\Local\Temp\cc8wb8Wt.s 			page 1


   1              		.syntax unified
   2              		.cpu cortex-m3
   3              		.fpu softvfp
   4              		.eabi_attribute 20, 1
   5              		.eabi_attribute 21, 1
   6              		.eabi_attribute 23, 3
   7              		.eabi_attribute 24, 1
   8              		.eabi_attribute 25, 1
   9              		.eabi_attribute 26, 1
  10              		.eabi_attribute 30, 1
  11              		.eabi_attribute 34, 1
  12              		.eabi_attribute 18, 4
  13              		.thumb
  14              		.file	"VFD_1_Comp_UV_PM.c"
  15              		.text
  16              	.Ltext0:
  17              		.cfi_sections	.debug_frame
  18              		.section	.text.VFD_1_Comp_UV_SaveConfig,"ax",%progbits
  19              		.align	2
  20              		.global	VFD_1_Comp_UV_SaveConfig
  21              		.thumb
  22              		.thumb_func
  23              		.type	VFD_1_Comp_UV_SaveConfig, %function
  24              	VFD_1_Comp_UV_SaveConfig:
  25              	.LFB0:
  26              		.file 1 "Generated_Source\\PSoC5\\VFD_1_Comp_UV_PM.c"
   1:Generated_Source\PSoC5/VFD_1_Comp_UV_PM.c **** /*******************************************************************************
   2:Generated_Source\PSoC5/VFD_1_Comp_UV_PM.c **** * File Name: VFD_1_Comp_UV.c
   3:Generated_Source\PSoC5/VFD_1_Comp_UV_PM.c **** * Version 2.0
   4:Generated_Source\PSoC5/VFD_1_Comp_UV_PM.c **** *
   5:Generated_Source\PSoC5/VFD_1_Comp_UV_PM.c **** * Description:
   6:Generated_Source\PSoC5/VFD_1_Comp_UV_PM.c **** *  This file provides the power management source code APIs for the
   7:Generated_Source\PSoC5/VFD_1_Comp_UV_PM.c **** *  Comparator.
   8:Generated_Source\PSoC5/VFD_1_Comp_UV_PM.c **** *
   9:Generated_Source\PSoC5/VFD_1_Comp_UV_PM.c **** * Note:
  10:Generated_Source\PSoC5/VFD_1_Comp_UV_PM.c **** *  None
  11:Generated_Source\PSoC5/VFD_1_Comp_UV_PM.c **** *
  12:Generated_Source\PSoC5/VFD_1_Comp_UV_PM.c **** ********************************************************************************
  13:Generated_Source\PSoC5/VFD_1_Comp_UV_PM.c **** * Copyright 2008-2012, Cypress Semiconductor Corporation.  All rights reserved.
  14:Generated_Source\PSoC5/VFD_1_Comp_UV_PM.c **** * You may use this file only in accordance with the license, terms, conditions, 
  15:Generated_Source\PSoC5/VFD_1_Comp_UV_PM.c **** * disclaimers, and limitations in the end user license agreement accompanying 
  16:Generated_Source\PSoC5/VFD_1_Comp_UV_PM.c **** * the software package with which this file was provided.
  17:Generated_Source\PSoC5/VFD_1_Comp_UV_PM.c **** *******************************************************************************/
  18:Generated_Source\PSoC5/VFD_1_Comp_UV_PM.c **** 
  19:Generated_Source\PSoC5/VFD_1_Comp_UV_PM.c **** #include "VFD_1_Comp_UV.h"
  20:Generated_Source\PSoC5/VFD_1_Comp_UV_PM.c **** 
  21:Generated_Source\PSoC5/VFD_1_Comp_UV_PM.c **** static VFD_1_Comp_UV_backupStruct VFD_1_Comp_UV_backup;
  22:Generated_Source\PSoC5/VFD_1_Comp_UV_PM.c **** 
  23:Generated_Source\PSoC5/VFD_1_Comp_UV_PM.c **** 
  24:Generated_Source\PSoC5/VFD_1_Comp_UV_PM.c **** /*******************************************************************************
  25:Generated_Source\PSoC5/VFD_1_Comp_UV_PM.c **** * Function Name: VFD_1_Comp_UV_SaveConfig
  26:Generated_Source\PSoC5/VFD_1_Comp_UV_PM.c **** ********************************************************************************
  27:Generated_Source\PSoC5/VFD_1_Comp_UV_PM.c **** *
  28:Generated_Source\PSoC5/VFD_1_Comp_UV_PM.c **** * Summary:
  29:Generated_Source\PSoC5/VFD_1_Comp_UV_PM.c **** *  Save the current user configuration
  30:Generated_Source\PSoC5/VFD_1_Comp_UV_PM.c **** *
  31:Generated_Source\PSoC5/VFD_1_Comp_UV_PM.c **** * Parameters:
ARM GAS  C:\Users\dph5ah\AppData\Local\Temp\cc8wb8Wt.s 			page 2


  32:Generated_Source\PSoC5/VFD_1_Comp_UV_PM.c **** *  void:
  33:Generated_Source\PSoC5/VFD_1_Comp_UV_PM.c **** *
  34:Generated_Source\PSoC5/VFD_1_Comp_UV_PM.c **** * Return:
  35:Generated_Source\PSoC5/VFD_1_Comp_UV_PM.c **** *  void
  36:Generated_Source\PSoC5/VFD_1_Comp_UV_PM.c **** *
  37:Generated_Source\PSoC5/VFD_1_Comp_UV_PM.c **** *******************************************************************************/
  38:Generated_Source\PSoC5/VFD_1_Comp_UV_PM.c **** void VFD_1_Comp_UV_SaveConfig(void) 
  39:Generated_Source\PSoC5/VFD_1_Comp_UV_PM.c **** {
  27              		.loc 1 39 0
  28              		.cfi_startproc
  29              		@ args = 0, pretend = 0, frame = 0
  30              		@ frame_needed = 0, uses_anonymous_args = 0
  31              		@ link register save eliminated.
  32 0000 7047     		bx	lr
  33              		.cfi_endproc
  34              	.LFE0:
  35              		.size	VFD_1_Comp_UV_SaveConfig, .-VFD_1_Comp_UV_SaveConfig
  36 0002 00BF     		.section	.text.VFD_1_Comp_UV_RestoreConfig,"ax",%progbits
  37              		.align	2
  38              		.global	VFD_1_Comp_UV_RestoreConfig
  39              		.thumb
  40              		.thumb_func
  41              		.type	VFD_1_Comp_UV_RestoreConfig, %function
  42              	VFD_1_Comp_UV_RestoreConfig:
  43              	.LFB1:
  40:Generated_Source\PSoC5/VFD_1_Comp_UV_PM.c ****     /* Empty since all are system reset for retention flops */
  41:Generated_Source\PSoC5/VFD_1_Comp_UV_PM.c **** }
  42:Generated_Source\PSoC5/VFD_1_Comp_UV_PM.c **** 
  43:Generated_Source\PSoC5/VFD_1_Comp_UV_PM.c **** 
  44:Generated_Source\PSoC5/VFD_1_Comp_UV_PM.c **** /*******************************************************************************
  45:Generated_Source\PSoC5/VFD_1_Comp_UV_PM.c **** * Function Name: VFD_1_Comp_UV_RestoreConfig
  46:Generated_Source\PSoC5/VFD_1_Comp_UV_PM.c **** ********************************************************************************
  47:Generated_Source\PSoC5/VFD_1_Comp_UV_PM.c **** *
  48:Generated_Source\PSoC5/VFD_1_Comp_UV_PM.c **** * Summary:
  49:Generated_Source\PSoC5/VFD_1_Comp_UV_PM.c **** *  Restores the current user configuration.
  50:Generated_Source\PSoC5/VFD_1_Comp_UV_PM.c **** *
  51:Generated_Source\PSoC5/VFD_1_Comp_UV_PM.c **** * Parameters:
  52:Generated_Source\PSoC5/VFD_1_Comp_UV_PM.c **** *  void
  53:Generated_Source\PSoC5/VFD_1_Comp_UV_PM.c **** *
  54:Generated_Source\PSoC5/VFD_1_Comp_UV_PM.c **** * Return:
  55:Generated_Source\PSoC5/VFD_1_Comp_UV_PM.c **** *  void
  56:Generated_Source\PSoC5/VFD_1_Comp_UV_PM.c **** *
  57:Generated_Source\PSoC5/VFD_1_Comp_UV_PM.c **** ********************************************************************************/
  58:Generated_Source\PSoC5/VFD_1_Comp_UV_PM.c **** void VFD_1_Comp_UV_RestoreConfig(void) 
  59:Generated_Source\PSoC5/VFD_1_Comp_UV_PM.c **** {
  44              		.loc 1 59 0
  45              		.cfi_startproc
  46              		@ args = 0, pretend = 0, frame = 0
  47              		@ frame_needed = 0, uses_anonymous_args = 0
  48              		@ link register save eliminated.
  49 0000 7047     		bx	lr
  50              		.cfi_endproc
  51              	.LFE1:
  52              		.size	VFD_1_Comp_UV_RestoreConfig, .-VFD_1_Comp_UV_RestoreConfig
  53 0002 00BF     		.section	.text.VFD_1_Comp_UV_Sleep,"ax",%progbits
  54              		.align	2
  55              		.global	VFD_1_Comp_UV_Sleep
ARM GAS  C:\Users\dph5ah\AppData\Local\Temp\cc8wb8Wt.s 			page 3


  56              		.thumb
  57              		.thumb_func
  58              		.type	VFD_1_Comp_UV_Sleep, %function
  59              	VFD_1_Comp_UV_Sleep:
  60              	.LFB2:
  60:Generated_Source\PSoC5/VFD_1_Comp_UV_PM.c ****     /* Empty since all are system reset for retention flops */    
  61:Generated_Source\PSoC5/VFD_1_Comp_UV_PM.c **** }
  62:Generated_Source\PSoC5/VFD_1_Comp_UV_PM.c **** 
  63:Generated_Source\PSoC5/VFD_1_Comp_UV_PM.c **** 
  64:Generated_Source\PSoC5/VFD_1_Comp_UV_PM.c **** /*******************************************************************************
  65:Generated_Source\PSoC5/VFD_1_Comp_UV_PM.c **** * Function Name: VFD_1_Comp_UV_Sleep
  66:Generated_Source\PSoC5/VFD_1_Comp_UV_PM.c **** ********************************************************************************
  67:Generated_Source\PSoC5/VFD_1_Comp_UV_PM.c **** *
  68:Generated_Source\PSoC5/VFD_1_Comp_UV_PM.c **** * Summary:
  69:Generated_Source\PSoC5/VFD_1_Comp_UV_PM.c **** *  Stop and Save the user configuration
  70:Generated_Source\PSoC5/VFD_1_Comp_UV_PM.c **** *
  71:Generated_Source\PSoC5/VFD_1_Comp_UV_PM.c **** * Parameters:
  72:Generated_Source\PSoC5/VFD_1_Comp_UV_PM.c **** *  void:
  73:Generated_Source\PSoC5/VFD_1_Comp_UV_PM.c **** *
  74:Generated_Source\PSoC5/VFD_1_Comp_UV_PM.c **** * Return:
  75:Generated_Source\PSoC5/VFD_1_Comp_UV_PM.c **** *  void
  76:Generated_Source\PSoC5/VFD_1_Comp_UV_PM.c **** *
  77:Generated_Source\PSoC5/VFD_1_Comp_UV_PM.c **** * Global variables:
  78:Generated_Source\PSoC5/VFD_1_Comp_UV_PM.c **** *  VFD_1_Comp_UV_backup.enableState:  Is modified depending on the enable 
  79:Generated_Source\PSoC5/VFD_1_Comp_UV_PM.c **** *   state of the block before entering sleep mode.
  80:Generated_Source\PSoC5/VFD_1_Comp_UV_PM.c **** *
  81:Generated_Source\PSoC5/VFD_1_Comp_UV_PM.c **** *******************************************************************************/
  82:Generated_Source\PSoC5/VFD_1_Comp_UV_PM.c **** void VFD_1_Comp_UV_Sleep(void) 
  83:Generated_Source\PSoC5/VFD_1_Comp_UV_PM.c **** {
  61              		.loc 1 83 0
  62              		.cfi_startproc
  63              		@ args = 0, pretend = 0, frame = 0
  64              		@ frame_needed = 0, uses_anonymous_args = 0
  65              		.loc 1 83 0
  66 0000 08B5     		push	{r3, lr}
  67              		.cfi_def_cfa_offset 8
  68              		.cfi_offset 3, -8
  69              		.cfi_offset 14, -4
  84:Generated_Source\PSoC5/VFD_1_Comp_UV_PM.c ****     /* Save Comp's enable state */    
  85:Generated_Source\PSoC5/VFD_1_Comp_UV_PM.c ****     if(VFD_1_Comp_UV_ACT_PWR_EN == (VFD_1_Comp_UV_PWRMGR & VFD_1_Comp_UV_ACT_PWR_EN))
  70              		.loc 1 85 0
  71 0002 074B     		ldr	r3, .L7
  72 0004 1B78     		ldrb	r3, [r3]	@ zero_extendqisi2
  73 0006 13F0080F 		tst	r3, #8
  74 000a 03D0     		beq	.L4
  86:Generated_Source\PSoC5/VFD_1_Comp_UV_PM.c ****     {
  87:Generated_Source\PSoC5/VFD_1_Comp_UV_PM.c ****         /* Comp is enabled */
  88:Generated_Source\PSoC5/VFD_1_Comp_UV_PM.c ****         VFD_1_Comp_UV_backup.enableState = 1u;
  75              		.loc 1 88 0
  76 000c 0122     		movs	r2, #1
  77 000e 054B     		ldr	r3, .L7+4
  78 0010 1A70     		strb	r2, [r3]
  79 0012 02E0     		b	.L5
  80              	.L4:
  89:Generated_Source\PSoC5/VFD_1_Comp_UV_PM.c ****     }
  90:Generated_Source\PSoC5/VFD_1_Comp_UV_PM.c ****     else
  91:Generated_Source\PSoC5/VFD_1_Comp_UV_PM.c ****     {
ARM GAS  C:\Users\dph5ah\AppData\Local\Temp\cc8wb8Wt.s 			page 4


  92:Generated_Source\PSoC5/VFD_1_Comp_UV_PM.c ****         /* Comp is disabled */
  93:Generated_Source\PSoC5/VFD_1_Comp_UV_PM.c ****         VFD_1_Comp_UV_backup.enableState = 0u;
  81              		.loc 1 93 0
  82 0014 0022     		movs	r2, #0
  83 0016 034B     		ldr	r3, .L7+4
  84 0018 1A70     		strb	r2, [r3]
  85              	.L5:
  94:Generated_Source\PSoC5/VFD_1_Comp_UV_PM.c ****     }    
  95:Generated_Source\PSoC5/VFD_1_Comp_UV_PM.c ****     
  96:Generated_Source\PSoC5/VFD_1_Comp_UV_PM.c ****     VFD_1_Comp_UV_Stop();
  86              		.loc 1 96 0
  87 001a FFF7FEFF 		bl	VFD_1_Comp_UV_Stop
  88              	.LVL0:
  89 001e 08BD     		pop	{r3, pc}
  90              	.L8:
  91              		.align	2
  92              	.L7:
  93 0020 A7430040 		.word	1073759143
  94 0024 00000000 		.word	.LANCHOR0
  95              		.cfi_endproc
  96              	.LFE2:
  97              		.size	VFD_1_Comp_UV_Sleep, .-VFD_1_Comp_UV_Sleep
  98              		.section	.text.VFD_1_Comp_UV_Wakeup,"ax",%progbits
  99              		.align	2
 100              		.global	VFD_1_Comp_UV_Wakeup
 101              		.thumb
 102              		.thumb_func
 103              		.type	VFD_1_Comp_UV_Wakeup, %function
 104              	VFD_1_Comp_UV_Wakeup:
 105              	.LFB3:
  97:Generated_Source\PSoC5/VFD_1_Comp_UV_PM.c ****     VFD_1_Comp_UV_SaveConfig();
  98:Generated_Source\PSoC5/VFD_1_Comp_UV_PM.c **** }
  99:Generated_Source\PSoC5/VFD_1_Comp_UV_PM.c **** 
 100:Generated_Source\PSoC5/VFD_1_Comp_UV_PM.c **** 
 101:Generated_Source\PSoC5/VFD_1_Comp_UV_PM.c **** /*******************************************************************************
 102:Generated_Source\PSoC5/VFD_1_Comp_UV_PM.c **** * Function Name: VFD_1_Comp_UV_Wakeup
 103:Generated_Source\PSoC5/VFD_1_Comp_UV_PM.c **** ********************************************************************************
 104:Generated_Source\PSoC5/VFD_1_Comp_UV_PM.c **** *
 105:Generated_Source\PSoC5/VFD_1_Comp_UV_PM.c **** * Summary:
 106:Generated_Source\PSoC5/VFD_1_Comp_UV_PM.c **** *  Restores and enables the user configuration
 107:Generated_Source\PSoC5/VFD_1_Comp_UV_PM.c **** *  
 108:Generated_Source\PSoC5/VFD_1_Comp_UV_PM.c **** * Parameters:
 109:Generated_Source\PSoC5/VFD_1_Comp_UV_PM.c **** *  void
 110:Generated_Source\PSoC5/VFD_1_Comp_UV_PM.c **** *
 111:Generated_Source\PSoC5/VFD_1_Comp_UV_PM.c **** * Return:
 112:Generated_Source\PSoC5/VFD_1_Comp_UV_PM.c **** *  void
 113:Generated_Source\PSoC5/VFD_1_Comp_UV_PM.c **** *
 114:Generated_Source\PSoC5/VFD_1_Comp_UV_PM.c **** * Global variables:
 115:Generated_Source\PSoC5/VFD_1_Comp_UV_PM.c **** *  VFD_1_Comp_UV_backup.enableState:  Is used to restore the enable state of 
 116:Generated_Source\PSoC5/VFD_1_Comp_UV_PM.c **** *  block on wakeup from sleep mode.
 117:Generated_Source\PSoC5/VFD_1_Comp_UV_PM.c **** *
 118:Generated_Source\PSoC5/VFD_1_Comp_UV_PM.c **** *******************************************************************************/
 119:Generated_Source\PSoC5/VFD_1_Comp_UV_PM.c **** void VFD_1_Comp_UV_Wakeup(void) 
 120:Generated_Source\PSoC5/VFD_1_Comp_UV_PM.c **** {
 106              		.loc 1 120 0
 107              		.cfi_startproc
 108              		@ args = 0, pretend = 0, frame = 0
ARM GAS  C:\Users\dph5ah\AppData\Local\Temp\cc8wb8Wt.s 			page 5


 109              		@ frame_needed = 0, uses_anonymous_args = 0
 110 0000 08B5     		push	{r3, lr}
 111              		.cfi_def_cfa_offset 8
 112              		.cfi_offset 3, -8
 113              		.cfi_offset 14, -4
 121:Generated_Source\PSoC5/VFD_1_Comp_UV_PM.c ****     VFD_1_Comp_UV_RestoreConfig();
 122:Generated_Source\PSoC5/VFD_1_Comp_UV_PM.c ****     
 123:Generated_Source\PSoC5/VFD_1_Comp_UV_PM.c ****     if(VFD_1_Comp_UV_backup.enableState == 1u)
 114              		.loc 1 123 0
 115 0002 034B     		ldr	r3, .L12
 116 0004 1B78     		ldrb	r3, [r3]	@ zero_extendqisi2
 117 0006 012B     		cmp	r3, #1
 118 0008 01D1     		bne	.L9
 124:Generated_Source\PSoC5/VFD_1_Comp_UV_PM.c ****     {
 125:Generated_Source\PSoC5/VFD_1_Comp_UV_PM.c ****         /* Enable Comp's operation */
 126:Generated_Source\PSoC5/VFD_1_Comp_UV_PM.c ****         VFD_1_Comp_UV_Enable();
 119              		.loc 1 126 0
 120 000a FFF7FEFF 		bl	VFD_1_Comp_UV_Enable
 121              	.LVL1:
 122              	.L9:
 123 000e 08BD     		pop	{r3, pc}
 124              	.L13:
 125              		.align	2
 126              	.L12:
 127 0010 00000000 		.word	.LANCHOR0
 128              		.cfi_endproc
 129              	.LFE3:
 130              		.size	VFD_1_Comp_UV_Wakeup, .-VFD_1_Comp_UV_Wakeup
 131              		.bss
 132              		.align	2
 133              		.set	.LANCHOR0,. + 0
 134              		.type	VFD_1_Comp_UV_backup, %object
 135              		.size	VFD_1_Comp_UV_backup, 1
 136              	VFD_1_Comp_UV_backup:
 137 0000 00       		.space	1
 138 0001 000000   		.text
 139              	.Letext0:
 140              		.file 2 "Generated_Source\\PSoC5\\cytypes.h"
 141              		.file 3 "Generated_Source\\PSoC5\\VFD_1_Comp_UV.h"
 142              		.section	.debug_info,"",%progbits
 143              	.Ldebug_info0:
 144 0000 40010000 		.4byte	0x140
 145 0004 0400     		.2byte	0x4
 146 0006 00000000 		.4byte	.Ldebug_abbrev0
 147 000a 04       		.byte	0x4
 148 000b 01       		.uleb128 0x1
 149 000c A1000000 		.4byte	.LASF22
 150 0010 01       		.byte	0x1
 151 0011 22020000 		.4byte	.LASF23
 152 0015 CD010000 		.4byte	.LASF24
 153 0019 00000000 		.4byte	.Ldebug_ranges0+0
 154 001d 00000000 		.4byte	0
 155 0021 00000000 		.4byte	.Ldebug_line0
 156 0025 02       		.uleb128 0x2
 157 0026 01       		.byte	0x1
 158 0027 06       		.byte	0x6
 159 0028 C1010000 		.4byte	.LASF0
ARM GAS  C:\Users\dph5ah\AppData\Local\Temp\cc8wb8Wt.s 			page 6


 160 002c 02       		.uleb128 0x2
 161 002d 01       		.byte	0x1
 162 002e 08       		.byte	0x8
 163 002f 4B010000 		.4byte	.LASF1
 164 0033 02       		.uleb128 0x2
 165 0034 02       		.byte	0x2
 166 0035 05       		.byte	0x5
 167 0036 13020000 		.4byte	.LASF2
 168 003a 02       		.uleb128 0x2
 169 003b 02       		.byte	0x2
 170 003c 07       		.byte	0x7
 171 003d AE010000 		.4byte	.LASF3
 172 0041 02       		.uleb128 0x2
 173 0042 04       		.byte	0x4
 174 0043 05       		.byte	0x5
 175 0044 77010000 		.4byte	.LASF4
 176 0048 02       		.uleb128 0x2
 177 0049 04       		.byte	0x4
 178 004a 07       		.byte	0x7
 179 004b 49000000 		.4byte	.LASF5
 180 004f 02       		.uleb128 0x2
 181 0050 08       		.byte	0x8
 182 0051 05       		.byte	0x5
 183 0052 00000000 		.4byte	.LASF6
 184 0056 02       		.uleb128 0x2
 185 0057 08       		.byte	0x8
 186 0058 07       		.byte	0x7
 187 0059 70000000 		.4byte	.LASF7
 188 005d 03       		.uleb128 0x3
 189 005e 04       		.byte	0x4
 190 005f 05       		.byte	0x5
 191 0060 696E7400 		.ascii	"int\000"
 192 0064 02       		.uleb128 0x2
 193 0065 04       		.byte	0x4
 194 0066 07       		.byte	0x7
 195 0067 21000000 		.4byte	.LASF8
 196 006b 04       		.uleb128 0x4
 197 006c 43000000 		.4byte	.LASF12
 198 0070 02       		.byte	0x2
 199 0071 9201     		.2byte	0x192
 200 0073 2C000000 		.4byte	0x2c
 201 0077 02       		.uleb128 0x2
 202 0078 04       		.byte	0x4
 203 0079 04       		.byte	0x4
 204 007a 87000000 		.4byte	.LASF9
 205 007e 02       		.uleb128 0x2
 206 007f 08       		.byte	0x8
 207 0080 04       		.byte	0x4
 208 0081 8C010000 		.4byte	.LASF10
 209 0085 02       		.uleb128 0x2
 210 0086 01       		.byte	0x1
 211 0087 08       		.byte	0x8
 212 0088 72010000 		.4byte	.LASF11
 213 008c 04       		.uleb128 0x4
 214 008d 1D020000 		.4byte	.LASF13
 215 0091 02       		.byte	0x2
 216 0092 3C02     		.2byte	0x23c
ARM GAS  C:\Users\dph5ah\AppData\Local\Temp\cc8wb8Wt.s 			page 7


 217 0094 98000000 		.4byte	0x98
 218 0098 05       		.uleb128 0x5
 219 0099 6B000000 		.4byte	0x6b
 220 009d 02       		.uleb128 0x2
 221 009e 04       		.byte	0x4
 222 009f 07       		.byte	0x7
 223 00a0 61020000 		.4byte	.LASF14
 224 00a4 06       		.uleb128 0x6
 225 00a5 01       		.byte	0x1
 226 00a6 03       		.byte	0x3
 227 00a7 29       		.byte	0x29
 228 00a8 B9000000 		.4byte	0xb9
 229 00ac 07       		.uleb128 0x7
 230 00ad 80010000 		.4byte	.LASF25
 231 00b1 03       		.byte	0x3
 232 00b2 2B       		.byte	0x2b
 233 00b3 6B000000 		.4byte	0x6b
 234 00b7 00       		.byte	0
 235 00b8 00       		.byte	0
 236 00b9 08       		.uleb128 0x8
 237 00ba 93010000 		.4byte	.LASF15
 238 00be 03       		.byte	0x3
 239 00bf 2D       		.byte	0x2d
 240 00c0 A4000000 		.4byte	0xa4
 241 00c4 09       		.uleb128 0x9
 242 00c5 59010000 		.4byte	.LASF16
 243 00c9 01       		.byte	0x1
 244 00ca 26       		.byte	0x26
 245 00cb 00000000 		.4byte	.LFB0
 246 00cf 02000000 		.4byte	.LFE0-.LFB0
 247 00d3 01       		.uleb128 0x1
 248 00d4 9C       		.byte	0x9c
 249 00d5 09       		.uleb128 0x9
 250 00d6 2F010000 		.4byte	.LASF17
 251 00da 01       		.byte	0x1
 252 00db 3A       		.byte	0x3a
 253 00dc 00000000 		.4byte	.LFB1
 254 00e0 02000000 		.4byte	.LFE1-.LFB1
 255 00e4 01       		.uleb128 0x1
 256 00e5 9C       		.byte	0x9c
 257 00e6 0A       		.uleb128 0xa
 258 00e7 8D000000 		.4byte	.LASF18
 259 00eb 01       		.byte	0x1
 260 00ec 52       		.byte	0x52
 261 00ed 00000000 		.4byte	.LFB2
 262 00f1 28000000 		.4byte	.LFE2-.LFB2
 263 00f5 01       		.uleb128 0x1
 264 00f6 9C       		.byte	0x9c
 265 00f7 05010000 		.4byte	0x105
 266 00fb 0B       		.uleb128 0xb
 267 00fc 1E000000 		.4byte	.LVL0
 268 0100 35010000 		.4byte	0x135
 269 0104 00       		.byte	0
 270 0105 0A       		.uleb128 0xa
 271 0106 2E000000 		.4byte	.LASF19
 272 010a 01       		.byte	0x1
 273 010b 77       		.byte	0x77
ARM GAS  C:\Users\dph5ah\AppData\Local\Temp\cc8wb8Wt.s 			page 8


 274 010c 00000000 		.4byte	.LFB3
 275 0110 14000000 		.4byte	.LFE3-.LFB3
 276 0114 01       		.uleb128 0x1
 277 0115 9C       		.byte	0x9c
 278 0116 24010000 		.4byte	0x124
 279 011a 0B       		.uleb128 0xb
 280 011b 0E000000 		.4byte	.LVL1
 281 011f 3C010000 		.4byte	0x13c
 282 0123 00       		.byte	0
 283 0124 0C       		.uleb128 0xc
 284 0125 4C020000 		.4byte	.LASF26
 285 0129 01       		.byte	0x1
 286 012a 15       		.byte	0x15
 287 012b B9000000 		.4byte	0xb9
 288 012f 05       		.uleb128 0x5
 289 0130 03       		.byte	0x3
 290 0131 00000000 		.4byte	VFD_1_Comp_UV_backup
 291 0135 0D       		.uleb128 0xd
 292 0136 0E000000 		.4byte	.LASF20
 293 013a 03       		.byte	0x3
 294 013b 40       		.byte	0x40
 295 013c 0D       		.uleb128 0xd
 296 013d 5B000000 		.4byte	.LASF21
 297 0141 03       		.byte	0x3
 298 0142 46       		.byte	0x46
 299 0143 00       		.byte	0
 300              		.section	.debug_abbrev,"",%progbits
 301              	.Ldebug_abbrev0:
 302 0000 01       		.uleb128 0x1
 303 0001 11       		.uleb128 0x11
 304 0002 01       		.byte	0x1
 305 0003 25       		.uleb128 0x25
 306 0004 0E       		.uleb128 0xe
 307 0005 13       		.uleb128 0x13
 308 0006 0B       		.uleb128 0xb
 309 0007 03       		.uleb128 0x3
 310 0008 0E       		.uleb128 0xe
 311 0009 1B       		.uleb128 0x1b
 312 000a 0E       		.uleb128 0xe
 313 000b 55       		.uleb128 0x55
 314 000c 17       		.uleb128 0x17
 315 000d 11       		.uleb128 0x11
 316 000e 01       		.uleb128 0x1
 317 000f 10       		.uleb128 0x10
 318 0010 17       		.uleb128 0x17
 319 0011 00       		.byte	0
 320 0012 00       		.byte	0
 321 0013 02       		.uleb128 0x2
 322 0014 24       		.uleb128 0x24
 323 0015 00       		.byte	0
 324 0016 0B       		.uleb128 0xb
 325 0017 0B       		.uleb128 0xb
 326 0018 3E       		.uleb128 0x3e
 327 0019 0B       		.uleb128 0xb
 328 001a 03       		.uleb128 0x3
 329 001b 0E       		.uleb128 0xe
 330 001c 00       		.byte	0
ARM GAS  C:\Users\dph5ah\AppData\Local\Temp\cc8wb8Wt.s 			page 9


 331 001d 00       		.byte	0
 332 001e 03       		.uleb128 0x3
 333 001f 24       		.uleb128 0x24
 334 0020 00       		.byte	0
 335 0021 0B       		.uleb128 0xb
 336 0022 0B       		.uleb128 0xb
 337 0023 3E       		.uleb128 0x3e
 338 0024 0B       		.uleb128 0xb
 339 0025 03       		.uleb128 0x3
 340 0026 08       		.uleb128 0x8
 341 0027 00       		.byte	0
 342 0028 00       		.byte	0
 343 0029 04       		.uleb128 0x4
 344 002a 16       		.uleb128 0x16
 345 002b 00       		.byte	0
 346 002c 03       		.uleb128 0x3
 347 002d 0E       		.uleb128 0xe
 348 002e 3A       		.uleb128 0x3a
 349 002f 0B       		.uleb128 0xb
 350 0030 3B       		.uleb128 0x3b
 351 0031 05       		.uleb128 0x5
 352 0032 49       		.uleb128 0x49
 353 0033 13       		.uleb128 0x13
 354 0034 00       		.byte	0
 355 0035 00       		.byte	0
 356 0036 05       		.uleb128 0x5
 357 0037 35       		.uleb128 0x35
 358 0038 00       		.byte	0
 359 0039 49       		.uleb128 0x49
 360 003a 13       		.uleb128 0x13
 361 003b 00       		.byte	0
 362 003c 00       		.byte	0
 363 003d 06       		.uleb128 0x6
 364 003e 13       		.uleb128 0x13
 365 003f 01       		.byte	0x1
 366 0040 0B       		.uleb128 0xb
 367 0041 0B       		.uleb128 0xb
 368 0042 3A       		.uleb128 0x3a
 369 0043 0B       		.uleb128 0xb
 370 0044 3B       		.uleb128 0x3b
 371 0045 0B       		.uleb128 0xb
 372 0046 01       		.uleb128 0x1
 373 0047 13       		.uleb128 0x13
 374 0048 00       		.byte	0
 375 0049 00       		.byte	0
 376 004a 07       		.uleb128 0x7
 377 004b 0D       		.uleb128 0xd
 378 004c 00       		.byte	0
 379 004d 03       		.uleb128 0x3
 380 004e 0E       		.uleb128 0xe
 381 004f 3A       		.uleb128 0x3a
 382 0050 0B       		.uleb128 0xb
 383 0051 3B       		.uleb128 0x3b
 384 0052 0B       		.uleb128 0xb
 385 0053 49       		.uleb128 0x49
 386 0054 13       		.uleb128 0x13
 387 0055 38       		.uleb128 0x38
ARM GAS  C:\Users\dph5ah\AppData\Local\Temp\cc8wb8Wt.s 			page 10


 388 0056 0B       		.uleb128 0xb
 389 0057 00       		.byte	0
 390 0058 00       		.byte	0
 391 0059 08       		.uleb128 0x8
 392 005a 16       		.uleb128 0x16
 393 005b 00       		.byte	0
 394 005c 03       		.uleb128 0x3
 395 005d 0E       		.uleb128 0xe
 396 005e 3A       		.uleb128 0x3a
 397 005f 0B       		.uleb128 0xb
 398 0060 3B       		.uleb128 0x3b
 399 0061 0B       		.uleb128 0xb
 400 0062 49       		.uleb128 0x49
 401 0063 13       		.uleb128 0x13
 402 0064 00       		.byte	0
 403 0065 00       		.byte	0
 404 0066 09       		.uleb128 0x9
 405 0067 2E       		.uleb128 0x2e
 406 0068 00       		.byte	0
 407 0069 3F       		.uleb128 0x3f
 408 006a 19       		.uleb128 0x19
 409 006b 03       		.uleb128 0x3
 410 006c 0E       		.uleb128 0xe
 411 006d 3A       		.uleb128 0x3a
 412 006e 0B       		.uleb128 0xb
 413 006f 3B       		.uleb128 0x3b
 414 0070 0B       		.uleb128 0xb
 415 0071 27       		.uleb128 0x27
 416 0072 19       		.uleb128 0x19
 417 0073 11       		.uleb128 0x11
 418 0074 01       		.uleb128 0x1
 419 0075 12       		.uleb128 0x12
 420 0076 06       		.uleb128 0x6
 421 0077 40       		.uleb128 0x40
 422 0078 18       		.uleb128 0x18
 423 0079 9742     		.uleb128 0x2117
 424 007b 19       		.uleb128 0x19
 425 007c 00       		.byte	0
 426 007d 00       		.byte	0
 427 007e 0A       		.uleb128 0xa
 428 007f 2E       		.uleb128 0x2e
 429 0080 01       		.byte	0x1
 430 0081 3F       		.uleb128 0x3f
 431 0082 19       		.uleb128 0x19
 432 0083 03       		.uleb128 0x3
 433 0084 0E       		.uleb128 0xe
 434 0085 3A       		.uleb128 0x3a
 435 0086 0B       		.uleb128 0xb
 436 0087 3B       		.uleb128 0x3b
 437 0088 0B       		.uleb128 0xb
 438 0089 27       		.uleb128 0x27
 439 008a 19       		.uleb128 0x19
 440 008b 11       		.uleb128 0x11
 441 008c 01       		.uleb128 0x1
 442 008d 12       		.uleb128 0x12
 443 008e 06       		.uleb128 0x6
 444 008f 40       		.uleb128 0x40
ARM GAS  C:\Users\dph5ah\AppData\Local\Temp\cc8wb8Wt.s 			page 11


 445 0090 18       		.uleb128 0x18
 446 0091 9742     		.uleb128 0x2117
 447 0093 19       		.uleb128 0x19
 448 0094 01       		.uleb128 0x1
 449 0095 13       		.uleb128 0x13
 450 0096 00       		.byte	0
 451 0097 00       		.byte	0
 452 0098 0B       		.uleb128 0xb
 453 0099 898201   		.uleb128 0x4109
 454 009c 00       		.byte	0
 455 009d 11       		.uleb128 0x11
 456 009e 01       		.uleb128 0x1
 457 009f 31       		.uleb128 0x31
 458 00a0 13       		.uleb128 0x13
 459 00a1 00       		.byte	0
 460 00a2 00       		.byte	0
 461 00a3 0C       		.uleb128 0xc
 462 00a4 34       		.uleb128 0x34
 463 00a5 00       		.byte	0
 464 00a6 03       		.uleb128 0x3
 465 00a7 0E       		.uleb128 0xe
 466 00a8 3A       		.uleb128 0x3a
 467 00a9 0B       		.uleb128 0xb
 468 00aa 3B       		.uleb128 0x3b
 469 00ab 0B       		.uleb128 0xb
 470 00ac 49       		.uleb128 0x49
 471 00ad 13       		.uleb128 0x13
 472 00ae 02       		.uleb128 0x2
 473 00af 18       		.uleb128 0x18
 474 00b0 00       		.byte	0
 475 00b1 00       		.byte	0
 476 00b2 0D       		.uleb128 0xd
 477 00b3 2E       		.uleb128 0x2e
 478 00b4 00       		.byte	0
 479 00b5 3F       		.uleb128 0x3f
 480 00b6 19       		.uleb128 0x19
 481 00b7 03       		.uleb128 0x3
 482 00b8 0E       		.uleb128 0xe
 483 00b9 3A       		.uleb128 0x3a
 484 00ba 0B       		.uleb128 0xb
 485 00bb 3B       		.uleb128 0x3b
 486 00bc 0B       		.uleb128 0xb
 487 00bd 27       		.uleb128 0x27
 488 00be 19       		.uleb128 0x19
 489 00bf 3C       		.uleb128 0x3c
 490 00c0 19       		.uleb128 0x19
 491 00c1 00       		.byte	0
 492 00c2 00       		.byte	0
 493 00c3 00       		.byte	0
 494              		.section	.debug_aranges,"",%progbits
 495 0000 34000000 		.4byte	0x34
 496 0004 0200     		.2byte	0x2
 497 0006 00000000 		.4byte	.Ldebug_info0
 498 000a 04       		.byte	0x4
 499 000b 00       		.byte	0
 500 000c 0000     		.2byte	0
 501 000e 0000     		.2byte	0
ARM GAS  C:\Users\dph5ah\AppData\Local\Temp\cc8wb8Wt.s 			page 12


 502 0010 00000000 		.4byte	.LFB0
 503 0014 02000000 		.4byte	.LFE0-.LFB0
 504 0018 00000000 		.4byte	.LFB1
 505 001c 02000000 		.4byte	.LFE1-.LFB1
 506 0020 00000000 		.4byte	.LFB2
 507 0024 28000000 		.4byte	.LFE2-.LFB2
 508 0028 00000000 		.4byte	.LFB3
 509 002c 14000000 		.4byte	.LFE3-.LFB3
 510 0030 00000000 		.4byte	0
 511 0034 00000000 		.4byte	0
 512              		.section	.debug_ranges,"",%progbits
 513              	.Ldebug_ranges0:
 514 0000 00000000 		.4byte	.LFB0
 515 0004 02000000 		.4byte	.LFE0
 516 0008 00000000 		.4byte	.LFB1
 517 000c 02000000 		.4byte	.LFE1
 518 0010 00000000 		.4byte	.LFB2
 519 0014 28000000 		.4byte	.LFE2
 520 0018 00000000 		.4byte	.LFB3
 521 001c 14000000 		.4byte	.LFE3
 522 0020 00000000 		.4byte	0
 523 0024 00000000 		.4byte	0
 524              		.section	.debug_line,"",%progbits
 525              	.Ldebug_line0:
 526 0000 AB000000 		.section	.debug_str,"MS",%progbits,1
 526      02006000 
 526      00000201 
 526      FB0E0D00 
 526      01010101 
 527              	.LASF6:
 528 0000 6C6F6E67 		.ascii	"long long int\000"
 528      206C6F6E 
 528      6720696E 
 528      7400
 529              	.LASF20:
 530 000e 5646445F 		.ascii	"VFD_1_Comp_UV_Stop\000"
 530      315F436F 
 530      6D705F55 
 530      565F5374 
 530      6F7000
 531              	.LASF8:
 532 0021 756E7369 		.ascii	"unsigned int\000"
 532      676E6564 
 532      20696E74 
 532      00
 533              	.LASF19:
 534 002e 5646445F 		.ascii	"VFD_1_Comp_UV_Wakeup\000"
 534      315F436F 
 534      6D705F55 
 534      565F5761 
 534      6B657570 
 535              	.LASF12:
 536 0043 75696E74 		.ascii	"uint8\000"
 536      3800
 537              	.LASF5:
 538 0049 6C6F6E67 		.ascii	"long unsigned int\000"
 538      20756E73 
ARM GAS  C:\Users\dph5ah\AppData\Local\Temp\cc8wb8Wt.s 			page 13


 538      69676E65 
 538      6420696E 
 538      7400
 539              	.LASF21:
 540 005b 5646445F 		.ascii	"VFD_1_Comp_UV_Enable\000"
 540      315F436F 
 540      6D705F55 
 540      565F456E 
 540      61626C65 
 541              	.LASF7:
 542 0070 6C6F6E67 		.ascii	"long long unsigned int\000"
 542      206C6F6E 
 542      6720756E 
 542      7369676E 
 542      65642069 
 543              	.LASF9:
 544 0087 666C6F61 		.ascii	"float\000"
 544      7400
 545              	.LASF18:
 546 008d 5646445F 		.ascii	"VFD_1_Comp_UV_Sleep\000"
 546      315F436F 
 546      6D705F55 
 546      565F536C 
 546      65657000 
 547              	.LASF22:
 548 00a1 474E5520 		.ascii	"GNU C 4.9.3 20150303 (release) [ARM/embedded-4_9-br"
 548      4320342E 
 548      392E3320 
 548      32303135 
 548      30333033 
 549 00d4 616E6368 		.ascii	"anch revision 221220] -mcpu=cortex-m3 -mthumb -g -O"
 549      20726576 
 549      6973696F 
 549      6E203232 
 549      31323230 
 550 0107 67202D66 		.ascii	"g -ffunction-sections -ffat-lto-objects\000"
 550      66756E63 
 550      74696F6E 
 550      2D736563 
 550      74696F6E 
 551              	.LASF17:
 552 012f 5646445F 		.ascii	"VFD_1_Comp_UV_RestoreConfig\000"
 552      315F436F 
 552      6D705F55 
 552      565F5265 
 552      73746F72 
 553              	.LASF1:
 554 014b 756E7369 		.ascii	"unsigned char\000"
 554      676E6564 
 554      20636861 
 554      7200
 555              	.LASF16:
 556 0159 5646445F 		.ascii	"VFD_1_Comp_UV_SaveConfig\000"
 556      315F436F 
 556      6D705F55 
 556      565F5361 
 556      7665436F 
ARM GAS  C:\Users\dph5ah\AppData\Local\Temp\cc8wb8Wt.s 			page 14


 557              	.LASF11:
 558 0172 63686172 		.ascii	"char\000"
 558      00
 559              	.LASF4:
 560 0177 6C6F6E67 		.ascii	"long int\000"
 560      20696E74 
 560      00
 561              	.LASF25:
 562 0180 656E6162 		.ascii	"enableState\000"
 562      6C655374 
 562      61746500 
 563              	.LASF10:
 564 018c 646F7562 		.ascii	"double\000"
 564      6C6500
 565              	.LASF15:
 566 0193 5646445F 		.ascii	"VFD_1_Comp_UV_backupStruct\000"
 566      315F436F 
 566      6D705F55 
 566      565F6261 
 566      636B7570 
 567              	.LASF3:
 568 01ae 73686F72 		.ascii	"short unsigned int\000"
 568      7420756E 
 568      7369676E 
 568      65642069 
 568      6E7400
 569              	.LASF0:
 570 01c1 7369676E 		.ascii	"signed char\000"
 570      65642063 
 570      68617200 
 571              	.LASF24:
 572 01cd 433A5C55 		.ascii	"C:\\Users\\dph5ah\\Documents\\PSoC Creator\\Workspa"
 572      73657273 
 572      5C647068 
 572      3561685C 
 572      446F6375 
 573 01fb 63653031 		.ascii	"ce01\\galton board.cydsn\000"
 573      5C67616C 
 573      746F6E20 
 573      626F6172 
 573      642E6379 
 574              	.LASF2:
 575 0213 73686F72 		.ascii	"short int\000"
 575      7420696E 
 575      7400
 576              	.LASF13:
 577 021d 72656738 		.ascii	"reg8\000"
 577      00
 578              	.LASF23:
 579 0222 47656E65 		.ascii	"Generated_Source\\PSoC5\\VFD_1_Comp_UV_PM.c\000"
 579      72617465 
 579      645F536F 
 579      75726365 
 579      5C50536F 
 580              	.LASF26:
 581 024c 5646445F 		.ascii	"VFD_1_Comp_UV_backup\000"
 581      315F436F 
ARM GAS  C:\Users\dph5ah\AppData\Local\Temp\cc8wb8Wt.s 			page 15


 581      6D705F55 
 581      565F6261 
 581      636B7570 
 582              	.LASF14:
 583 0261 73697A65 		.ascii	"sizetype\000"
 583      74797065 
 583      00
 584              		.ident	"GCC: (GNU Tools for ARM Embedded Processors) 4.9.3 20150303 (release) [ARM/embedded-4_9-br
