ARM GAS  C:\Users\dph5ah\AppData\Local\Temp\ccF45SPx.s 			page 1


   1              		.syntax unified
   2              		.cpu cortex-m3
   3              		.fpu softvfp
   4              		.eabi_attribute 20, 1
   5              		.eabi_attribute 21, 1
   6              		.eabi_attribute 23, 3
   7              		.eabi_attribute 24, 1
   8              		.eabi_attribute 25, 1
   9              		.eabi_attribute 26, 1
  10              		.eabi_attribute 30, 1
  11              		.eabi_attribute 34, 1
  12              		.eabi_attribute 18, 4
  13              		.thumb
  14              		.file	"VFD_1_UV.c"
  15              		.text
  16              	.Ltext0:
  17              		.cfi_sections	.debug_frame
  18              		.section	.text.VFD_1_GetUVFaultThreshold,"ax",%progbits
  19              		.align	2
  20              		.global	VFD_1_GetUVFaultThreshold
  21              		.thumb
  22              		.thumb_func
  23              		.type	VFD_1_GetUVFaultThreshold, %function
  24              	VFD_1_GetUVFaultThreshold:
  25              	.LFB0:
  26              		.file 1 "Generated_Source\\PSoC5\\VFD_1_UV.c"
   1:Generated_Source\PSoC5/VFD_1_UV.c **** /*******************************************************************************
   2:Generated_Source\PSoC5/VFD_1_UV.c **** * File Name: VFD_1.c
   3:Generated_Source\PSoC5/VFD_1_UV.c **** * Version 3.0
   4:Generated_Source\PSoC5/VFD_1_UV.c **** *
   5:Generated_Source\PSoC5/VFD_1_UV.c **** * Description:
   6:Generated_Source\PSoC5/VFD_1_UV.c **** *  Contains the function prototypes, constants and register definition
   7:Generated_Source\PSoC5/VFD_1_UV.c **** *  of the Voltage Fault Detector Component.
   8:Generated_Source\PSoC5/VFD_1_UV.c **** *
   9:Generated_Source\PSoC5/VFD_1_UV.c **** ********************************************************************************
  10:Generated_Source\PSoC5/VFD_1_UV.c **** * Copyright 2012-2015, Cypress Semiconductor Corporation.  All rights reserved.
  11:Generated_Source\PSoC5/VFD_1_UV.c **** * You may use this file only in accordance with the license, terms, conditions, 
  12:Generated_Source\PSoC5/VFD_1_UV.c **** * disclaimers, and limitations in the end user license agreement accompanying 
  13:Generated_Source\PSoC5/VFD_1_UV.c **** * the software package with which this file was provided.
  14:Generated_Source\PSoC5/VFD_1_UV.c **** *******************************************************************************/
  15:Generated_Source\PSoC5/VFD_1_UV.c **** 
  16:Generated_Source\PSoC5/VFD_1_UV.c **** #include "VFD_1_UV.h"
  17:Generated_Source\PSoC5/VFD_1_UV.c **** 
  18:Generated_Source\PSoC5/VFD_1_UV.c **** /***************************************
  19:Generated_Source\PSoC5/VFD_1_UV.c **** *   Internal definitions
  20:Generated_Source\PSoC5/VFD_1_UV.c **** ***************************************/
  21:Generated_Source\PSoC5/VFD_1_UV.c **** 
  22:Generated_Source\PSoC5/VFD_1_UV.c **** #define UV_DMA_DATA_SIZE     1u
  23:Generated_Source\PSoC5/VFD_1_UV.c **** 
  24:Generated_Source\PSoC5/VFD_1_UV.c **** 
  25:Generated_Source\PSoC5/VFD_1_UV.c **** /***************************************
  26:Generated_Source\PSoC5/VFD_1_UV.c **** *   Internal variables
  27:Generated_Source\PSoC5/VFD_1_UV.c **** ***************************************/
  28:Generated_Source\PSoC5/VFD_1_UV.c **** 
  29:Generated_Source\PSoC5/VFD_1_UV.c **** static  uint8   uvDmaCh;
  30:Generated_Source\PSoC5/VFD_1_UV.c **** 
  31:Generated_Source\PSoC5/VFD_1_UV.c **** 
ARM GAS  C:\Users\dph5ah\AppData\Local\Temp\ccF45SPx.s 			page 2


  32:Generated_Source\PSoC5/VFD_1_UV.c **** /***************************************
  33:Generated_Source\PSoC5/VFD_1_UV.c **** *   External variables
  34:Generated_Source\PSoC5/VFD_1_UV.c **** ***************************************/
  35:Generated_Source\PSoC5/VFD_1_UV.c **** 
  36:Generated_Source\PSoC5/VFD_1_UV.c **** uint8 VFD_1_UVFaultThreshold[] = {
  37:Generated_Source\PSoC5/VFD_1_UV.c ****     247u
  38:Generated_Source\PSoC5/VFD_1_UV.c **** };
  39:Generated_Source\PSoC5/VFD_1_UV.c **** const uint16 CYCODE VFD_1_initUVFaultThreshold[] = {
  40:Generated_Source\PSoC5/VFD_1_UV.c ****     3950u
  41:Generated_Source\PSoC5/VFD_1_UV.c **** };
  42:Generated_Source\PSoC5/VFD_1_UV.c **** 
  43:Generated_Source\PSoC5/VFD_1_UV.c **** 
  44:Generated_Source\PSoC5/VFD_1_UV.c **** /*******************************************************************************
  45:Generated_Source\PSoC5/VFD_1_UV.c **** * Function Name: VFD_1_GetUVFaultThreshold
  46:Generated_Source\PSoC5/VFD_1_UV.c **** ********************************************************************************
  47:Generated_Source\PSoC5/VFD_1_UV.c **** *
  48:Generated_Source\PSoC5/VFD_1_UV.c **** * Summary:
  49:Generated_Source\PSoC5/VFD_1_UV.c **** *  Returns the under voltage fault threshold for the specified voltage input.
  50:Generated_Source\PSoC5/VFD_1_UV.c **** *  This API does not apply when ExternalRef=true. 
  51:Generated_Source\PSoC5/VFD_1_UV.c **** *
  52:Generated_Source\PSoC5/VFD_1_UV.c **** * Parameters:
  53:Generated_Source\PSoC5/VFD_1_UV.c **** *  uint8 voltageNum: Specifies the voltage input number. Valid range: 1..32.
  54:Generated_Source\PSoC5/VFD_1_UV.c **** *
  55:Generated_Source\PSoC5/VFD_1_UV.c **** * Return:
  56:Generated_Source\PSoC5/VFD_1_UV.c **** *  The over voltage fault threshold in mV. Valid range: 1..65,535.
  57:Generated_Source\PSoC5/VFD_1_UV.c **** *
  58:Generated_Source\PSoC5/VFD_1_UV.c **** *******************************************************************************/
  59:Generated_Source\PSoC5/VFD_1_UV.c **** uint16 VFD_1_GetUVFaultThreshold(uint8 voltageNum) 
  60:Generated_Source\PSoC5/VFD_1_UV.c **** {   
  27              		.loc 1 60 0
  28              		.cfi_startproc
  29              		@ args = 0, pretend = 0, frame = 0
  30              		@ frame_needed = 0, uses_anonymous_args = 0
  31              		@ link register save eliminated.
  32              	.LVL0:
  61:Generated_Source\PSoC5/VFD_1_UV.c ****     uint32 threshold;
  62:Generated_Source\PSoC5/VFD_1_UV.c **** 
  63:Generated_Source\PSoC5/VFD_1_UV.c ****     /* Voltages are stored in decreasing order to reflect scanning sequence */
  64:Generated_Source\PSoC5/VFD_1_UV.c ****     voltageNum = VFD_1_NUMBER_OF_VOLTAGES - voltageNum;
  33              		.loc 1 64 0
  34 0000 C0F10100 		rsb	r0, r0, #1
  35              	.LVL1:
  36 0004 C2B2     		uxtb	r2, r0
  37              	.LVL2:
  65:Generated_Source\PSoC5/VFD_1_UV.c **** 
  66:Generated_Source\PSoC5/VFD_1_UV.c **** 	threshold = ((uint32)VFD_1_UVFaultThreshold[voltageNum] * VFD_1_DAC_mV_LSb * 1000u) /
  38              		.loc 1 66 0
  39 0006 064B     		ldr	r3, .L2
  40 0008 985C     		ldrb	r0, [r3, r2]	@ zero_extendqisi2
  41 000a 4FF47A53 		mov	r3, #16000
  42 000e 03FB00F3 		mul	r3, r3, r0
  67:Generated_Source\PSoC5/VFD_1_UV.c **** 		VFD_1_VoltageScale[voltageNum];
  43              		.loc 1 67 0
  44 0012 0449     		ldr	r1, .L2+4
  45 0014 31F81200 		ldrh	r0, [r1, r2, lsl #1]
  66:Generated_Source\PSoC5/VFD_1_UV.c **** 		VFD_1_VoltageScale[voltageNum];
  46              		.loc 1 66 0
ARM GAS  C:\Users\dph5ah\AppData\Local\Temp\ccF45SPx.s 			page 3


  47 0018 B3FBF0F0 		udiv	r0, r3, r0
  48              	.LVL3:
  68:Generated_Source\PSoC5/VFD_1_UV.c **** 		
  69:Generated_Source\PSoC5/VFD_1_UV.c **** 	return ((uint16)(threshold));		
  70:Generated_Source\PSoC5/VFD_1_UV.c **** }
  49              		.loc 1 70 0
  50 001c 80B2     		uxth	r0, r0
  51              	.LVL4:
  52 001e 7047     		bx	lr
  53              	.L3:
  54              		.align	2
  55              	.L2:
  56 0020 00000000 		.word	.LANCHOR0
  57 0024 00000000 		.word	VFD_1_VoltageScale
  58              		.cfi_endproc
  59              	.LFE0:
  60              		.size	VFD_1_GetUVFaultThreshold, .-VFD_1_GetUVFaultThreshold
  61              		.section	.text.VFD_1_SetUVFaultThreshold,"ax",%progbits
  62              		.align	2
  63              		.global	VFD_1_SetUVFaultThreshold
  64              		.thumb
  65              		.thumb_func
  66              		.type	VFD_1_SetUVFaultThreshold, %function
  67              	VFD_1_SetUVFaultThreshold:
  68              	.LFB1:
  71:Generated_Source\PSoC5/VFD_1_UV.c **** 
  72:Generated_Source\PSoC5/VFD_1_UV.c **** 
  73:Generated_Source\PSoC5/VFD_1_UV.c **** /*******************************************************************************
  74:Generated_Source\PSoC5/VFD_1_UV.c **** * Function Name: VFD_1_SetUVFaultThreshold
  75:Generated_Source\PSoC5/VFD_1_UV.c **** ********************************************************************************
  76:Generated_Source\PSoC5/VFD_1_UV.c **** *
  77:Generated_Source\PSoC5/VFD_1_UV.c **** * Summary:
  78:Generated_Source\PSoC5/VFD_1_UV.c **** *  Sets the under voltage fault threshold for the specified voltage input.
  79:Generated_Source\PSoC5/VFD_1_UV.c **** *  Calculates the VDAC value to reflect a new UV threshold and writes it to an
  80:Generated_Source\PSoC5/VFD_1_UV.c **** *  SRAM buffer to be used by the DMA controller that drives the UV DAC.
  81:Generated_Source\PSoC5/VFD_1_UV.c **** *  This API does not apply when ExternalRef=true.
  82:Generated_Source\PSoC5/VFD_1_UV.c **** *
  83:Generated_Source\PSoC5/VFD_1_UV.c **** * Parameters:
  84:Generated_Source\PSoC5/VFD_1_UV.c **** *  voltageNum:       Specifies the voltage input number. Valid range: 1..32.
  85:Generated_Source\PSoC5/VFD_1_UV.c **** *  uvFaultThreshold: Specifies the under voltage fault threshold in mV. 
  86:Generated_Source\PSoC5/VFD_1_UV.c **** *                    Valid range: 1..65,535.
  87:Generated_Source\PSoC5/VFD_1_UV.c **** *
  88:Generated_Source\PSoC5/VFD_1_UV.c **** * Return:
  89:Generated_Source\PSoC5/VFD_1_UV.c **** *  CYRET_SUCCESS  : Operation is successful.
  90:Generated_Source\PSoC5/VFD_1_UV.c **** *  CYRET_BAD_PARAM: The fault threshold exceeds DAC max value.
  91:Generated_Source\PSoC5/VFD_1_UV.c **** *  
  92:Generated_Source\PSoC5/VFD_1_UV.c **** * Reentrant:
  93:Generated_Source\PSoC5/VFD_1_UV.c **** *  No.
  94:Generated_Source\PSoC5/VFD_1_UV.c **** *
  95:Generated_Source\PSoC5/VFD_1_UV.c **** *******************************************************************************/
  96:Generated_Source\PSoC5/VFD_1_UV.c **** cystatus VFD_1_SetUVFaultThreshold(uint8 voltageNum, uint16 uvFaultThreshold) 
  97:Generated_Source\PSoC5/VFD_1_UV.c **** {
  69              		.loc 1 97 0
  70              		.cfi_startproc
  71              		@ args = 0, pretend = 0, frame = 0
  72              		@ frame_needed = 0, uses_anonymous_args = 0
  73              		@ link register save eliminated.
ARM GAS  C:\Users\dph5ah\AppData\Local\Temp\ccF45SPx.s 			page 4


  74              	.LVL5:
  98:Generated_Source\PSoC5/VFD_1_UV.c ****     cystatus    status;
  99:Generated_Source\PSoC5/VFD_1_UV.c ****     uint32      threshold;
 100:Generated_Source\PSoC5/VFD_1_UV.c **** 
 101:Generated_Source\PSoC5/VFD_1_UV.c ****     /* Voltages are stored in decreasing order to reflect scanning sequence */
 102:Generated_Source\PSoC5/VFD_1_UV.c ****     voltageNum = VFD_1_NUMBER_OF_VOLTAGES - voltageNum;
  75              		.loc 1 102 0
  76 0000 C0F10100 		rsb	r0, r0, #1
  77              	.LVL6:
  78 0004 C0B2     		uxtb	r0, r0
  79              	.LVL7:
 103:Generated_Source\PSoC5/VFD_1_UV.c **** 
 104:Generated_Source\PSoC5/VFD_1_UV.c ****     /* UV threshold is scaled to fall within selected VDAC range */
 105:Generated_Source\PSoC5/VFD_1_UV.c ****     threshold = uvFaultThreshold * (uint32)VFD_1_VoltageScale[voltageNum];
  80              		.loc 1 105 0
  81 0006 0C4B     		ldr	r3, .L7
  82 0008 33F81030 		ldrh	r3, [r3, r0, lsl #1]
  83 000c 03FB01F1 		mul	r1, r3, r1
  84              	.LVL8:
 106:Generated_Source\PSoC5/VFD_1_UV.c **** 
 107:Generated_Source\PSoC5/VFD_1_UV.c ****     /* Saturate threshold to DAC range limit */
 108:Generated_Source\PSoC5/VFD_1_UV.c ****     if(threshold > VFD_1_FAULT_THRESHOLD_SAT_H)
  85              		.loc 1 108 0
  86 0010 0A4B     		ldr	r3, .L7+4
  87 0012 9942     		cmp	r1, r3
  88 0014 04D9     		bls	.L5
 109:Generated_Source\PSoC5/VFD_1_UV.c ****     {
 110:Generated_Source\PSoC5/VFD_1_UV.c ****         VFD_1_UVFaultThreshold[voltageNum] = VFD_1_DAC_MAX;
  89              		.loc 1 110 0
  90 0016 FF22     		movs	r2, #255
  91 0018 094B     		ldr	r3, .L7+8
  92 001a 1A54     		strb	r2, [r3, r0]
  93              	.LVL9:
 111:Generated_Source\PSoC5/VFD_1_UV.c ****         status = CYRET_BAD_PARAM;
  94              		.loc 1 111 0
  95 001c 0120     		movs	r0, #1
  96              	.LVL10:
  97 001e 7047     		bx	lr
  98              	.LVL11:
  99              	.L5:
 112:Generated_Source\PSoC5/VFD_1_UV.c ****     }
 113:Generated_Source\PSoC5/VFD_1_UV.c ****     else
 114:Generated_Source\PSoC5/VFD_1_UV.c ****     {
 115:Generated_Source\PSoC5/VFD_1_UV.c ****         VFD_1_UVFaultThreshold[voltageNum] = (uint8)VFD_1_ConvertDacVoltageToValue(threshold);
 100              		.loc 1 115 0
 101 0020 C1F38F11 		ubfx	r1, r1, #6, #16
 102              	.LVL12:
 103 0024 7D31     		adds	r1, r1, #125
 104 0026 074B     		ldr	r3, .L7+12
 105 0028 A3FB0131 		umull	r3, r1, r3, r1
 106 002c C1F30711 		ubfx	r1, r1, #4, #8
 107 0030 034B     		ldr	r3, .L7+8
 108 0032 1954     		strb	r1, [r3, r0]
 109              	.LVL13:
 116:Generated_Source\PSoC5/VFD_1_UV.c ****         status = CYRET_SUCCESS;
 110              		.loc 1 116 0
 111 0034 0020     		movs	r0, #0
ARM GAS  C:\Users\dph5ah\AppData\Local\Temp\ccF45SPx.s 			page 5


 112              	.LVL14:
 117:Generated_Source\PSoC5/VFD_1_UV.c ****     }
 118:Generated_Source\PSoC5/VFD_1_UV.c ****     return (status);
 119:Generated_Source\PSoC5/VFD_1_UV.c **** }
 113              		.loc 1 119 0
 114 0036 7047     		bx	lr
 115              	.L8:
 116              		.align	2
 117              	.L7:
 118 0038 00000000 		.word	VFD_1_VoltageScale
 119 003c 80413E00 		.word	4080000
 120 0040 00000000 		.word	.LANCHOR0
 121 0044 D34D6210 		.word	274877907
 122              		.cfi_endproc
 123              	.LFE1:
 124              		.size	VFD_1_SetUVFaultThreshold, .-VFD_1_SetUVFaultThreshold
 125              		.section	.text.VFD_1_UVRefInit,"ax",%progbits
 126              		.align	2
 127              		.global	VFD_1_UVRefInit
 128              		.thumb
 129              		.thumb_func
 130              		.type	VFD_1_UVRefInit, %function
 131              	VFD_1_UVRefInit:
 132              	.LFB2:
 120:Generated_Source\PSoC5/VFD_1_UV.c **** 
 121:Generated_Source\PSoC5/VFD_1_UV.c **** 
 122:Generated_Source\PSoC5/VFD_1_UV.c **** /*******************************************************************************
 123:Generated_Source\PSoC5/VFD_1_UV.c **** * Function Name: VFD_1_UVRefInit
 124:Generated_Source\PSoC5/VFD_1_UV.c **** ********************************************************************************
 125:Generated_Source\PSoC5/VFD_1_UV.c **** *
 126:Generated_Source\PSoC5/VFD_1_UV.c **** * Summary:
 127:Generated_Source\PSoC5/VFD_1_UV.c **** *  Initializes the internal UV DAC and configures a DMA controller to transfer
 128:Generated_Source\PSoC5/VFD_1_UV.c **** *  UV thresholds from the SRAM array to the DAC data register.
 129:Generated_Source\PSoC5/VFD_1_UV.c **** *
 130:Generated_Source\PSoC5/VFD_1_UV.c **** * Parameters:
 131:Generated_Source\PSoC5/VFD_1_UV.c **** *  None.
 132:Generated_Source\PSoC5/VFD_1_UV.c **** *
 133:Generated_Source\PSoC5/VFD_1_UV.c **** * Return:
 134:Generated_Source\PSoC5/VFD_1_UV.c **** *  None.
 135:Generated_Source\PSoC5/VFD_1_UV.c **** *
 136:Generated_Source\PSoC5/VFD_1_UV.c **** *******************************************************************************/
 137:Generated_Source\PSoC5/VFD_1_UV.c **** void VFD_1_UVRefInit(void) 
 138:Generated_Source\PSoC5/VFD_1_UV.c **** {
 133              		.loc 1 138 0
 134              		.cfi_startproc
 135              		@ args = 0, pretend = 0, frame = 0
 136              		@ frame_needed = 0, uses_anonymous_args = 0
 137 0000 38B5     		push	{r3, r4, r5, lr}
 138              		.cfi_def_cfa_offset 16
 139              		.cfi_offset 3, -16
 140              		.cfi_offset 4, -12
 141              		.cfi_offset 5, -8
 142              		.cfi_offset 14, -4
 139:Generated_Source\PSoC5/VFD_1_UV.c ****     static uint8 uvDmaTd = CY_DMA_INVALID_TD;
 140:Generated_Source\PSoC5/VFD_1_UV.c **** 
 141:Generated_Source\PSoC5/VFD_1_UV.c ****     VFD_1_VDAC_UV_Init();
 143              		.loc 1 141 0
ARM GAS  C:\Users\dph5ah\AppData\Local\Temp\ccF45SPx.s 			page 6


 144 0002 FFF7FEFF 		bl	VFD_1_VDAC_UV_Init
 145              	.LVL15:
 142:Generated_Source\PSoC5/VFD_1_UV.c **** 
 143:Generated_Source\PSoC5/VFD_1_UV.c ****     /* Configure UV DMA first time VFD_1_UVRefInit is called */
 144:Generated_Source\PSoC5/VFD_1_UV.c ****     if(uvDmaTd == CY_DMA_INVALID_TD)
 146              		.loc 1 144 0
 147 0006 114B     		ldr	r3, .L12
 148 0008 5B78     		ldrb	r3, [r3, #1]	@ zero_extendqisi2
 149 000a FF2B     		cmp	r3, #255
 150 000c 1DD1     		bne	.L9
 145:Generated_Source\PSoC5/VFD_1_UV.c ****     {
 146:Generated_Source\PSoC5/VFD_1_UV.c ****         uvDmaTd = CyDmaTdAllocate();
 151              		.loc 1 146 0
 152 000e FFF7FEFF 		bl	CyDmaTdAllocate
 153              	.LVL16:
 154 0012 0E4C     		ldr	r4, .L12
 155 0014 6070     		strb	r0, [r4, #1]
 147:Generated_Source\PSoC5/VFD_1_UV.c ****         uvDmaCh = VFD_1_DMA_CFG(UvDMA, UV_DMA_DATA_SIZE, HI16(CYDEV_SRAM_BASE), HI16(CYDEV_PERIPH_B
 156              		.loc 1 147 0
 157 0016 0120     		movs	r0, #1
 158 0018 0146     		mov	r1, r0
 159 001a 41F6FF72 		movw	r2, #8191
 160 001e 4FF48043 		mov	r3, #16384
 161 0022 FFF7FEFF 		bl	VFD_1_UvDMA_DmaInitialize
 162              	.LVL17:
 163 0026 0A4D     		ldr	r5, .L12+4
 164 0028 2870     		strb	r0, [r5]
 148:Generated_Source\PSoC5/VFD_1_UV.c ****         (void)CyDmaTdSetConfiguration(uvDmaTd, VFD_1_NUMBER_OF_VOLTAGES, uvDmaTd, CY_DMA_TD_INC_SRC
 165              		.loc 1 148 0
 166 002a 6278     		ldrb	r2, [r4, #1]	@ zero_extendqisi2
 167 002c 1046     		mov	r0, r2
 168 002e 0121     		movs	r1, #1
 169 0030 0B46     		mov	r3, r1
 170 0032 FFF7FEFF 		bl	CyDmaTdSetConfiguration
 171              	.LVL18:
 149:Generated_Source\PSoC5/VFD_1_UV.c ****         (void)CyDmaTdSetAddress(uvDmaTd, LO16((uint32)VFD_1_UVFaultThreshold), LO16((uint32)VFD_1_V
 172              		.loc 1 149 0
 173 0036 6078     		ldrb	r0, [r4, #1]	@ zero_extendqisi2
 174 0038 A1B2     		uxth	r1, r4
 175 003a 45F68332 		movw	r2, #23427
 176 003e FFF7FEFF 		bl	CyDmaTdSetAddress
 177              	.LVL19:
 150:Generated_Source\PSoC5/VFD_1_UV.c ****         (void)CyDmaChSetInitialTd(uvDmaCh, uvDmaTd);   
 178              		.loc 1 150 0
 179 0042 2878     		ldrb	r0, [r5]	@ zero_extendqisi2
 180 0044 6178     		ldrb	r1, [r4, #1]	@ zero_extendqisi2
 181 0046 FFF7FEFF 		bl	CyDmaChSetInitialTd
 182              	.LVL20:
 183              	.L9:
 184 004a 38BD     		pop	{r3, r4, r5, pc}
 185              	.L13:
 186              		.align	2
 187              	.L12:
 188 004c 00000000 		.word	.LANCHOR0
 189 0050 00000000 		.word	.LANCHOR1
 190              		.cfi_endproc
 191              	.LFE2:
ARM GAS  C:\Users\dph5ah\AppData\Local\Temp\ccF45SPx.s 			page 7


 192              		.size	VFD_1_UVRefInit, .-VFD_1_UVRefInit
 193              		.section	.text.VFD_1_UVRefEnable,"ax",%progbits
 194              		.align	2
 195              		.global	VFD_1_UVRefEnable
 196              		.thumb
 197              		.thumb_func
 198              		.type	VFD_1_UVRefEnable, %function
 199              	VFD_1_UVRefEnable:
 200              	.LFB3:
 151:Generated_Source\PSoC5/VFD_1_UV.c ****     }
 152:Generated_Source\PSoC5/VFD_1_UV.c **** }
 153:Generated_Source\PSoC5/VFD_1_UV.c **** 
 154:Generated_Source\PSoC5/VFD_1_UV.c **** /*******************************************************************************
 155:Generated_Source\PSoC5/VFD_1_UV.c **** * Function Name: VFD_1_UVRefEnable
 156:Generated_Source\PSoC5/VFD_1_UV.c **** ********************************************************************************
 157:Generated_Source\PSoC5/VFD_1_UV.c **** *
 158:Generated_Source\PSoC5/VFD_1_UV.c **** * Summary:
 159:Generated_Source\PSoC5/VFD_1_UV.c **** *  Enables UV DAC and the corresponding DMA channel.
 160:Generated_Source\PSoC5/VFD_1_UV.c **** *
 161:Generated_Source\PSoC5/VFD_1_UV.c **** * Parameters:
 162:Generated_Source\PSoC5/VFD_1_UV.c **** *  None.
 163:Generated_Source\PSoC5/VFD_1_UV.c **** *
 164:Generated_Source\PSoC5/VFD_1_UV.c **** * Return:
 165:Generated_Source\PSoC5/VFD_1_UV.c **** *  None.
 166:Generated_Source\PSoC5/VFD_1_UV.c **** *
 167:Generated_Source\PSoC5/VFD_1_UV.c **** *******************************************************************************/
 168:Generated_Source\PSoC5/VFD_1_UV.c **** void VFD_1_UVRefEnable(void) 
 169:Generated_Source\PSoC5/VFD_1_UV.c **** {
 201              		.loc 1 169 0
 202              		.cfi_startproc
 203              		@ args = 0, pretend = 0, frame = 0
 204              		@ frame_needed = 0, uses_anonymous_args = 0
 205 0000 08B5     		push	{r3, lr}
 206              		.cfi_def_cfa_offset 8
 207              		.cfi_offset 3, -8
 208              		.cfi_offset 14, -4
 170:Generated_Source\PSoC5/VFD_1_UV.c ****     VFD_1_VDAC_UV_Enable();
 209              		.loc 1 170 0
 210 0002 FFF7FEFF 		bl	VFD_1_VDAC_UV_Enable
 211              	.LVL21:
 171:Generated_Source\PSoC5/VFD_1_UV.c ****     (void)CyDmaChEnable(uvDmaCh, 1u);
 212              		.loc 1 171 0
 213 0006 034B     		ldr	r3, .L16
 214 0008 1878     		ldrb	r0, [r3]	@ zero_extendqisi2
 215 000a 0121     		movs	r1, #1
 216 000c FFF7FEFF 		bl	CyDmaChEnable
 217              	.LVL22:
 218 0010 08BD     		pop	{r3, pc}
 219              	.L17:
 220 0012 00BF     		.align	2
 221              	.L16:
 222 0014 00000000 		.word	.LANCHOR1
 223              		.cfi_endproc
 224              	.LFE3:
 225              		.size	VFD_1_UVRefEnable, .-VFD_1_UVRefEnable
 226              		.section	.text.VFD_1_UVRefStop,"ax",%progbits
 227              		.align	2
ARM GAS  C:\Users\dph5ah\AppData\Local\Temp\ccF45SPx.s 			page 8


 228              		.global	VFD_1_UVRefStop
 229              		.thumb
 230              		.thumb_func
 231              		.type	VFD_1_UVRefStop, %function
 232              	VFD_1_UVRefStop:
 233              	.LFB4:
 172:Generated_Source\PSoC5/VFD_1_UV.c **** }
 173:Generated_Source\PSoC5/VFD_1_UV.c **** 
 174:Generated_Source\PSoC5/VFD_1_UV.c **** 
 175:Generated_Source\PSoC5/VFD_1_UV.c **** /*******************************************************************************
 176:Generated_Source\PSoC5/VFD_1_UV.c **** * Function Name: VFD_1_UVRefDisable
 177:Generated_Source\PSoC5/VFD_1_UV.c **** ********************************************************************************
 178:Generated_Source\PSoC5/VFD_1_UV.c **** *
 179:Generated_Source\PSoC5/VFD_1_UV.c **** * Summary:
 180:Generated_Source\PSoC5/VFD_1_UV.c **** *  Stops UV DAC. Terminates and disables the DMA channel that drives UV DAC.
 181:Generated_Source\PSoC5/VFD_1_UV.c **** *
 182:Generated_Source\PSoC5/VFD_1_UV.c **** * Parameters:
 183:Generated_Source\PSoC5/VFD_1_UV.c **** *  None.
 184:Generated_Source\PSoC5/VFD_1_UV.c **** *
 185:Generated_Source\PSoC5/VFD_1_UV.c **** * Return:
 186:Generated_Source\PSoC5/VFD_1_UV.c **** *  None.
 187:Generated_Source\PSoC5/VFD_1_UV.c **** *
 188:Generated_Source\PSoC5/VFD_1_UV.c **** * Reentrant:
 189:Generated_Source\PSoC5/VFD_1_UV.c **** *  No.
 190:Generated_Source\PSoC5/VFD_1_UV.c **** *
 191:Generated_Source\PSoC5/VFD_1_UV.c **** *******************************************************************************/
 192:Generated_Source\PSoC5/VFD_1_UV.c **** void VFD_1_UVRefStop(void) 
 193:Generated_Source\PSoC5/VFD_1_UV.c **** {
 234              		.loc 1 193 0
 235              		.cfi_startproc
 236              		@ args = 0, pretend = 0, frame = 0
 237              		@ frame_needed = 0, uses_anonymous_args = 0
 238 0000 10B5     		push	{r4, lr}
 239              		.cfi_def_cfa_offset 8
 240              		.cfi_offset 4, -8
 241              		.cfi_offset 14, -4
 194:Generated_Source\PSoC5/VFD_1_UV.c ****     VFD_1_VDAC_UV_Stop();
 242              		.loc 1 194 0
 243 0002 FFF7FEFF 		bl	VFD_1_VDAC_UV_Stop
 244              	.LVL23:
 195:Generated_Source\PSoC5/VFD_1_UV.c ****     (void)CyDmaChSetRequest(uvDmaCh, CY_DMA_CPU_TERM_CHAIN);
 245              		.loc 1 195 0
 246 0006 044C     		ldr	r4, .L20
 247 0008 2078     		ldrb	r0, [r4]	@ zero_extendqisi2
 248 000a 0421     		movs	r1, #4
 249 000c FFF7FEFF 		bl	CyDmaChSetRequest
 250              	.LVL24:
 196:Generated_Source\PSoC5/VFD_1_UV.c ****     (void)CyDmaClearPendingDrq(uvDmaCh);
 251              		.loc 1 196 0
 252 0010 2078     		ldrb	r0, [r4]	@ zero_extendqisi2
 253 0012 FFF7FEFF 		bl	CyDmaClearPendingDrq
 254              	.LVL25:
 255 0016 10BD     		pop	{r4, pc}
 256              	.L21:
 257              		.align	2
 258              	.L20:
 259 0018 00000000 		.word	.LANCHOR1
ARM GAS  C:\Users\dph5ah\AppData\Local\Temp\ccF45SPx.s 			page 9


 260              		.cfi_endproc
 261              	.LFE4:
 262              		.size	VFD_1_UVRefStop, .-VFD_1_UVRefStop
 263              		.global	VFD_1_initUVFaultThreshold
 264              		.global	VFD_1_UVFaultThreshold
 265              		.section	.rodata
 266              		.align	2
 267              		.type	VFD_1_initUVFaultThreshold, %object
 268              		.size	VFD_1_initUVFaultThreshold, 2
 269              	VFD_1_initUVFaultThreshold:
 270 0000 6E0F     		.short	3950
 271 0002 0000     		.data
 272              		.align	2
 273              		.set	.LANCHOR0,. + 0
 274              		.type	VFD_1_UVFaultThreshold, %object
 275              		.size	VFD_1_UVFaultThreshold, 1
 276              	VFD_1_UVFaultThreshold:
 277 0000 F7       		.byte	-9
 278              		.type	uvDmaTd.4991, %object
 279              		.size	uvDmaTd.4991, 1
 280              	uvDmaTd.4991:
 281 0001 FF       		.byte	-1
 282 0002 0000     		.bss
 283              		.set	.LANCHOR1,. + 0
 284              		.type	uvDmaCh, %object
 285              		.size	uvDmaCh, 1
 286              	uvDmaCh:
 287 0000 00       		.space	1
 288              		.text
 289              	.Letext0:
 290              		.file 2 "Generated_Source\\PSoC5\\cytypes.h"
 291              		.file 3 "Generated_Source\\PSoC5\\VFD_1_PVT.h"
 292              		.file 4 "Generated_Source\\PSoC5\\VFD_1_UvDMA_dma.h"
 293              		.file 5 "Generated_Source\\PSoC5/CYDMAC.H"
 294              		.file 6 "Generated_Source\\PSoC5\\VFD_1_VDAC_UV.h"
 295              		.section	.debug_info,"",%progbits
 296              	.Ldebug_info0:
 297 0000 A5030000 		.4byte	0x3a5
 298 0004 0400     		.2byte	0x4
 299 0006 00000000 		.4byte	.Ldebug_abbrev0
 300 000a 04       		.byte	0x4
 301 000b 01       		.uleb128 0x1
 302 000c 5A010000 		.4byte	.LASF41
 303 0010 01       		.byte	0x1
 304 0011 D2020000 		.4byte	.LASF42
 305 0015 0C020000 		.4byte	.LASF43
 306 0019 00000000 		.4byte	.Ldebug_ranges0+0
 307 001d 00000000 		.4byte	0
 308 0021 00000000 		.4byte	.Ldebug_line0
 309 0025 02       		.uleb128 0x2
 310 0026 04       		.byte	0x4
 311 0027 07       		.byte	0x7
 312 0028 E8010000 		.4byte	.LASF0
 313 002c 02       		.uleb128 0x2
 314 002d 01       		.byte	0x1
 315 002e 06       		.byte	0x6
 316 002f 3F030000 		.4byte	.LASF1
ARM GAS  C:\Users\dph5ah\AppData\Local\Temp\ccF45SPx.s 			page 10


 317 0033 02       		.uleb128 0x2
 318 0034 01       		.byte	0x1
 319 0035 08       		.byte	0x8
 320 0036 BA000000 		.4byte	.LASF2
 321 003a 02       		.uleb128 0x2
 322 003b 02       		.byte	0x2
 323 003c 05       		.byte	0x5
 324 003d C8020000 		.4byte	.LASF3
 325 0041 02       		.uleb128 0x2
 326 0042 02       		.byte	0x2
 327 0043 07       		.byte	0x7
 328 0044 5B000000 		.4byte	.LASF4
 329 0048 02       		.uleb128 0x2
 330 0049 04       		.byte	0x4
 331 004a 05       		.byte	0x5
 332 004b 25030000 		.4byte	.LASF5
 333 004f 02       		.uleb128 0x2
 334 0050 04       		.byte	0x4
 335 0051 07       		.byte	0x7
 336 0052 E5000000 		.4byte	.LASF6
 337 0056 02       		.uleb128 0x2
 338 0057 08       		.byte	0x8
 339 0058 05       		.byte	0x5
 340 0059 66020000 		.4byte	.LASF7
 341 005d 02       		.uleb128 0x2
 342 005e 08       		.byte	0x8
 343 005f 07       		.byte	0x7
 344 0060 F5010000 		.4byte	.LASF8
 345 0064 03       		.uleb128 0x3
 346 0065 04       		.byte	0x4
 347 0066 05       		.byte	0x5
 348 0067 696E7400 		.ascii	"int\000"
 349 006b 04       		.uleb128 0x4
 350 006c F7000000 		.4byte	.LASF9
 351 0070 02       		.byte	0x2
 352 0071 9201     		.2byte	0x192
 353 0073 33000000 		.4byte	0x33
 354 0077 04       		.uleb128 0x4
 355 0078 4C010000 		.4byte	.LASF10
 356 007c 02       		.byte	0x2
 357 007d 9301     		.2byte	0x193
 358 007f 41000000 		.4byte	0x41
 359 0083 04       		.uleb128 0x4
 360 0084 53010000 		.4byte	.LASF11
 361 0088 02       		.byte	0x2
 362 0089 9401     		.2byte	0x194
 363 008b 4F000000 		.4byte	0x4f
 364 008f 02       		.uleb128 0x2
 365 0090 04       		.byte	0x4
 366 0091 04       		.byte	0x4
 367 0092 B4000000 		.4byte	.LASF12
 368 0096 02       		.uleb128 0x2
 369 0097 08       		.byte	0x8
 370 0098 04       		.byte	0x4
 371 0099 37010000 		.4byte	.LASF13
 372 009d 02       		.uleb128 0x2
 373 009e 01       		.byte	0x1
ARM GAS  C:\Users\dph5ah\AppData\Local\Temp\ccF45SPx.s 			page 11


 374 009f 08       		.byte	0x8
 375 00a0 99020000 		.4byte	.LASF14
 376 00a4 04       		.uleb128 0x4
 377 00a5 00000000 		.4byte	.LASF15
 378 00a9 02       		.byte	0x2
 379 00aa 3402     		.2byte	0x234
 380 00ac 4F000000 		.4byte	0x4f
 381 00b0 04       		.uleb128 0x4
 382 00b1 C8000000 		.4byte	.LASF16
 383 00b5 02       		.byte	0x2
 384 00b6 3C02     		.2byte	0x23c
 385 00b8 BC000000 		.4byte	0xbc
 386 00bc 05       		.uleb128 0x5
 387 00bd 6B000000 		.4byte	0x6b
 388 00c1 02       		.uleb128 0x2
 389 00c2 04       		.byte	0x4
 390 00c3 07       		.byte	0x7
 391 00c4 5D020000 		.4byte	.LASF17
 392 00c8 06       		.uleb128 0x6
 393 00c9 AE020000 		.4byte	.LASF18
 394 00cd 01       		.byte	0x1
 395 00ce 3B       		.byte	0x3b
 396 00cf 77000000 		.4byte	0x77
 397 00d3 00000000 		.4byte	.LFB0
 398 00d7 28000000 		.4byte	.LFE0-.LFB0
 399 00db 01       		.uleb128 0x1
 400 00dc 9C       		.byte	0x9c
 401 00dd 00010000 		.4byte	0x100
 402 00e1 07       		.uleb128 0x7
 403 00e2 52020000 		.4byte	.LASF20
 404 00e6 01       		.byte	0x1
 405 00e7 3B       		.byte	0x3b
 406 00e8 6B000000 		.4byte	0x6b
 407 00ec 00000000 		.4byte	.LLST0
 408 00f0 08       		.uleb128 0x8
 409 00f1 51000000 		.4byte	.LASF22
 410 00f5 01       		.byte	0x1
 411 00f6 3D       		.byte	0x3d
 412 00f7 83000000 		.4byte	0x83
 413 00fb 2C000000 		.4byte	.LLST1
 414 00ff 00       		.byte	0
 415 0100 06       		.uleb128 0x6
 416 0101 0B030000 		.4byte	.LASF19
 417 0105 01       		.byte	0x1
 418 0106 60       		.byte	0x60
 419 0107 A4000000 		.4byte	0xa4
 420 010b 00000000 		.4byte	.LFB1
 421 010f 48000000 		.4byte	.LFE1-.LFB1
 422 0113 01       		.uleb128 0x1
 423 0114 9C       		.byte	0x9c
 424 0115 56010000 		.4byte	0x156
 425 0119 07       		.uleb128 0x7
 426 011a 52020000 		.4byte	.LASF20
 427 011e 01       		.byte	0x1
 428 011f 60       		.byte	0x60
 429 0120 6B000000 		.4byte	0x6b
 430 0124 60000000 		.4byte	.LLST2
ARM GAS  C:\Users\dph5ah\AppData\Local\Temp\ccF45SPx.s 			page 12


 431 0128 07       		.uleb128 0x7
 432 0129 2E030000 		.4byte	.LASF21
 433 012d 01       		.byte	0x1
 434 012e 60       		.byte	0x60
 435 012f 77000000 		.4byte	0x77
 436 0133 97000000 		.4byte	.LLST3
 437 0137 08       		.uleb128 0x8
 438 0138 82000000 		.4byte	.LASF23
 439 013c 01       		.byte	0x1
 440 013d 62       		.byte	0x62
 441 013e A4000000 		.4byte	0xa4
 442 0142 B8000000 		.4byte	.LLST4
 443 0146 08       		.uleb128 0x8
 444 0147 51000000 		.4byte	.LASF22
 445 014b 01       		.byte	0x1
 446 014c 63       		.byte	0x63
 447 014d 83000000 		.4byte	0x83
 448 0151 E3000000 		.4byte	.LLST5
 449 0155 00       		.byte	0
 450 0156 09       		.uleb128 0x9
 451 0157 9E020000 		.4byte	.LASF25
 452 015b 01       		.byte	0x1
 453 015c 89       		.byte	0x89
 454 015d 00000000 		.4byte	.LFB2
 455 0161 54000000 		.4byte	.LFE2-.LFB2
 456 0165 01       		.uleb128 0x1
 457 0166 9C       		.byte	0x9c
 458 0167 F1010000 		.4byte	0x1f1
 459 016b 0A       		.uleb128 0xa
 460 016c 1A010000 		.4byte	.LASF24
 461 0170 01       		.byte	0x1
 462 0171 8B       		.byte	0x8b
 463 0172 6B000000 		.4byte	0x6b
 464 0176 05       		.uleb128 0x5
 465 0177 03       		.byte	0x3
 466 0178 01000000 		.4byte	uvDmaTd.4991
 467 017c 0B       		.uleb128 0xb
 468 017d 06000000 		.4byte	.LVL15
 469 0181 C2020000 		.4byte	0x2c2
 470 0185 0B       		.uleb128 0xb
 471 0186 12000000 		.4byte	.LVL16
 472 018a C9020000 		.4byte	0x2c9
 473 018e 0C       		.uleb128 0xc
 474 018f 26000000 		.4byte	.LVL17
 475 0193 D4020000 		.4byte	0x2d4
 476 0197 B4010000 		.4byte	0x1b4
 477 019b 0D       		.uleb128 0xd
 478 019c 01       		.uleb128 0x1
 479 019d 53       		.byte	0x53
 480 019e 03       		.uleb128 0x3
 481 019f 0A       		.byte	0xa
 482 01a0 0040     		.2byte	0x4000
 483 01a2 0D       		.uleb128 0xd
 484 01a3 01       		.uleb128 0x1
 485 01a4 52       		.byte	0x52
 486 01a5 03       		.uleb128 0x3
 487 01a6 0A       		.byte	0xa
ARM GAS  C:\Users\dph5ah\AppData\Local\Temp\ccF45SPx.s 			page 13


 488 01a7 FF1F     		.2byte	0x1fff
 489 01a9 0D       		.uleb128 0xd
 490 01aa 01       		.uleb128 0x1
 491 01ab 51       		.byte	0x51
 492 01ac 01       		.uleb128 0x1
 493 01ad 31       		.byte	0x31
 494 01ae 0D       		.uleb128 0xd
 495 01af 01       		.uleb128 0x1
 496 01b0 50       		.byte	0x50
 497 01b1 01       		.uleb128 0x1
 498 01b2 31       		.byte	0x31
 499 01b3 00       		.byte	0
 500 01b4 0C       		.uleb128 0xc
 501 01b5 36000000 		.4byte	.LVL18
 502 01b9 F8020000 		.4byte	0x2f8
 503 01bd CC010000 		.4byte	0x1cc
 504 01c1 0D       		.uleb128 0xd
 505 01c2 01       		.uleb128 0x1
 506 01c3 53       		.byte	0x53
 507 01c4 01       		.uleb128 0x1
 508 01c5 31       		.byte	0x31
 509 01c6 0D       		.uleb128 0xd
 510 01c7 01       		.uleb128 0x1
 511 01c8 51       		.byte	0x51
 512 01c9 01       		.uleb128 0x1
 513 01ca 31       		.byte	0x31
 514 01cb 00       		.byte	0
 515 01cc 0C       		.uleb128 0xc
 516 01cd 42000000 		.4byte	.LVL19
 517 01d1 1C030000 		.4byte	0x31c
 518 01d5 E7010000 		.4byte	0x1e7
 519 01d9 0D       		.uleb128 0xd
 520 01da 01       		.uleb128 0x1
 521 01db 52       		.byte	0x52
 522 01dc 03       		.uleb128 0x3
 523 01dd 0A       		.byte	0xa
 524 01de 835B     		.2byte	0x5b83
 525 01e0 0D       		.uleb128 0xd
 526 01e1 01       		.uleb128 0x1
 527 01e2 51       		.byte	0x51
 528 01e3 02       		.uleb128 0x2
 529 01e4 74       		.byte	0x74
 530 01e5 00       		.sleb128 0
 531 01e6 00       		.byte	0
 532 01e7 0B       		.uleb128 0xb
 533 01e8 4A000000 		.4byte	.LVL20
 534 01ec 3B030000 		.4byte	0x33b
 535 01f0 00       		.byte	0
 536 01f1 09       		.uleb128 0x9
 537 01f2 1C000000 		.4byte	.LASF26
 538 01f6 01       		.byte	0x1
 539 01f7 A8       		.byte	0xa8
 540 01f8 00000000 		.4byte	.LFB3
 541 01fc 18000000 		.4byte	.LFE3-.LFB3
 542 0200 01       		.uleb128 0x1
 543 0201 9C       		.byte	0x9c
 544 0202 1F020000 		.4byte	0x21f
ARM GAS  C:\Users\dph5ah\AppData\Local\Temp\ccF45SPx.s 			page 14


 545 0206 0B       		.uleb128 0xb
 546 0207 06000000 		.4byte	.LVL21
 547 020b 55030000 		.4byte	0x355
 548 020f 0E       		.uleb128 0xe
 549 0210 10000000 		.4byte	.LVL22
 550 0214 5C030000 		.4byte	0x35c
 551 0218 0D       		.uleb128 0xd
 552 0219 01       		.uleb128 0x1
 553 021a 51       		.byte	0x51
 554 021b 01       		.uleb128 0x1
 555 021c 31       		.byte	0x31
 556 021d 00       		.byte	0
 557 021e 00       		.byte	0
 558 021f 09       		.uleb128 0x9
 559 0220 41000000 		.4byte	.LASF27
 560 0224 01       		.byte	0x1
 561 0225 C0       		.byte	0xc0
 562 0226 00000000 		.4byte	.LFB4
 563 022a 1C000000 		.4byte	.LFE4-.LFB4
 564 022e 01       		.uleb128 0x1
 565 022f 9C       		.byte	0x9c
 566 0230 5A020000 		.4byte	0x25a
 567 0234 0B       		.uleb128 0xb
 568 0235 06000000 		.4byte	.LVL23
 569 0239 76030000 		.4byte	0x376
 570 023d 0C       		.uleb128 0xc
 571 023e 10000000 		.4byte	.LVL24
 572 0242 7D030000 		.4byte	0x37d
 573 0246 50020000 		.4byte	0x250
 574 024a 0D       		.uleb128 0xd
 575 024b 01       		.uleb128 0x1
 576 024c 51       		.byte	0x51
 577 024d 01       		.uleb128 0x1
 578 024e 34       		.byte	0x34
 579 024f 00       		.byte	0
 580 0250 0B       		.uleb128 0xb
 581 0251 16000000 		.4byte	.LVL25
 582 0255 97030000 		.4byte	0x397
 583 0259 00       		.byte	0
 584 025a 0A       		.uleb128 0xa
 585 025b 12010000 		.4byte	.LASF28
 586 025f 01       		.byte	0x1
 587 0260 1D       		.byte	0x1d
 588 0261 6B000000 		.4byte	0x6b
 589 0265 05       		.uleb128 0x5
 590 0266 03       		.byte	0x3
 591 0267 00000000 		.4byte	uvDmaCh
 592 026b 0F       		.uleb128 0xf
 593 026c 77000000 		.4byte	0x77
 594 0270 7B020000 		.4byte	0x27b
 595 0274 10       		.uleb128 0x10
 596 0275 C1000000 		.4byte	0xc1
 597 0279 00       		.byte	0
 598 027a 00       		.byte	0
 599 027b 11       		.uleb128 0x11
 600 027c 09000000 		.4byte	.LASF29
 601 0280 03       		.byte	0x3
ARM GAS  C:\Users\dph5ah\AppData\Local\Temp\ccF45SPx.s 			page 15


 602 0281 65       		.byte	0x65
 603 0282 86020000 		.4byte	0x286
 604 0286 12       		.uleb128 0x12
 605 0287 6B020000 		.4byte	0x26b
 606 028b 0F       		.uleb128 0xf
 607 028c 6B000000 		.4byte	0x6b
 608 0290 9B020000 		.4byte	0x29b
 609 0294 10       		.uleb128 0x10
 610 0295 C1000000 		.4byte	0xc1
 611 0299 00       		.byte	0
 612 029a 00       		.byte	0
 613 029b 13       		.uleb128 0x13
 614 029c F4020000 		.4byte	.LASF30
 615 02a0 01       		.byte	0x1
 616 02a1 24       		.byte	0x24
 617 02a2 8B020000 		.4byte	0x28b
 618 02a6 05       		.uleb128 0x5
 619 02a7 03       		.byte	0x3
 620 02a8 00000000 		.4byte	VFD_1_UVFaultThreshold
 621 02ac 13       		.uleb128 0x13
 622 02ad 89000000 		.4byte	.LASF31
 623 02b1 01       		.byte	0x1
 624 02b2 27       		.byte	0x27
 625 02b3 BD020000 		.4byte	0x2bd
 626 02b7 05       		.uleb128 0x5
 627 02b8 03       		.byte	0x3
 628 02b9 00000000 		.4byte	VFD_1_initUVFaultThreshold
 629 02bd 12       		.uleb128 0x12
 630 02be 6B020000 		.4byte	0x26b
 631 02c2 14       		.uleb128 0x14
 632 02c3 86020000 		.4byte	.LASF36
 633 02c7 06       		.byte	0x6
 634 02c8 39       		.byte	0x39
 635 02c9 15       		.uleb128 0x15
 636 02ca A4000000 		.4byte	.LASF44
 637 02ce 05       		.byte	0x5
 638 02cf 38       		.byte	0x38
 639 02d0 6B000000 		.4byte	0x6b
 640 02d4 16       		.uleb128 0x16
 641 02d5 4B030000 		.4byte	.LASF32
 642 02d9 04       		.byte	0x4
 643 02da 1E       		.byte	0x1e
 644 02db 6B000000 		.4byte	0x6b
 645 02df F8020000 		.4byte	0x2f8
 646 02e3 17       		.uleb128 0x17
 647 02e4 6B000000 		.4byte	0x6b
 648 02e8 17       		.uleb128 0x17
 649 02e9 6B000000 		.4byte	0x6b
 650 02ed 17       		.uleb128 0x17
 651 02ee 77000000 		.4byte	0x77
 652 02f2 17       		.uleb128 0x17
 653 02f3 77000000 		.4byte	0x77
 654 02f7 00       		.byte	0
 655 02f8 16       		.uleb128 0x16
 656 02f9 CD000000 		.4byte	.LASF33
 657 02fd 05       		.byte	0x5
 658 02fe 3B       		.byte	0x3b
ARM GAS  C:\Users\dph5ah\AppData\Local\Temp\ccF45SPx.s 			page 16


 659 02ff A4000000 		.4byte	0xa4
 660 0303 1C030000 		.4byte	0x31c
 661 0307 17       		.uleb128 0x17
 662 0308 6B000000 		.4byte	0x6b
 663 030c 17       		.uleb128 0x17
 664 030d 77000000 		.4byte	0x77
 665 0311 17       		.uleb128 0x17
 666 0312 6B000000 		.4byte	0x6b
 667 0316 17       		.uleb128 0x17
 668 0317 6B000000 		.4byte	0x6b
 669 031b 00       		.byte	0
 670 031c 16       		.uleb128 0x16
 671 031d 74020000 		.4byte	.LASF34
 672 0321 05       		.byte	0x5
 673 0322 3F       		.byte	0x3f
 674 0323 A4000000 		.4byte	0xa4
 675 0327 3B030000 		.4byte	0x33b
 676 032b 17       		.uleb128 0x17
 677 032c 6B000000 		.4byte	0x6b
 678 0330 17       		.uleb128 0x17
 679 0331 77000000 		.4byte	0x77
 680 0335 17       		.uleb128 0x17
 681 0336 77000000 		.4byte	0x77
 682 033a 00       		.byte	0
 683 033b 16       		.uleb128 0x16
 684 033c 6E000000 		.4byte	.LASF35
 685 0340 05       		.byte	0x5
 686 0341 2F       		.byte	0x2f
 687 0342 A4000000 		.4byte	0xa4
 688 0346 55030000 		.4byte	0x355
 689 034a 17       		.uleb128 0x17
 690 034b 6B000000 		.4byte	0x6b
 691 034f 17       		.uleb128 0x17
 692 0350 6B000000 		.4byte	0x6b
 693 0354 00       		.byte	0
 694 0355 14       		.uleb128 0x14
 695 0356 22010000 		.4byte	.LASF37
 696 035a 06       		.byte	0x6
 697 035b 3A       		.byte	0x3a
 698 035c 16       		.uleb128 0x16
 699 035d 3E010000 		.4byte	.LASF38
 700 0361 05       		.byte	0x5
 701 0362 29       		.byte	0x29
 702 0363 A4000000 		.4byte	0xa4
 703 0367 76030000 		.4byte	0x376
 704 036b 17       		.uleb128 0x17
 705 036c 6B000000 		.4byte	0x6b
 706 0370 17       		.uleb128 0x17
 707 0371 6B000000 		.4byte	0x6b
 708 0375 00       		.byte	0
 709 0376 14       		.uleb128 0x14
 710 0377 2E000000 		.4byte	.LASF39
 711 037b 06       		.byte	0x6
 712 037c 34       		.byte	0x34
 713 037d 16       		.uleb128 0x16
 714 037e 65030000 		.4byte	.LASF40
 715 0382 05       		.byte	0x5
ARM GAS  C:\Users\dph5ah\AppData\Local\Temp\ccF45SPx.s 			page 17


 716 0383 30       		.byte	0x30
 717 0384 A4000000 		.4byte	0xa4
 718 0388 97030000 		.4byte	0x397
 719 038c 17       		.uleb128 0x17
 720 038d 6B000000 		.4byte	0x6b
 721 0391 17       		.uleb128 0x17
 722 0392 6B000000 		.4byte	0x6b
 723 0396 00       		.byte	0
 724 0397 18       		.uleb128 0x18
 725 0398 FD000000 		.4byte	.LASF45
 726 039c 05       		.byte	0x5
 727 039d 2B       		.byte	0x2b
 728 039e A4000000 		.4byte	0xa4
 729 03a2 17       		.uleb128 0x17
 730 03a3 6B000000 		.4byte	0x6b
 731 03a7 00       		.byte	0
 732 03a8 00       		.byte	0
 733              		.section	.debug_abbrev,"",%progbits
 734              	.Ldebug_abbrev0:
 735 0000 01       		.uleb128 0x1
 736 0001 11       		.uleb128 0x11
 737 0002 01       		.byte	0x1
 738 0003 25       		.uleb128 0x25
 739 0004 0E       		.uleb128 0xe
 740 0005 13       		.uleb128 0x13
 741 0006 0B       		.uleb128 0xb
 742 0007 03       		.uleb128 0x3
 743 0008 0E       		.uleb128 0xe
 744 0009 1B       		.uleb128 0x1b
 745 000a 0E       		.uleb128 0xe
 746 000b 55       		.uleb128 0x55
 747 000c 17       		.uleb128 0x17
 748 000d 11       		.uleb128 0x11
 749 000e 01       		.uleb128 0x1
 750 000f 10       		.uleb128 0x10
 751 0010 17       		.uleb128 0x17
 752 0011 00       		.byte	0
 753 0012 00       		.byte	0
 754 0013 02       		.uleb128 0x2
 755 0014 24       		.uleb128 0x24
 756 0015 00       		.byte	0
 757 0016 0B       		.uleb128 0xb
 758 0017 0B       		.uleb128 0xb
 759 0018 3E       		.uleb128 0x3e
 760 0019 0B       		.uleb128 0xb
 761 001a 03       		.uleb128 0x3
 762 001b 0E       		.uleb128 0xe
 763 001c 00       		.byte	0
 764 001d 00       		.byte	0
 765 001e 03       		.uleb128 0x3
 766 001f 24       		.uleb128 0x24
 767 0020 00       		.byte	0
 768 0021 0B       		.uleb128 0xb
 769 0022 0B       		.uleb128 0xb
 770 0023 3E       		.uleb128 0x3e
 771 0024 0B       		.uleb128 0xb
 772 0025 03       		.uleb128 0x3
ARM GAS  C:\Users\dph5ah\AppData\Local\Temp\ccF45SPx.s 			page 18


 773 0026 08       		.uleb128 0x8
 774 0027 00       		.byte	0
 775 0028 00       		.byte	0
 776 0029 04       		.uleb128 0x4
 777 002a 16       		.uleb128 0x16
 778 002b 00       		.byte	0
 779 002c 03       		.uleb128 0x3
 780 002d 0E       		.uleb128 0xe
 781 002e 3A       		.uleb128 0x3a
 782 002f 0B       		.uleb128 0xb
 783 0030 3B       		.uleb128 0x3b
 784 0031 05       		.uleb128 0x5
 785 0032 49       		.uleb128 0x49
 786 0033 13       		.uleb128 0x13
 787 0034 00       		.byte	0
 788 0035 00       		.byte	0
 789 0036 05       		.uleb128 0x5
 790 0037 35       		.uleb128 0x35
 791 0038 00       		.byte	0
 792 0039 49       		.uleb128 0x49
 793 003a 13       		.uleb128 0x13
 794 003b 00       		.byte	0
 795 003c 00       		.byte	0
 796 003d 06       		.uleb128 0x6
 797 003e 2E       		.uleb128 0x2e
 798 003f 01       		.byte	0x1
 799 0040 3F       		.uleb128 0x3f
 800 0041 19       		.uleb128 0x19
 801 0042 03       		.uleb128 0x3
 802 0043 0E       		.uleb128 0xe
 803 0044 3A       		.uleb128 0x3a
 804 0045 0B       		.uleb128 0xb
 805 0046 3B       		.uleb128 0x3b
 806 0047 0B       		.uleb128 0xb
 807 0048 27       		.uleb128 0x27
 808 0049 19       		.uleb128 0x19
 809 004a 49       		.uleb128 0x49
 810 004b 13       		.uleb128 0x13
 811 004c 11       		.uleb128 0x11
 812 004d 01       		.uleb128 0x1
 813 004e 12       		.uleb128 0x12
 814 004f 06       		.uleb128 0x6
 815 0050 40       		.uleb128 0x40
 816 0051 18       		.uleb128 0x18
 817 0052 9742     		.uleb128 0x2117
 818 0054 19       		.uleb128 0x19
 819 0055 01       		.uleb128 0x1
 820 0056 13       		.uleb128 0x13
 821 0057 00       		.byte	0
 822 0058 00       		.byte	0
 823 0059 07       		.uleb128 0x7
 824 005a 05       		.uleb128 0x5
 825 005b 00       		.byte	0
 826 005c 03       		.uleb128 0x3
 827 005d 0E       		.uleb128 0xe
 828 005e 3A       		.uleb128 0x3a
 829 005f 0B       		.uleb128 0xb
ARM GAS  C:\Users\dph5ah\AppData\Local\Temp\ccF45SPx.s 			page 19


 830 0060 3B       		.uleb128 0x3b
 831 0061 0B       		.uleb128 0xb
 832 0062 49       		.uleb128 0x49
 833 0063 13       		.uleb128 0x13
 834 0064 02       		.uleb128 0x2
 835 0065 17       		.uleb128 0x17
 836 0066 00       		.byte	0
 837 0067 00       		.byte	0
 838 0068 08       		.uleb128 0x8
 839 0069 34       		.uleb128 0x34
 840 006a 00       		.byte	0
 841 006b 03       		.uleb128 0x3
 842 006c 0E       		.uleb128 0xe
 843 006d 3A       		.uleb128 0x3a
 844 006e 0B       		.uleb128 0xb
 845 006f 3B       		.uleb128 0x3b
 846 0070 0B       		.uleb128 0xb
 847 0071 49       		.uleb128 0x49
 848 0072 13       		.uleb128 0x13
 849 0073 02       		.uleb128 0x2
 850 0074 17       		.uleb128 0x17
 851 0075 00       		.byte	0
 852 0076 00       		.byte	0
 853 0077 09       		.uleb128 0x9
 854 0078 2E       		.uleb128 0x2e
 855 0079 01       		.byte	0x1
 856 007a 3F       		.uleb128 0x3f
 857 007b 19       		.uleb128 0x19
 858 007c 03       		.uleb128 0x3
 859 007d 0E       		.uleb128 0xe
 860 007e 3A       		.uleb128 0x3a
 861 007f 0B       		.uleb128 0xb
 862 0080 3B       		.uleb128 0x3b
 863 0081 0B       		.uleb128 0xb
 864 0082 27       		.uleb128 0x27
 865 0083 19       		.uleb128 0x19
 866 0084 11       		.uleb128 0x11
 867 0085 01       		.uleb128 0x1
 868 0086 12       		.uleb128 0x12
 869 0087 06       		.uleb128 0x6
 870 0088 40       		.uleb128 0x40
 871 0089 18       		.uleb128 0x18
 872 008a 9742     		.uleb128 0x2117
 873 008c 19       		.uleb128 0x19
 874 008d 01       		.uleb128 0x1
 875 008e 13       		.uleb128 0x13
 876 008f 00       		.byte	0
 877 0090 00       		.byte	0
 878 0091 0A       		.uleb128 0xa
 879 0092 34       		.uleb128 0x34
 880 0093 00       		.byte	0
 881 0094 03       		.uleb128 0x3
 882 0095 0E       		.uleb128 0xe
 883 0096 3A       		.uleb128 0x3a
 884 0097 0B       		.uleb128 0xb
 885 0098 3B       		.uleb128 0x3b
 886 0099 0B       		.uleb128 0xb
ARM GAS  C:\Users\dph5ah\AppData\Local\Temp\ccF45SPx.s 			page 20


 887 009a 49       		.uleb128 0x49
 888 009b 13       		.uleb128 0x13
 889 009c 02       		.uleb128 0x2
 890 009d 18       		.uleb128 0x18
 891 009e 00       		.byte	0
 892 009f 00       		.byte	0
 893 00a0 0B       		.uleb128 0xb
 894 00a1 898201   		.uleb128 0x4109
 895 00a4 00       		.byte	0
 896 00a5 11       		.uleb128 0x11
 897 00a6 01       		.uleb128 0x1
 898 00a7 31       		.uleb128 0x31
 899 00a8 13       		.uleb128 0x13
 900 00a9 00       		.byte	0
 901 00aa 00       		.byte	0
 902 00ab 0C       		.uleb128 0xc
 903 00ac 898201   		.uleb128 0x4109
 904 00af 01       		.byte	0x1
 905 00b0 11       		.uleb128 0x11
 906 00b1 01       		.uleb128 0x1
 907 00b2 31       		.uleb128 0x31
 908 00b3 13       		.uleb128 0x13
 909 00b4 01       		.uleb128 0x1
 910 00b5 13       		.uleb128 0x13
 911 00b6 00       		.byte	0
 912 00b7 00       		.byte	0
 913 00b8 0D       		.uleb128 0xd
 914 00b9 8A8201   		.uleb128 0x410a
 915 00bc 00       		.byte	0
 916 00bd 02       		.uleb128 0x2
 917 00be 18       		.uleb128 0x18
 918 00bf 9142     		.uleb128 0x2111
 919 00c1 18       		.uleb128 0x18
 920 00c2 00       		.byte	0
 921 00c3 00       		.byte	0
 922 00c4 0E       		.uleb128 0xe
 923 00c5 898201   		.uleb128 0x4109
 924 00c8 01       		.byte	0x1
 925 00c9 11       		.uleb128 0x11
 926 00ca 01       		.uleb128 0x1
 927 00cb 31       		.uleb128 0x31
 928 00cc 13       		.uleb128 0x13
 929 00cd 00       		.byte	0
 930 00ce 00       		.byte	0
 931 00cf 0F       		.uleb128 0xf
 932 00d0 01       		.uleb128 0x1
 933 00d1 01       		.byte	0x1
 934 00d2 49       		.uleb128 0x49
 935 00d3 13       		.uleb128 0x13
 936 00d4 01       		.uleb128 0x1
 937 00d5 13       		.uleb128 0x13
 938 00d6 00       		.byte	0
 939 00d7 00       		.byte	0
 940 00d8 10       		.uleb128 0x10
 941 00d9 21       		.uleb128 0x21
 942 00da 00       		.byte	0
 943 00db 49       		.uleb128 0x49
ARM GAS  C:\Users\dph5ah\AppData\Local\Temp\ccF45SPx.s 			page 21


 944 00dc 13       		.uleb128 0x13
 945 00dd 2F       		.uleb128 0x2f
 946 00de 0B       		.uleb128 0xb
 947 00df 00       		.byte	0
 948 00e0 00       		.byte	0
 949 00e1 11       		.uleb128 0x11
 950 00e2 34       		.uleb128 0x34
 951 00e3 00       		.byte	0
 952 00e4 03       		.uleb128 0x3
 953 00e5 0E       		.uleb128 0xe
 954 00e6 3A       		.uleb128 0x3a
 955 00e7 0B       		.uleb128 0xb
 956 00e8 3B       		.uleb128 0x3b
 957 00e9 0B       		.uleb128 0xb
 958 00ea 49       		.uleb128 0x49
 959 00eb 13       		.uleb128 0x13
 960 00ec 3F       		.uleb128 0x3f
 961 00ed 19       		.uleb128 0x19
 962 00ee 3C       		.uleb128 0x3c
 963 00ef 19       		.uleb128 0x19
 964 00f0 00       		.byte	0
 965 00f1 00       		.byte	0
 966 00f2 12       		.uleb128 0x12
 967 00f3 26       		.uleb128 0x26
 968 00f4 00       		.byte	0
 969 00f5 49       		.uleb128 0x49
 970 00f6 13       		.uleb128 0x13
 971 00f7 00       		.byte	0
 972 00f8 00       		.byte	0
 973 00f9 13       		.uleb128 0x13
 974 00fa 34       		.uleb128 0x34
 975 00fb 00       		.byte	0
 976 00fc 03       		.uleb128 0x3
 977 00fd 0E       		.uleb128 0xe
 978 00fe 3A       		.uleb128 0x3a
 979 00ff 0B       		.uleb128 0xb
 980 0100 3B       		.uleb128 0x3b
 981 0101 0B       		.uleb128 0xb
 982 0102 49       		.uleb128 0x49
 983 0103 13       		.uleb128 0x13
 984 0104 3F       		.uleb128 0x3f
 985 0105 19       		.uleb128 0x19
 986 0106 02       		.uleb128 0x2
 987 0107 18       		.uleb128 0x18
 988 0108 00       		.byte	0
 989 0109 00       		.byte	0
 990 010a 14       		.uleb128 0x14
 991 010b 2E       		.uleb128 0x2e
 992 010c 00       		.byte	0
 993 010d 3F       		.uleb128 0x3f
 994 010e 19       		.uleb128 0x19
 995 010f 03       		.uleb128 0x3
 996 0110 0E       		.uleb128 0xe
 997 0111 3A       		.uleb128 0x3a
 998 0112 0B       		.uleb128 0xb
 999 0113 3B       		.uleb128 0x3b
 1000 0114 0B       		.uleb128 0xb
ARM GAS  C:\Users\dph5ah\AppData\Local\Temp\ccF45SPx.s 			page 22


 1001 0115 27       		.uleb128 0x27
 1002 0116 19       		.uleb128 0x19
 1003 0117 3C       		.uleb128 0x3c
 1004 0118 19       		.uleb128 0x19
 1005 0119 00       		.byte	0
 1006 011a 00       		.byte	0
 1007 011b 15       		.uleb128 0x15
 1008 011c 2E       		.uleb128 0x2e
 1009 011d 00       		.byte	0
 1010 011e 3F       		.uleb128 0x3f
 1011 011f 19       		.uleb128 0x19
 1012 0120 03       		.uleb128 0x3
 1013 0121 0E       		.uleb128 0xe
 1014 0122 3A       		.uleb128 0x3a
 1015 0123 0B       		.uleb128 0xb
 1016 0124 3B       		.uleb128 0x3b
 1017 0125 0B       		.uleb128 0xb
 1018 0126 27       		.uleb128 0x27
 1019 0127 19       		.uleb128 0x19
 1020 0128 49       		.uleb128 0x49
 1021 0129 13       		.uleb128 0x13
 1022 012a 3C       		.uleb128 0x3c
 1023 012b 19       		.uleb128 0x19
 1024 012c 00       		.byte	0
 1025 012d 00       		.byte	0
 1026 012e 16       		.uleb128 0x16
 1027 012f 2E       		.uleb128 0x2e
 1028 0130 01       		.byte	0x1
 1029 0131 3F       		.uleb128 0x3f
 1030 0132 19       		.uleb128 0x19
 1031 0133 03       		.uleb128 0x3
 1032 0134 0E       		.uleb128 0xe
 1033 0135 3A       		.uleb128 0x3a
 1034 0136 0B       		.uleb128 0xb
 1035 0137 3B       		.uleb128 0x3b
 1036 0138 0B       		.uleb128 0xb
 1037 0139 27       		.uleb128 0x27
 1038 013a 19       		.uleb128 0x19
 1039 013b 49       		.uleb128 0x49
 1040 013c 13       		.uleb128 0x13
 1041 013d 3C       		.uleb128 0x3c
 1042 013e 19       		.uleb128 0x19
 1043 013f 01       		.uleb128 0x1
 1044 0140 13       		.uleb128 0x13
 1045 0141 00       		.byte	0
 1046 0142 00       		.byte	0
 1047 0143 17       		.uleb128 0x17
 1048 0144 05       		.uleb128 0x5
 1049 0145 00       		.byte	0
 1050 0146 49       		.uleb128 0x49
 1051 0147 13       		.uleb128 0x13
 1052 0148 00       		.byte	0
 1053 0149 00       		.byte	0
 1054 014a 18       		.uleb128 0x18
 1055 014b 2E       		.uleb128 0x2e
 1056 014c 01       		.byte	0x1
 1057 014d 3F       		.uleb128 0x3f
ARM GAS  C:\Users\dph5ah\AppData\Local\Temp\ccF45SPx.s 			page 23


 1058 014e 19       		.uleb128 0x19
 1059 014f 03       		.uleb128 0x3
 1060 0150 0E       		.uleb128 0xe
 1061 0151 3A       		.uleb128 0x3a
 1062 0152 0B       		.uleb128 0xb
 1063 0153 3B       		.uleb128 0x3b
 1064 0154 0B       		.uleb128 0xb
 1065 0155 27       		.uleb128 0x27
 1066 0156 19       		.uleb128 0x19
 1067 0157 49       		.uleb128 0x49
 1068 0158 13       		.uleb128 0x13
 1069 0159 3C       		.uleb128 0x3c
 1070 015a 19       		.uleb128 0x19
 1071 015b 00       		.byte	0
 1072 015c 00       		.byte	0
 1073 015d 00       		.byte	0
 1074              		.section	.debug_loc,"",%progbits
 1075              	.Ldebug_loc0:
 1076              	.LLST0:
 1077 0000 00000000 		.4byte	.LVL0
 1078 0004 04000000 		.4byte	.LVL1
 1079 0008 0100     		.2byte	0x1
 1080 000a 50       		.byte	0x50
 1081 000b 04000000 		.4byte	.LVL1
 1082 000f 06000000 		.4byte	.LVL2
 1083 0013 0400     		.2byte	0x4
 1084 0015 F3       		.byte	0xf3
 1085 0016 01       		.uleb128 0x1
 1086 0017 50       		.byte	0x50
 1087 0018 9F       		.byte	0x9f
 1088 0019 06000000 		.4byte	.LVL2
 1089 001d 28000000 		.4byte	.LFE0
 1090 0021 0100     		.2byte	0x1
 1091 0023 52       		.byte	0x52
 1092 0024 00000000 		.4byte	0
 1093 0028 00000000 		.4byte	0
 1094              	.LLST1:
 1095 002c 1C000000 		.4byte	.LVL3
 1096 0030 1E000000 		.4byte	.LVL4
 1097 0034 0100     		.2byte	0x1
 1098 0036 50       		.byte	0x50
 1099 0037 1E000000 		.4byte	.LVL4
 1100 003b 28000000 		.4byte	.LFE0
 1101 003f 1700     		.2byte	0x17
 1102 0041 73       		.byte	0x73
 1103 0042 00       		.sleb128 0
 1104 0043 F7       		.byte	0xf7
 1105 0044 25       		.uleb128 0x25
 1106 0045 72       		.byte	0x72
 1107 0046 00       		.sleb128 0
 1108 0047 31       		.byte	0x31
 1109 0048 24       		.byte	0x24
 1110 0049 71       		.byte	0x71
 1111 004a 00       		.sleb128 0
 1112 004b 22       		.byte	0x22
 1113 004c 94       		.byte	0x94
 1114 004d 02       		.byte	0x2
ARM GAS  C:\Users\dph5ah\AppData\Local\Temp\ccF45SPx.s 			page 24


 1115 004e 0A       		.byte	0xa
 1116 004f FFFF     		.2byte	0xffff
 1117 0051 1A       		.byte	0x1a
 1118 0052 F7       		.byte	0xf7
 1119 0053 25       		.uleb128 0x25
 1120 0054 1B       		.byte	0x1b
 1121 0055 F7       		.byte	0xf7
 1122 0056 00       		.uleb128 0
 1123 0057 9F       		.byte	0x9f
 1124 0058 00000000 		.4byte	0
 1125 005c 00000000 		.4byte	0
 1126              	.LLST2:
 1127 0060 00000000 		.4byte	.LVL5
 1128 0064 04000000 		.4byte	.LVL6
 1129 0068 0100     		.2byte	0x1
 1130 006a 50       		.byte	0x50
 1131 006b 04000000 		.4byte	.LVL6
 1132 006f 06000000 		.4byte	.LVL7
 1133 0073 0400     		.2byte	0x4
 1134 0075 F3       		.byte	0xf3
 1135 0076 01       		.uleb128 0x1
 1136 0077 50       		.byte	0x50
 1137 0078 9F       		.byte	0x9f
 1138 0079 06000000 		.4byte	.LVL7
 1139 007d 1E000000 		.4byte	.LVL10
 1140 0081 0100     		.2byte	0x1
 1141 0083 50       		.byte	0x50
 1142 0084 20000000 		.4byte	.LVL11
 1143 0088 36000000 		.4byte	.LVL14
 1144 008c 0100     		.2byte	0x1
 1145 008e 50       		.byte	0x50
 1146 008f 00000000 		.4byte	0
 1147 0093 00000000 		.4byte	0
 1148              	.LLST3:
 1149 0097 00000000 		.4byte	.LVL5
 1150 009b 10000000 		.4byte	.LVL8
 1151 009f 0100     		.2byte	0x1
 1152 00a1 51       		.byte	0x51
 1153 00a2 10000000 		.4byte	.LVL8
 1154 00a6 48000000 		.4byte	.LFE1
 1155 00aa 0400     		.2byte	0x4
 1156 00ac F3       		.byte	0xf3
 1157 00ad 01       		.uleb128 0x1
 1158 00ae 51       		.byte	0x51
 1159 00af 9F       		.byte	0x9f
 1160 00b0 00000000 		.4byte	0
 1161 00b4 00000000 		.4byte	0
 1162              	.LLST4:
 1163 00b8 1C000000 		.4byte	.LVL9
 1164 00bc 20000000 		.4byte	.LVL11
 1165 00c0 0200     		.2byte	0x2
 1166 00c2 31       		.byte	0x31
 1167 00c3 9F       		.byte	0x9f
 1168 00c4 34000000 		.4byte	.LVL13
 1169 00c8 36000000 		.4byte	.LVL14
 1170 00cc 0200     		.2byte	0x2
 1171 00ce 30       		.byte	0x30
ARM GAS  C:\Users\dph5ah\AppData\Local\Temp\ccF45SPx.s 			page 25


 1172 00cf 9F       		.byte	0x9f
 1173 00d0 36000000 		.4byte	.LVL14
 1174 00d4 48000000 		.4byte	.LFE1
 1175 00d8 0100     		.2byte	0x1
 1176 00da 50       		.byte	0x50
 1177 00db 00000000 		.4byte	0
 1178 00df 00000000 		.4byte	0
 1179              	.LLST5:
 1180 00e3 10000000 		.4byte	.LVL8
 1181 00e7 24000000 		.4byte	.LVL12
 1182 00eb 0100     		.2byte	0x1
 1183 00ed 51       		.byte	0x51
 1184 00ee 00000000 		.4byte	0
 1185 00f2 00000000 		.4byte	0
 1186              		.section	.debug_aranges,"",%progbits
 1187 0000 3C000000 		.4byte	0x3c
 1188 0004 0200     		.2byte	0x2
 1189 0006 00000000 		.4byte	.Ldebug_info0
 1190 000a 04       		.byte	0x4
 1191 000b 00       		.byte	0
 1192 000c 0000     		.2byte	0
 1193 000e 0000     		.2byte	0
 1194 0010 00000000 		.4byte	.LFB0
 1195 0014 28000000 		.4byte	.LFE0-.LFB0
 1196 0018 00000000 		.4byte	.LFB1
 1197 001c 48000000 		.4byte	.LFE1-.LFB1
 1198 0020 00000000 		.4byte	.LFB2
 1199 0024 54000000 		.4byte	.LFE2-.LFB2
 1200 0028 00000000 		.4byte	.LFB3
 1201 002c 18000000 		.4byte	.LFE3-.LFB3
 1202 0030 00000000 		.4byte	.LFB4
 1203 0034 1C000000 		.4byte	.LFE4-.LFB4
 1204 0038 00000000 		.4byte	0
 1205 003c 00000000 		.4byte	0
 1206              		.section	.debug_ranges,"",%progbits
 1207              	.Ldebug_ranges0:
 1208 0000 00000000 		.4byte	.LFB0
 1209 0004 28000000 		.4byte	.LFE0
 1210 0008 00000000 		.4byte	.LFB1
 1211 000c 48000000 		.4byte	.LFE1
 1212 0010 00000000 		.4byte	.LFB2
 1213 0014 54000000 		.4byte	.LFE2
 1214 0018 00000000 		.4byte	.LFB3
 1215 001c 18000000 		.4byte	.LFE3
 1216 0020 00000000 		.4byte	.LFB4
 1217 0024 1C000000 		.4byte	.LFE4
 1218 0028 00000000 		.4byte	0
 1219 002c 00000000 		.4byte	0
 1220              		.section	.debug_line,"",%progbits
 1221              	.Ldebug_line0:
 1222 0000 F6000000 		.section	.debug_str,"MS",%progbits,1
 1222      02008800 
 1222      00000201 
 1222      FB0E0D00 
 1222      01010101 
 1223              	.LASF15:
 1224 0000 63797374 		.ascii	"cystatus\000"
ARM GAS  C:\Users\dph5ah\AppData\Local\Temp\ccF45SPx.s 			page 26


 1224      61747573 
 1224      00
 1225              	.LASF29:
 1226 0009 5646445F 		.ascii	"VFD_1_VoltageScale\000"
 1226      315F566F 
 1226      6C746167 
 1226      65536361 
 1226      6C6500
 1227              	.LASF26:
 1228 001c 5646445F 		.ascii	"VFD_1_UVRefEnable\000"
 1228      315F5556 
 1228      52656645 
 1228      6E61626C 
 1228      6500
 1229              	.LASF39:
 1230 002e 5646445F 		.ascii	"VFD_1_VDAC_UV_Stop\000"
 1230      315F5644 
 1230      41435F55 
 1230      565F5374 
 1230      6F7000
 1231              	.LASF27:
 1232 0041 5646445F 		.ascii	"VFD_1_UVRefStop\000"
 1232      315F5556 
 1232      52656653 
 1232      746F7000 
 1233              	.LASF22:
 1234 0051 74687265 		.ascii	"threshold\000"
 1234      73686F6C 
 1234      6400
 1235              	.LASF4:
 1236 005b 73686F72 		.ascii	"short unsigned int\000"
 1236      7420756E 
 1236      7369676E 
 1236      65642069 
 1236      6E7400
 1237              	.LASF35:
 1238 006e 4379446D 		.ascii	"CyDmaChSetInitialTd\000"
 1238      61436853 
 1238      6574496E 
 1238      69746961 
 1238      6C546400 
 1239              	.LASF23:
 1240 0082 73746174 		.ascii	"status\000"
 1240      757300
 1241              	.LASF31:
 1242 0089 5646445F 		.ascii	"VFD_1_initUVFaultThreshold\000"
 1242      315F696E 
 1242      69745556 
 1242      4661756C 
 1242      74546872 
 1243              	.LASF44:
 1244 00a4 4379446D 		.ascii	"CyDmaTdAllocate\000"
 1244      61546441 
 1244      6C6C6F63 
 1244      61746500 
 1245              	.LASF12:
 1246 00b4 666C6F61 		.ascii	"float\000"
ARM GAS  C:\Users\dph5ah\AppData\Local\Temp\ccF45SPx.s 			page 27


 1246      7400
 1247              	.LASF2:
 1248 00ba 756E7369 		.ascii	"unsigned char\000"
 1248      676E6564 
 1248      20636861 
 1248      7200
 1249              	.LASF16:
 1250 00c8 72656738 		.ascii	"reg8\000"
 1250      00
 1251              	.LASF33:
 1252 00cd 4379446D 		.ascii	"CyDmaTdSetConfiguration\000"
 1252      61546453 
 1252      6574436F 
 1252      6E666967 
 1252      75726174 
 1253              	.LASF6:
 1254 00e5 6C6F6E67 		.ascii	"long unsigned int\000"
 1254      20756E73 
 1254      69676E65 
 1254      6420696E 
 1254      7400
 1255              	.LASF9:
 1256 00f7 75696E74 		.ascii	"uint8\000"
 1256      3800
 1257              	.LASF45:
 1258 00fd 4379446D 		.ascii	"CyDmaClearPendingDrq\000"
 1258      61436C65 
 1258      61725065 
 1258      6E64696E 
 1258      67447271 
 1259              	.LASF28:
 1260 0112 7576446D 		.ascii	"uvDmaCh\000"
 1260      61436800 
 1261              	.LASF24:
 1262 011a 7576446D 		.ascii	"uvDmaTd\000"
 1262      61546400 
 1263              	.LASF37:
 1264 0122 5646445F 		.ascii	"VFD_1_VDAC_UV_Enable\000"
 1264      315F5644 
 1264      41435F55 
 1264      565F456E 
 1264      61626C65 
 1265              	.LASF13:
 1266 0137 646F7562 		.ascii	"double\000"
 1266      6C6500
 1267              	.LASF38:
 1268 013e 4379446D 		.ascii	"CyDmaChEnable\000"
 1268      61436845 
 1268      6E61626C 
 1268      6500
 1269              	.LASF10:
 1270 014c 75696E74 		.ascii	"uint16\000"
 1270      313600
 1271              	.LASF11:
 1272 0153 75696E74 		.ascii	"uint32\000"
 1272      333200
 1273              	.LASF41:
ARM GAS  C:\Users\dph5ah\AppData\Local\Temp\ccF45SPx.s 			page 28


 1274 015a 474E5520 		.ascii	"GNU C 4.9.3 20150303 (release) [ARM/embedded-4_9-br"
 1274      4320342E 
 1274      392E3320 
 1274      32303135 
 1274      30333033 
 1275 018d 616E6368 		.ascii	"anch revision 221220] -mcpu=cortex-m3 -mthumb -g -O"
 1275      20726576 
 1275      6973696F 
 1275      6E203232 
 1275      31323230 
 1276 01c0 67202D66 		.ascii	"g -ffunction-sections -ffat-lto-objects\000"
 1276      66756E63 
 1276      74696F6E 
 1276      2D736563 
 1276      74696F6E 
 1277              	.LASF0:
 1278 01e8 756E7369 		.ascii	"unsigned int\000"
 1278      676E6564 
 1278      20696E74 
 1278      00
 1279              	.LASF8:
 1280 01f5 6C6F6E67 		.ascii	"long long unsigned int\000"
 1280      206C6F6E 
 1280      6720756E 
 1280      7369676E 
 1280      65642069 
 1281              	.LASF43:
 1282 020c 433A5C55 		.ascii	"C:\\Users\\dph5ah\\Documents\\PSoC Creator\\Workspa"
 1282      73657273 
 1282      5C647068 
 1282      3561685C 
 1282      446F6375 
 1283 023a 63653031 		.ascii	"ce01\\galton board.cydsn\000"
 1283      5C67616C 
 1283      746F6E20 
 1283      626F6172 
 1283      642E6379 
 1284              	.LASF20:
 1285 0252 766F6C74 		.ascii	"voltageNum\000"
 1285      6167654E 
 1285      756D00
 1286              	.LASF17:
 1287 025d 73697A65 		.ascii	"sizetype\000"
 1287      74797065 
 1287      00
 1288              	.LASF7:
 1289 0266 6C6F6E67 		.ascii	"long long int\000"
 1289      206C6F6E 
 1289      6720696E 
 1289      7400
 1290              	.LASF34:
 1291 0274 4379446D 		.ascii	"CyDmaTdSetAddress\000"
 1291      61546453 
 1291      65744164 
 1291      64726573 
 1291      7300
 1292              	.LASF36:
ARM GAS  C:\Users\dph5ah\AppData\Local\Temp\ccF45SPx.s 			page 29


 1293 0286 5646445F 		.ascii	"VFD_1_VDAC_UV_Init\000"
 1293      315F5644 
 1293      41435F55 
 1293      565F496E 
 1293      697400
 1294              	.LASF14:
 1295 0299 63686172 		.ascii	"char\000"
 1295      00
 1296              	.LASF25:
 1297 029e 5646445F 		.ascii	"VFD_1_UVRefInit\000"
 1297      315F5556 
 1297      52656649 
 1297      6E697400 
 1298              	.LASF18:
 1299 02ae 5646445F 		.ascii	"VFD_1_GetUVFaultThreshold\000"
 1299      315F4765 
 1299      74555646 
 1299      61756C74 
 1299      54687265 
 1300              	.LASF3:
 1301 02c8 73686F72 		.ascii	"short int\000"
 1301      7420696E 
 1301      7400
 1302              	.LASF42:
 1303 02d2 47656E65 		.ascii	"Generated_Source\\PSoC5\\VFD_1_UV.c\000"
 1303      72617465 
 1303      645F536F 
 1303      75726365 
 1303      5C50536F 
 1304              	.LASF30:
 1305 02f4 5646445F 		.ascii	"VFD_1_UVFaultThreshold\000"
 1305      315F5556 
 1305      4661756C 
 1305      74546872 
 1305      6573686F 
 1306              	.LASF19:
 1307 030b 5646445F 		.ascii	"VFD_1_SetUVFaultThreshold\000"
 1307      315F5365 
 1307      74555646 
 1307      61756C74 
 1307      54687265 
 1308              	.LASF5:
 1309 0325 6C6F6E67 		.ascii	"long int\000"
 1309      20696E74 
 1309      00
 1310              	.LASF21:
 1311 032e 75764661 		.ascii	"uvFaultThreshold\000"
 1311      756C7454 
 1311      68726573 
 1311      686F6C64 
 1311      00
 1312              	.LASF1:
 1313 033f 7369676E 		.ascii	"signed char\000"
 1313      65642063 
 1313      68617200 
 1314              	.LASF32:
 1315 034b 5646445F 		.ascii	"VFD_1_UvDMA_DmaInitialize\000"
ARM GAS  C:\Users\dph5ah\AppData\Local\Temp\ccF45SPx.s 			page 30


 1315      315F5576 
 1315      444D415F 
 1315      446D6149 
 1315      6E697469 
 1316              	.LASF40:
 1317 0365 4379446D 		.ascii	"CyDmaChSetRequest\000"
 1317      61436853 
 1317      65745265 
 1317      71756573 
 1317      7400
 1318              		.ident	"GCC: (GNU Tools for ARM Embedded Processors) 4.9.3 20150303 (release) [ARM/embedded-4_9-br
