Loading plugins phase: Elapsed time ==> 0s.265ms
<CYPRESSTAG name="CyDsfit arguments...">
cydsfit arguments: -.fdsnotice -.fdswarpdepfile=warp_dependencies.txt -.fdselabdepfile=elab_dependencies.txt -.fdsbldfile=generated_files.txt -.fdsreffile=referenced_files.txt -p C:\Users\dph5ah\Documents\PSoC Creator\Workspace01\Design01.cydsn\Design01.cyprj -d CY8C5888LTI-LP097 -s C:\Users\dph5ah\Documents\PSoC Creator\Workspace01\Design01.cydsn\Generated_Source\PSoC5 -- -yv2 -q10 -ygs -o2 -v3 -.fftcfgtype=LE</CYPRESSTAG>
<CYPRESSTAG name="Design elaboration results...">
ADD: sdb.M0050: error: Terminal "clock" requires connection when it is visible.
 * C:\Users\dph5ah\Documents\PSoC Creator\Workspace01\Design01.cydsn\TopDesign\TopDesign.cysch (Signal: Net_4)
 * C:\Users\dph5ah\Documents\PSoC Creator\Workspace01\Design01.cydsn\TopDesign\TopDesign.cysch (Shape_1.11)

ADD: sdb.M0050: error: Terminal "clock" requires connection when it is visible.
 * C:\Users\dph5ah\Documents\PSoC Creator\Workspace01\Design01.cydsn\TopDesign\TopDesign.cysch (Signal: Net_15)
 * C:\Users\dph5ah\Documents\PSoC Creator\Workspace01\Design01.cydsn\TopDesign\TopDesign.cysch (Shape_2.11)

ADD: sdb.M0050: error: Terminal "clock" requires connection when it is visible.
 * C:\Users\dph5ah\Documents\PSoC Creator\Workspace01\Design01.cydsn\TopDesign\TopDesign.cysch (Signal: Net_26)
 * C:\Users\dph5ah\Documents\PSoC Creator\Workspace01\Design01.cydsn\TopDesign\TopDesign.cysch (Shape_3.11)

ADD: sdb.M0050: error: Terminal "clock" requires connection when it is visible.
 * C:\Users\dph5ah\Documents\PSoC Creator\Workspace01\Design01.cydsn\TopDesign\TopDesign.cysch (Signal: Net_37)
 * C:\Users\dph5ah\Documents\PSoC Creator\Workspace01\Design01.cydsn\TopDesign\TopDesign.cysch (Shape_4.11)

ADD: sdb.M0050: error: Terminal "clock" requires connection when it is visible.
 * C:\Users\dph5ah\Documents\PSoC Creator\Workspace01\Design01.cydsn\TopDesign\TopDesign.cysch (Signal: Net_48)
 * C:\Users\dph5ah\Documents\PSoC Creator\Workspace01\Design01.cydsn\TopDesign\TopDesign.cysch (Shape_5.11)

ADD: sdb.M0050: error: Terminal "clock" requires connection when it is visible.
 * C:\Users\dph5ah\Documents\PSoC Creator\Workspace01\Design01.cydsn\TopDesign\TopDesign.cysch (Signal: Net_59)
 * C:\Users\dph5ah\Documents\PSoC Creator\Workspace01\Design01.cydsn\TopDesign\TopDesign.cysch (Shape_6.11)

ADD: sdb.M0050: error: Terminal "clock" requires connection when it is visible.
 * C:\Users\dph5ah\Documents\PSoC Creator\Workspace01\Design01.cydsn\TopDesign\TopDesign.cysch (Signal: Net_70)
 * C:\Users\dph5ah\Documents\PSoC Creator\Workspace01\Design01.cydsn\TopDesign\TopDesign.cysch (Shape_7.11)

ADD: sdb.M0050: error: Terminal "clock" requires connection when it is visible.
 * C:\Users\dph5ah\Documents\PSoC Creator\Workspace01\Design01.cydsn\TopDesign\TopDesign.cysch (Signal: Net_81)
 * C:\Users\dph5ah\Documents\PSoC Creator\Workspace01\Design01.cydsn\TopDesign\TopDesign.cysch (Shape_8.11)

ADD: sdb.M0050: error: Terminal "clock" requires connection when it is visible.
 * C:\Users\dph5ah\Documents\PSoC Creator\Workspace01\Design01.cydsn\TopDesign\TopDesign.cysch (Signal: Net_92)
 * C:\Users\dph5ah\Documents\PSoC Creator\Workspace01\Design01.cydsn\TopDesign\TopDesign.cysch (Shape_9.11)

ADD: sdb.M0050: error: Terminal "clock" requires connection when it is visible.
 * C:\Users\dph5ah\Documents\PSoC Creator\Workspace01\Design01.cydsn\TopDesign\TopDesign.cysch (Signal: Net_103)
 * C:\Users\dph5ah\Documents\PSoC Creator\Workspace01\Design01.cydsn\TopDesign\TopDesign.cysch (Shape_10.11)

ADD: sdb.M0050: error: Terminal "clock" requires connection when it is visible.
 * C:\Users\dph5ah\Documents\PSoC Creator\Workspace01\Design01.cydsn\TopDesign\TopDesign.cysch (Signal: Net_114)
 * C:\Users\dph5ah\Documents\PSoC Creator\Workspace01\Design01.cydsn\TopDesign\TopDesign.cysch (Shape_11.11)

ADD: sdb.M0050: error: Terminal "clock" requires connection when it is visible.
 * C:\Users\dph5ah\Documents\PSoC Creator\Workspace01\Design01.cydsn\TopDesign\TopDesign.cysch (Signal: Net_125)
 * C:\Users\dph5ah\Documents\PSoC Creator\Workspace01\Design01.cydsn\TopDesign\TopDesign.cysch (Shape_12.11)

ADD: sdb.M0050: error: Terminal "clock" requires connection when it is visible.
 * C:\Users\dph5ah\Documents\PSoC Creator\Workspace01\Design01.cydsn\TopDesign\TopDesign.cysch (Signal: Net_136)
 * C:\Users\dph5ah\Documents\PSoC Creator\Workspace01\Design01.cydsn\TopDesign\TopDesign.cysch (Shape_13.11)

ADD: pft.M0074: information: A (re)build is required to use the analog device editor. Unable to load the necessary information from the cyfit file. Partial/wrong data will be displayed until this has been resolved.
 * C:\Users\dph5ah\Documents\PSoC Creator\Workspace01\Design01.cydsn\Design01.cydwr ()

</CYPRESSTAG>
Elaboration phase: Elapsed time ==> 1s.375ms
